2024-04-09 08:35:30.9472 | INFO | User profile is available. Using 'C:\Users\Administrator\AppData\Local\ASP.NET\DataProtection-Keys' as key repository and Windows DPAPI to encrypt keys at rest.
2024-04-09 08:35:31.1616 | INFO | Application started. Press Ctrl+C to shut down.
2024-04-09 08:35:31.1616 | INFO | Hosting environment: Development
2024-04-09 08:35:31.1616 | INFO | Content root path: D:\BaiduSyncdisk\webapi.net7+sqlsugar\webapi.net7.sqlsugar\webapi.net7.sqlsugar
2024-04-09 08:35:31.2110 | INFO | Request starting HTTP/2 GET https://localhost:44351/swagger - -
2024-04-09 08:35:32.0780 | INFO | Request starting HTTP/2 GET https://localhost:44351/swagger/index.html - -
2024-04-09 08:35:32.0824 | INFO | Request finished HTTP/2 GET https://localhost:44351/swagger - - - 301 - - 875.5873ms
2024-04-09 08:35:32.2299 | INFO | Request finished HTTP/2 GET https://localhost:44351/swagger/index.html - - - 200 - text/html;charset=utf-8 152.3046ms
2024-04-09 08:35:32.2299 | INFO | Request starting HTTP/2 GET https://localhost:44351/swagger/swagger-ui-bundle.js - -
2024-04-09 08:35:32.2391 | INFO | Request starting HTTP/2 GET https://localhost:44351/swagger/swagger-ui-standalone-preset.js - -
2024-04-09 08:35:32.2391 | INFO | Request starting HTTP/2 GET https://localhost:44351/_framework/aspnetcore-browser-refresh.js - -
2024-04-09 08:35:32.2391 | INFO | Request starting HTTP/2 GET https://localhost:44351/swagger/swagger-ui.css - -
2024-04-09 08:35:32.2391 | INFO | Request finished HTTP/2 GET https://localhost:44351/_framework/aspnetcore-browser-refresh.js - - - 200 13776 application/javascript;+charset=utf-8 3.8947ms
2024-04-09 08:35:32.2391 | INFO | Request starting HTTP/2 GET https://localhost:44351/_vs/browserLink - -
2024-04-09 08:35:32.2533 | INFO | Sending file. Request path: '/swagger-ui.css'. Physical path: 'N/A'
2024-04-09 08:35:32.2533 | INFO | Sending file. Request path: '/swagger-ui-standalone-preset.js'. Physical path: 'N/A'
2024-04-09 08:35:32.2765 | INFO | Request finished HTTP/2 GET https://localhost:44351/swagger/swagger-ui.css - - - 200 144929 text/css 36.9593ms
2024-04-09 08:35:32.2765 | INFO | Request finished HTTP/2 GET https://localhost:44351/swagger/swagger-ui-standalone-preset.js - - - 200 312163 text/javascript 38.4699ms
2024-04-09 08:35:32.2765 | INFO | Sending file. Request path: '/swagger-ui-bundle.js'. Physical path: 'N/A'
2024-04-09 08:35:32.3076 | INFO | Request finished HTTP/2 GET https://localhost:44351/swagger/swagger-ui-bundle.js - - - 200 1061536 text/javascript 75.3616ms
2024-04-09 08:35:32.8050 | INFO | Request finished HTTP/2 GET https://localhost:44351/_vs/browserLink - - - 200 - text/javascript;+charset=UTF-8 554.2558ms
2024-04-09 08:35:32.8484 | INFO | Request starting HTTP/2 GET https://localhost:44351/swagger/东泽房源管理接口/swagger.json - -
2024-04-09 08:35:32.8664 | INFO | Request starting HTTP/2 GET https://localhost:44351/swagger/favicon-32x32.png - -
2024-04-09 08:35:32.8664 | INFO | Sending file. Request path: '/favicon-32x32.png'. Physical path: 'N/A'
2024-04-09 08:35:32.8664 | INFO | Request finished HTTP/2 GET https://localhost:44351/swagger/favicon-32x32.png - - - 200 628 image/png 0.9803ms
2024-04-09 08:35:33.2091 | INFO | Request finished HTTP/2 GET https://localhost:44351/swagger/东泽房源管理接口/swagger.json - - - 200 - application/json;charset=utf-8 360.5743ms
2024-04-09 08:35:52.3223 | INFO | Request starting HTTP/2 POST https://localhost:44351/api/GetOAUser application/json 16
2024-04-09 08:35:52.3938 | INFO | CORS policy execution successful.
2024-04-09 08:35:52.3938 | INFO | Executing endpoint 'webapi.net7.sqlsugar.Controllers.CRMAppControlle.GetOAUser (webapi.net7.sqlsugar)'
2024-04-09 08:35:52.4196 | INFO | Route matched with {action = "GetOAUser", controller = "CRMAppControlle"}. Executing controller action with signature System.Object GetOAUser(System.Object) on controller webapi.net7.sqlsugar.Controllers.CRMAppControlle (webapi.net7.sqlsugar).
2024-04-09 08:35:52.4428 | INFO | Executing action method webapi.net7.sqlsugar.Controllers.CRMAppControlle.GetOAUser (webapi.net7.sqlsugar) - Validation state: Valid
