2024-02-09 08:11:50.2969 | INFO | User profile is available. Using 'C:\Users\Administrator\AppData\Local\ASP.NET\DataProtection-Keys' as key repository and Windows DPAPI to encrypt keys at rest.
2024-02-09 08:11:50.4733 | INFO | Now listening on: http://localhost:5149
2024-02-09 08:11:50.4733 | INFO | Application started. Press Ctrl+C to shut down.
2024-02-09 08:11:50.4733 | INFO | Hosting environment: Development
2024-02-09 08:11:50.4733 | INFO | Content root path: D:\BaiduSyncdisk\webapi.net7+sqlsugar\webapi.net7.sqlsugar\webapi.net7.sqlsugar
2024-02-09 08:11:53.0666 | INFO | Request starting HTTP/1.1 GET http://localhost:5149/swagger/index.html - -
2024-02-09 08:11:53.3825 | ERROR | An unhandled exception has occurred while executing the request.
2024-02-09 08:11:53.4541 | INFO | Request finished HTTP/1.1 GET http://localhost:5149/swagger/index.html - - - 500 - text/html;+charset=utf-8 391.8171ms
2024-02-09 08:11:53.4673 | INFO | Request starting HTTP/1.1 GET http://localhost:5149/_framework/aspnetcore-browser-refresh.js - -
2024-02-09 08:11:53.4673 | INFO | Request starting HTTP/1.1 GET http://localhost:5149/_vs/browserLink - -
2024-02-09 08:11:53.4673 | INFO | Request finished HTTP/1.1 GET http://localhost:5149/_framework/aspnetcore-browser-refresh.js - - - 200 13776 application/javascript;+charset=utf-8 3.2222ms
2024-02-09 08:11:53.6110 | INFO | Request finished HTTP/1.1 GET http://localhost:5149/_vs/browserLink - - - 200 - text/javascript;+charset=UTF-8 142.1149ms
2024-02-09 08:11:53.6320 | INFO | Request starting HTTP/1.1 GET http://localhost:5149/favicon.ico - -
2024-02-09 08:11:53.6376 | ERROR | An unhandled exception has occurred while executing the request.
2024-02-09 08:11:53.6376 | INFO | Request finished HTTP/1.1 GET http://localhost:5149/favicon.ico - - - 500 - text/plain;+charset=utf-8 9.4981ms
2024-02-09 08:12:30.7955 | INFO | User profile is available. Using 'C:\Users\Administrator\AppData\Local\ASP.NET\DataProtection-Keys' as key repository and Windows DPAPI to encrypt keys at rest.
2024-02-09 08:12:30.9081 | INFO | Now listening on: http://localhost:5149
2024-02-09 08:12:30.9081 | INFO | Application started. Press Ctrl+C to shut down.
2024-02-09 08:12:30.9081 | INFO | Hosting environment: Development
2024-02-09 08:12:30.9081 | INFO | Content root path: D:\BaiduSyncdisk\webapi.net7+sqlsugar\webapi.net7.sqlsugar\webapi.net7.sqlsugar
2024-02-09 08:12:34.1488 | INFO | Request starting HTTP/1.1 GET http://localhost:5149/swagger/index.html - -
2024-02-09 08:12:34.3908 | INFO | Request starting HTTP/1.1 GET http://localhost:5149/_framework/aspnetcore-browser-refresh.js - -
2024-02-09 08:12:34.3908 | INFO | Request finished HTTP/1.1 GET http://localhost:5149/swagger/index.html - - - 200 - text/html;charset=utf-8 246.5879ms
2024-02-09 08:12:34.3908 | INFO | Request starting HTTP/1.1 GET http://localhost:5149/_vs/browserLink - -
2024-02-09 08:12:34.3908 | INFO | Request finished HTTP/1.1 GET http://localhost:5149/_framework/aspnetcore-browser-refresh.js - - - 200 13776 application/javascript;+charset=utf-8 4.0667ms
2024-02-09 08:12:34.4440 | INFO | Request finished HTTP/1.1 GET http://localhost:5149/_vs/browserLink - - - 200 - text/javascript;+charset=UTF-8 46.5610ms
2024-02-09 08:12:34.4802 | INFO | Request starting HTTP/1.1 GET http://localhost:5149/swagger/东泽房源管理接口/swagger.json - -
2024-02-09 08:12:34.7093 | INFO | Request finished HTTP/1.1 GET http://localhost:5149/swagger/东泽房源管理接口/swagger.json - - - 200 - application/json;charset=utf-8 229.2479ms
2024-02-09 08:12:37.9016 | INFO | Request starting HTTP/1.1 GET http://localhost:5149/swagger/文件上传接口/swagger.json - -
2024-02-09 08:12:37.9357 | INFO | Request finished HTTP/1.1 GET http://localhost:5149/swagger/文件上传接口/swagger.json - - - 200 - application/json;charset=utf-8 34.3497ms
2024-02-09 08:12:40.8879 | INFO | Request starting HTTP/1.1 POST http://localhost:5149/api/UploadFile multipart/form-data;+boundary=----WebKitFormBoundaryABI7kw5ISlUjLqZ8 44
2024-02-09 08:12:40.8879 | WARN | Failed to determine the https port for redirect.
2024-02-09 08:12:41.0041 | INFO | CORS policy execution successful.
2024-02-09 08:12:41.1020 | INFO | Executing endpoint 'webapi.net7.sqlsugar.Controllers.FileController.UploadFile (webapi.net7.sqlsugar)'
2024-02-09 08:12:41.1423 | INFO | Route matched with {action = "UploadFile", controller = "File"}. Executing controller action with signature Microsoft.AspNetCore.Mvc.JsonResult UploadFile(Microsoft.AspNetCore.Http.IFormCollection) on controller webapi.net7.sqlsugar.Controllers.FileController (webapi.net7.sqlsugar).
2024-02-09 08:12:41.1747 | INFO | Executing action method webapi.net7.sqlsugar.Controllers.FileController.UploadFile (webapi.net7.sqlsugar) - Validation state: Valid
2024-02-09 08:12:41.1747 | INFO | Executed action method webapi.net7.sqlsugar.Controllers.FileController.UploadFile (webapi.net7.sqlsugar), returned result Microsoft.AspNetCore.Mvc.JsonResult in 0.5892ms.
2024-02-09 08:12:41.1853 | INFO | Executing JsonResult, writing value of type '<>f__AnonymousType7`3[[System.Boolean, System.Private.CoreLib, Version=7.0.0.0, Culture=neutral, PublicKeyToken=7cec85d7bea7798e],[System.String, System.Private.CoreLib, Version=7.0.0.0, Culture=neutral, PublicKeyToken=7cec85d7bea7798e],[System.String, System.Private.CoreLib, Version=7.0.0.0, Culture=neutral, PublicKeyToken=7cec85d7bea7798e]]'.
2024-02-09 08:12:41.1853 | INFO | Executed action webapi.net7.sqlsugar.Controllers.FileController.UploadFile (webapi.net7.sqlsugar) in 51.8331ms
2024-02-09 08:12:41.1853 | INFO | Executed endpoint 'webapi.net7.sqlsugar.Controllers.FileController.UploadFile (webapi.net7.sqlsugar)'
2024-02-09 08:12:41.7924 | ERROR | An unhandled exception has occurred while executing the request.
2024-02-09 08:12:41.7950 | WARN | The response has already started, the error page middleware will not be executed.
2024-02-09 08:12:41.8145 | ERROR | Connection id "0HN190F7DK74S", Request id "0HN190F7DK74S:00000005": An unhandled exception was thrown by the application.
2024-02-09 08:12:41.8145 | INFO | Request finished HTTP/1.1 POST http://localhost:5149/api/UploadFile multipart/form-data;+boundary=----WebKitFormBoundaryABI7kw5ISlUjLqZ8 44 - 200 - application/json;+charset=utf-8 927.0535ms
2024-02-09 08:14:22.5170 | INFO | User profile is available. Using 'C:\Users\Administrator\AppData\Local\ASP.NET\DataProtection-Keys' as key repository and Windows DPAPI to encrypt keys at rest.
2024-02-09 08:14:22.6192 | INFO | Now listening on: http://localhost:5149
2024-02-09 08:14:22.6192 | INFO | Application started. Press Ctrl+C to shut down.
2024-02-09 08:14:22.6228 | INFO | Hosting environment: Development
2024-02-09 08:14:22.6228 | INFO | Content root path: D:\BaiduSyncdisk\webapi.net7+sqlsugar\webapi.net7.sqlsugar\webapi.net7.sqlsugar
2024-02-09 08:14:26.1929 | INFO | Request starting HTTP/1.1 GET http://localhost:5149/swagger/index.html - -
2024-02-09 08:14:26.3278 | ERROR | An unhandled exception has occurred while executing the request.
2024-02-09 08:14:26.3581 | INFO | Request finished HTTP/1.1 GET http://localhost:5149/swagger/index.html - - - 500 - text/html;+charset=utf-8 166.6079ms
2024-02-09 08:14:26.3581 | INFO | Request starting HTTP/1.1 GET http://localhost:5149/_framework/aspnetcore-browser-refresh.js - -
2024-02-09 08:14:26.3581 | INFO | Request starting HTTP/1.1 GET http://localhost:5149/_vs/browserLink - -
2024-02-09 08:14:26.3581 | INFO | Request finished HTTP/1.1 GET http://localhost:5149/_framework/aspnetcore-browser-refresh.js - - - 200 13776 application/javascript;+charset=utf-8 1.6479ms
2024-02-09 08:14:26.3994 | INFO | Request finished HTTP/1.1 GET http://localhost:5149/_vs/browserLink - - - 200 - text/javascript;+charset=UTF-8 34.2768ms
2024-02-09 08:14:26.4614 | INFO | Request starting HTTP/1.1 GET http://localhost:5149/favicon.ico - -
2024-02-09 08:14:26.4614 | ERROR | An unhandled exception has occurred while executing the request.
2024-02-09 08:14:26.4673 | INFO | Request finished HTTP/1.1 GET http://localhost:5149/favicon.ico - - - 500 - text/plain;+charset=utf-8 6.0901ms
2024-02-09 08:16:39.5930 | INFO | User profile is available. Using 'C:\Users\Administrator\AppData\Local\ASP.NET\DataProtection-Keys' as key repository and Windows DPAPI to encrypt keys at rest.
2024-02-09 08:16:39.6973 | INFO | Now listening on: http://localhost:5149
2024-02-09 08:16:39.7004 | INFO | Application started. Press Ctrl+C to shut down.
2024-02-09 08:16:39.7004 | INFO | Hosting environment: Development
2024-02-09 08:16:39.7004 | INFO | Content root path: D:\BaiduSyncdisk\webapi.net7+sqlsugar\webapi.net7.sqlsugar\webapi.net7.sqlsugar
2024-02-09 08:16:43.4034 | INFO | Request starting HTTP/1.1 GET http://localhost:5149/swagger/index.html - -
2024-02-09 08:16:43.6192 | INFO | Request finished HTTP/1.1 GET http://localhost:5149/swagger/index.html - - - 200 - text/html;charset=utf-8 218.7422ms
2024-02-09 08:16:43.6302 | INFO | Request starting HTTP/1.1 GET http://localhost:5149/_vs/browserLink - -
2024-02-09 08:16:43.6302 | INFO | Request starting HTTP/1.1 GET http://localhost:5149/_framework/aspnetcore-browser-refresh.js - -
2024-02-09 08:16:43.6302 | INFO | Request finished HTTP/1.1 GET http://localhost:5149/_framework/aspnetcore-browser-refresh.js - - - 200 13776 application/javascript;+charset=utf-8 2.0567ms
2024-02-09 08:16:43.6744 | INFO | Request finished HTTP/1.1 GET http://localhost:5149/_vs/browserLink - - - 200 - text/javascript;+charset=UTF-8 44.3171ms
2024-02-09 08:16:43.7148 | INFO | Request starting HTTP/1.1 GET http://localhost:5149/swagger/东泽房源管理接口/swagger.json - -
2024-02-09 08:16:43.9814 | INFO | Request finished HTTP/1.1 GET http://localhost:5149/swagger/东泽房源管理接口/swagger.json - - - 200 - application/json;charset=utf-8 266.8469ms
2024-02-09 08:16:48.3783 | INFO | Request starting HTTP/1.1 GET http://localhost:5149/swagger/文件上传接口/swagger.json - -
2024-02-09 08:16:48.4136 | INFO | Request finished HTTP/1.1 GET http://localhost:5149/swagger/文件上传接口/swagger.json - - - 200 - application/json;charset=utf-8 34.8602ms
2024-02-09 08:17:05.9959 | INFO | Request starting HTTP/1.1 POST http://localhost:5149/api/UploadFile multipart/form-data;+boundary=----WebKitFormBoundaryp3rPXUWPpZc1UNOj 310990
2024-02-09 08:17:05.9979 | WARN | Failed to determine the https port for redirect.
2024-02-09 08:17:06.0691 | INFO | CORS policy execution successful.
2024-02-09 08:17:06.1936 | INFO | Executing endpoint 'webapi.net7.sqlsugar.Controllers.FileController.UploadFile (webapi.net7.sqlsugar)'
2024-02-09 08:17:06.2238 | INFO | Route matched with {action = "UploadFile", controller = "File"}. Executing controller action with signature Microsoft.AspNetCore.Mvc.JsonResult UploadFile(Microsoft.AspNetCore.Http.IFormCollection) on controller webapi.net7.sqlsugar.Controllers.FileController (webapi.net7.sqlsugar).
2024-02-09 08:17:06.2653 | INFO | Executing action method webapi.net7.sqlsugar.Controllers.FileController.UploadFile (webapi.net7.sqlsugar) - Validation state: Valid
2024-02-09 08:17:06.2653 | INFO | Executed action method webapi.net7.sqlsugar.Controllers.FileController.UploadFile (webapi.net7.sqlsugar), returned result Microsoft.AspNetCore.Mvc.JsonResult in 0.757ms.
2024-02-09 08:17:06.2653 | INFO | Executing JsonResult, writing value of type '<>f__AnonymousType7`3[[System.Boolean, System.Private.CoreLib, Version=7.0.0.0, Culture=neutral, PublicKeyToken=7cec85d7bea7798e],[System.String, System.Private.CoreLib, Version=7.0.0.0, Culture=neutral, PublicKeyToken=7cec85d7bea7798e],[System.String, System.Private.CoreLib, Version=7.0.0.0, Culture=neutral, PublicKeyToken=7cec85d7bea7798e]]'.
2024-02-09 08:17:06.2838 | INFO | Executed action webapi.net7.sqlsugar.Controllers.FileController.UploadFile (webapi.net7.sqlsugar) in 59.9809ms
2024-02-09 08:17:06.2838 | INFO | Executed endpoint 'webapi.net7.sqlsugar.Controllers.FileController.UploadFile (webapi.net7.sqlsugar)'
2024-02-09 08:17:06.7211 | ERROR | An unhandled exception has occurred while executing the request.
2024-02-09 08:17:06.7211 | WARN | The response has already started, the error page middleware will not be executed.
2024-02-09 08:17:06.7418 | ERROR | Connection id "0HN190HHJOLVV", Request id "0HN190HHJOLVV:00000002": An unhandled exception was thrown by the application.
2024-02-09 08:17:06.7418 | INFO | Request finished HTTP/1.1 POST http://localhost:5149/api/UploadFile multipart/form-data;+boundary=----WebKitFormBoundaryp3rPXUWPpZc1UNOj 310990 - 200 - application/json;+charset=utf-8 747.9701ms
2024-02-09 08:17:47.4991 | INFO | Request starting HTTP/1.1 GET http://localhost:5149/swagger/index.html?urls.primaryName=%E3%80%90%E6%96%87%E4%BB%B6%E4%B8%8A%E4%BC%A0%E6%8E%A5%E5%8F%A3%E3%80%91%E6%8E%A5%E5%8F%A3 - -
2024-02-09 08:17:47.5159 | INFO | Request finished HTTP/1.1 GET http://localhost:5149/swagger/index.html?urls.primaryName=%E3%80%90%E6%96%87%E4%BB%B6%E4%B8%8A%E4%BC%A0%E6%8E%A5%E5%8F%A3%E3%80%91%E6%8E%A5%E5%8F%A3 - - - 200 - text/html;charset=utf-8 16.0819ms
2024-02-09 08:17:47.5319 | INFO | Request starting HTTP/1.1 GET http://localhost:5149/_framework/aspnetcore-browser-refresh.js - -
2024-02-09 08:17:47.5319 | INFO | Request starting HTTP/1.1 GET http://localhost:5149/_vs/browserLink - -
2024-02-09 08:17:47.5319 | INFO | Request finished HTTP/1.1 GET http://localhost:5149/_framework/aspnetcore-browser-refresh.js - - - 200 13776 application/javascript;+charset=utf-8 0.4512ms
2024-02-09 08:17:47.5507 | INFO | Request finished HTTP/1.1 GET http://localhost:5149/_vs/browserLink - - - 200 - text/javascript;+charset=UTF-8 18.8079ms
2024-02-09 08:17:47.6003 | INFO | Request starting HTTP/1.1 GET http://localhost:5149/swagger/文件上传接口/swagger.json - -
2024-02-09 08:17:47.6003 | INFO | Request finished HTTP/1.1 GET http://localhost:5149/swagger/文件上传接口/swagger.json - - - 200 - application/json;charset=utf-8 3.9956ms
2024-02-09 08:17:55.0345 | INFO | Request starting HTTP/1.1 POST http://localhost:5149/api/UploadFile multipart/form-data;+boundary=----WebKitFormBoundary6ldsOYwx9C5PdgK2 21130
2024-02-09 08:17:55.0345 | INFO | CORS policy execution successful.
2024-02-09 08:17:55.0445 | INFO | Executing endpoint 'webapi.net7.sqlsugar.Controllers.FileController.UploadFile (webapi.net7.sqlsugar)'
2024-02-09 08:17:55.0445 | INFO | Route matched with {action = "UploadFile", controller = "File"}. Executing controller action with signature Microsoft.AspNetCore.Mvc.JsonResult UploadFile(Microsoft.AspNetCore.Http.IFormCollection) on controller webapi.net7.sqlsugar.Controllers.FileController (webapi.net7.sqlsugar).
2024-02-09 08:17:55.0445 | INFO | Executing action method webapi.net7.sqlsugar.Controllers.FileController.UploadFile (webapi.net7.sqlsugar) - Validation state: Valid
2024-02-09 08:17:55.0445 | INFO | Executed action method webapi.net7.sqlsugar.Controllers.FileController.UploadFile (webapi.net7.sqlsugar), returned result Microsoft.AspNetCore.Mvc.JsonResult in 0.0289ms.
2024-02-09 08:17:55.0445 | INFO | Executing JsonResult, writing value of type '<>f__AnonymousType7`3[[System.Boolean, System.Private.CoreLib, Version=7.0.0.0, Culture=neutral, PublicKeyToken=7cec85d7bea7798e],[System.String, System.Private.CoreLib, Version=7.0.0.0, Culture=neutral, PublicKeyToken=7cec85d7bea7798e],[System.String, System.Private.CoreLib, Version=7.0.0.0, Culture=neutral, PublicKeyToken=7cec85d7bea7798e]]'.
2024-02-09 08:17:55.0445 | INFO | Executed action webapi.net7.sqlsugar.Controllers.FileController.UploadFile (webapi.net7.sqlsugar) in 2.3664ms
2024-02-09 08:17:55.0445 | INFO | Executed endpoint 'webapi.net7.sqlsugar.Controllers.FileController.UploadFile (webapi.net7.sqlsugar)'
2024-02-09 08:17:55.1177 | ERROR | An unhandled exception has occurred while executing the request.
2024-02-09 08:17:55.1177 | WARN | The response has already started, the error page middleware will not be executed.
2024-02-09 08:17:55.1242 | ERROR | Connection id "0HN190HHJOM01", Request id "0HN190HHJOM01:00000003": An unhandled exception was thrown by the application.
2024-02-09 08:17:55.1242 | INFO | Request finished HTTP/1.1 POST http://localhost:5149/api/UploadFile multipart/form-data;+boundary=----WebKitFormBoundary6ldsOYwx9C5PdgK2 21130 - 200 - application/json;+charset=utf-8 89.8348ms
2024-02-09 08:18:06.6847 | INFO | Request starting HTTP/1.1 POST http://localhost:5149/api/UploadFile multipart/form-data;+boundary=----WebKitFormBoundaryTMf9kcej0l25mSMo 310990
2024-02-09 08:18:06.6847 | INFO | CORS policy execution successful.
2024-02-09 08:18:06.7056 | INFO | Executing endpoint 'webapi.net7.sqlsugar.Controllers.FileController.UploadFile (webapi.net7.sqlsugar)'
2024-02-09 08:18:06.7056 | INFO | Route matched with {action = "UploadFile", controller = "File"}. Executing controller action with signature Microsoft.AspNetCore.Mvc.JsonResult UploadFile(Microsoft.AspNetCore.Http.IFormCollection) on controller webapi.net7.sqlsugar.Controllers.FileController (webapi.net7.sqlsugar).
2024-02-09 08:18:06.7228 | INFO | Executing action method webapi.net7.sqlsugar.Controllers.FileController.UploadFile (webapi.net7.sqlsugar) - Validation state: Valid
2024-02-09 08:18:06.7228 | INFO | Executed action method webapi.net7.sqlsugar.Controllers.FileController.UploadFile (webapi.net7.sqlsugar), returned result Microsoft.AspNetCore.Mvc.JsonResult in 0.0041ms.
2024-02-09 08:18:06.7228 | INFO | Executing JsonResult, writing value of type '<>f__AnonymousType7`3[[System.Boolean, System.Private.CoreLib, Version=7.0.0.0, Culture=neutral, PublicKeyToken=7cec85d7bea7798e],[System.String, System.Private.CoreLib, Version=7.0.0.0, Culture=neutral, PublicKeyToken=7cec85d7bea7798e],[System.String, System.Private.CoreLib, Version=7.0.0.0, Culture=neutral, PublicKeyToken=7cec85d7bea7798e]]'.
2024-02-09 08:18:06.7228 | INFO | Executed action webapi.net7.sqlsugar.Controllers.FileController.UploadFile (webapi.net7.sqlsugar) in 7.7736ms
2024-02-09 08:18:06.7228 | INFO | Executed endpoint 'webapi.net7.sqlsugar.Controllers.FileController.UploadFile (webapi.net7.sqlsugar)'
2024-02-09 08:18:06.7752 | ERROR | An unhandled exception has occurred while executing the request.
2024-02-09 08:18:06.7752 | WARN | The response has already started, the error page middleware will not be executed.
2024-02-09 08:18:06.7800 | ERROR | Connection id "0HN190HHJOM00", Request id "0HN190HHJOM00:00000003": An unhandled exception was thrown by the application.
2024-02-09 08:18:06.7800 | INFO | Request finished HTTP/1.1 POST http://localhost:5149/api/UploadFile multipart/form-data;+boundary=----WebKitFormBoundaryTMf9kcej0l25mSMo 310990 - 200 - application/json;+charset=utf-8 95.5816ms
2024-02-09 08:18:42.2302 | INFO | User profile is available. Using 'C:\Users\Administrator\AppData\Local\ASP.NET\DataProtection-Keys' as key repository and Windows DPAPI to encrypt keys at rest.
2024-02-09 08:18:42.3675 | INFO | Now listening on: http://localhost:5149
2024-02-09 08:18:42.3675 | INFO | Application started. Press Ctrl+C to shut down.
2024-02-09 08:18:42.3675 | INFO | Hosting environment: Development
2024-02-09 08:18:42.3730 | INFO | Content root path: D:\BaiduSyncdisk\webapi.net7+sqlsugar\webapi.net7.sqlsugar\webapi.net7.sqlsugar
2024-02-09 08:18:45.6229 | INFO | Request starting HTTP/1.1 GET http://localhost:5149/swagger/index.html - -
2024-02-09 08:18:45.8644 | INFO | Request finished HTTP/1.1 GET http://localhost:5149/swagger/index.html - - - 200 - text/html;charset=utf-8 244.4443ms
2024-02-09 08:18:45.8644 | INFO | Request starting HTTP/1.1 GET http://localhost:5149/_vs/browserLink - -
2024-02-09 08:18:45.8644 | INFO | Request starting HTTP/1.1 GET http://localhost:5149/_framework/aspnetcore-browser-refresh.js - -
2024-02-09 08:18:45.8644 | INFO | Request finished HTTP/1.1 GET http://localhost:5149/_framework/aspnetcore-browser-refresh.js - - - 200 13776 application/javascript;+charset=utf-8 1.7828ms
2024-02-09 08:18:45.9105 | INFO | Request finished HTTP/1.1 GET http://localhost:5149/_vs/browserLink - - - 200 - text/javascript;+charset=UTF-8 42.1338ms
2024-02-09 08:18:45.9477 | INFO | Request starting HTTP/1.1 GET http://localhost:5149/swagger/东泽房源管理接口/swagger.json - -
2024-02-09 08:18:46.1742 | INFO | Request finished HTTP/1.1 GET http://localhost:5149/swagger/东泽房源管理接口/swagger.json - - - 200 - application/json;charset=utf-8 226.5502ms
2024-02-09 08:18:48.4063 | INFO | Request starting HTTP/1.1 GET http://localhost:5149/swagger/文件上传接口/swagger.json - -
2024-02-09 08:18:48.4411 | INFO | Request finished HTTP/1.1 GET http://localhost:5149/swagger/文件上传接口/swagger.json - - - 200 - application/json;charset=utf-8 34.8634ms
2024-02-09 08:18:56.6428 | INFO | Request starting HTTP/1.1 POST http://localhost:5149/api/UploadFile multipart/form-data;+boundary=----WebKitFormBoundaryZkdn7lnWEy2v33zo 310990
2024-02-09 08:18:56.6653 | WARN | Failed to determine the https port for redirect.
2024-02-09 08:18:56.7180 | INFO | CORS policy execution successful.
2024-02-09 08:18:56.7180 | INFO | Executing endpoint 'webapi.net7.sqlsugar.Controllers.FileController.UploadFile (webapi.net7.sqlsugar)'
2024-02-09 08:18:56.7361 | INFO | Route matched with {action = "UploadFile", controller = "File"}. Executing controller action with signature Microsoft.AspNetCore.Mvc.JsonResult UploadFile(Microsoft.AspNetCore.Http.IFormCollection) on controller webapi.net7.sqlsugar.Controllers.FileController (webapi.net7.sqlsugar).
2024-02-09 08:18:56.7796 | INFO | Executing action method webapi.net7.sqlsugar.Controllers.FileController.UploadFile (webapi.net7.sqlsugar) - Validation state: Valid
2024-02-09 08:18:56.7796 | INFO | Executed action method webapi.net7.sqlsugar.Controllers.FileController.UploadFile (webapi.net7.sqlsugar), returned result Microsoft.AspNetCore.Mvc.JsonResult in 1.0035ms.
2024-02-09 08:18:56.7796 | INFO | Executing JsonResult, writing value of type '<>f__AnonymousType7`3[[System.Boolean, System.Private.CoreLib, Version=7.0.0.0, Culture=neutral, PublicKeyToken=7cec85d7bea7798e],[System.String, System.Private.CoreLib, Version=7.0.0.0, Culture=neutral, PublicKeyToken=7cec85d7bea7798e],[System.String, System.Private.CoreLib, Version=7.0.0.0, Culture=neutral, PublicKeyToken=7cec85d7bea7798e]]'.
2024-02-09 08:18:56.7978 | INFO | Executed action webapi.net7.sqlsugar.Controllers.FileController.UploadFile (webapi.net7.sqlsugar) in 61.5824ms
2024-02-09 08:18:56.7978 | INFO | Executed endpoint 'webapi.net7.sqlsugar.Controllers.FileController.UploadFile (webapi.net7.sqlsugar)'
2024-02-09 08:18:56.7978 | INFO | Request finished HTTP/1.1 POST http://localhost:5149/api/UploadFile multipart/form-data;+boundary=----WebKitFormBoundaryZkdn7lnWEy2v33zo 310990 - 200 - application/json;+charset=utf-8 165.8654ms
2024-02-09 08:27:19.6198 | INFO | User profile is available. Using 'C:\Users\Administrator\AppData\Local\ASP.NET\DataProtection-Keys' as key repository and Windows DPAPI to encrypt keys at rest.
2024-02-09 08:27:19.7644 | INFO | Now listening on: http://localhost:5149
2024-02-09 08:27:19.7644 | INFO | Application started. Press Ctrl+C to shut down.
2024-02-09 08:27:19.7644 | INFO | Hosting environment: Development
2024-02-09 08:27:19.7644 | INFO | Content root path: D:\BaiduSyncdisk\webapi.net7+sqlsugar\webapi.net7.sqlsugar\webapi.net7.sqlsugar
2024-02-09 08:27:22.7294 | INFO | Request starting HTTP/1.1 GET http://localhost:5149/swagger/index.html - -
2024-02-09 08:27:22.9838 | INFO | Request finished HTTP/1.1 GET http://localhost:5149/swagger/index.html - - - 200 - text/html;charset=utf-8 260.0086ms
2024-02-09 08:27:22.9838 | INFO | Request starting HTTP/1.1 GET http://localhost:5149/_framework/aspnetcore-browser-refresh.js - -
2024-02-09 08:27:22.9975 | INFO | Request starting HTTP/1.1 GET http://localhost:5149/_vs/browserLink - -
2024-02-09 08:27:22.9975 | INFO | Request finished HTTP/1.1 GET http://localhost:5149/_framework/aspnetcore-browser-refresh.js - - - 200 13776 application/javascript;+charset=utf-8 6.8712ms
2024-02-09 08:27:23.0390 | INFO | Request finished HTTP/1.1 GET http://localhost:5149/_vs/browserLink - - - 200 - text/javascript;+charset=UTF-8 41.5855ms
2024-02-09 08:27:23.0765 | INFO | Request starting HTTP/1.1 GET http://localhost:5149/swagger/东泽房源管理接口/swagger.json - -
2024-02-09 08:27:23.2924 | INFO | Request finished HTTP/1.1 GET http://localhost:5149/swagger/东泽房源管理接口/swagger.json - - - 200 - application/json;charset=utf-8 216.0718ms
2024-02-09 08:27:26.0562 | INFO | Request starting HTTP/1.1 GET http://localhost:5149/swagger/文件上传接口/swagger.json - -
2024-02-09 08:27:26.0852 | INFO | Request finished HTTP/1.1 GET http://localhost:5149/swagger/文件上传接口/swagger.json - - - 200 - application/json;charset=utf-8 29.1304ms
2024-02-09 08:27:31.8471 | INFO | Request starting HTTP/1.1 POST http://localhost:5149/api/UploadFile multipart/form-data;+boundary=----WebKitFormBoundaryiwHptcLLasxu1jHo 310990
2024-02-09 08:27:31.8564 | WARN | Failed to determine the https port for redirect.
2024-02-09 08:27:31.9189 | INFO | CORS policy execution successful.
2024-02-09 08:27:31.9189 | INFO | Executing endpoint 'webapi.net7.sqlsugar.Controllers.FileController.UploadFile (webapi.net7.sqlsugar)'
2024-02-09 08:27:31.9380 | INFO | Route matched with {action = "UploadFile", controller = "File"}. Executing controller action with signature Microsoft.AspNetCore.Mvc.JsonResult UploadFile(Microsoft.AspNetCore.Http.IFormCollection) on controller webapi.net7.sqlsugar.Controllers.FileController (webapi.net7.sqlsugar).
2024-02-09 08:27:31.9885 | INFO | Executing action method webapi.net7.sqlsugar.Controllers.FileController.UploadFile (webapi.net7.sqlsugar) - Validation state: Valid
2024-02-09 08:28:11.9140 | INFO | Executed action method webapi.net7.sqlsugar.Controllers.FileController.UploadFile (webapi.net7.sqlsugar), returned result Microsoft.AspNetCore.Mvc.JsonResult in 39916.0699ms.
2024-02-09 08:28:11.9140 | INFO | Executing JsonResult, writing value of type '<>f__AnonymousType7`3[[System.Boolean, System.Private.CoreLib, Version=7.0.0.0, Culture=neutral, PublicKeyToken=7cec85d7bea7798e],[System.String, System.Private.CoreLib, Version=7.0.0.0, Culture=neutral, PublicKeyToken=7cec85d7bea7798e],[System.String, System.Private.CoreLib, Version=7.0.0.0, Culture=neutral, PublicKeyToken=7cec85d7bea7798e]]'.
2024-02-09 08:28:11.9538 | INFO | Executed action webapi.net7.sqlsugar.Controllers.FileController.UploadFile (webapi.net7.sqlsugar) in 40011.1382ms
2024-02-09 08:28:11.9538 | INFO | Executed endpoint 'webapi.net7.sqlsugar.Controllers.FileController.UploadFile (webapi.net7.sqlsugar)'
2024-02-09 08:28:11.9538 | INFO | Request finished HTTP/1.1 POST http://localhost:5149/api/UploadFile multipart/form-data;+boundary=----WebKitFormBoundaryiwHptcLLasxu1jHo 310990 - 200 - application/json;+charset=utf-8 40112.2685ms
2024-02-09 08:39:35.8792 | INFO | User profile is available. Using 'C:\Users\Administrator\AppData\Local\ASP.NET\DataProtection-Keys' as key repository and Windows DPAPI to encrypt keys at rest.
2024-02-09 08:39:36.0148 | INFO | Now listening on: http://localhost:5149
2024-02-09 08:39:36.0148 | INFO | Application started. Press Ctrl+C to shut down.
2024-02-09 08:39:36.0148 | INFO | Hosting environment: Development
2024-02-09 08:39:36.0148 | INFO | Content root path: D:\BaiduSyncdisk\webapi.net7+sqlsugar\webapi.net7.sqlsugar\webapi.net7.sqlsugar
2024-02-09 08:39:39.0536 | INFO | Request starting HTTP/1.1 GET http://localhost:5149/swagger/index.html - -
2024-02-09 08:39:39.2944 | INFO | Request finished HTTP/1.1 GET http://localhost:5149/swagger/index.html - - - 200 - text/html;charset=utf-8 245.3352ms
2024-02-09 08:39:39.2944 | INFO | Request starting HTTP/1.1 GET http://localhost:5149/_vs/browserLink - -
2024-02-09 08:39:39.2944 | INFO | Request starting HTTP/1.1 GET http://localhost:5149/_framework/aspnetcore-browser-refresh.js - -
2024-02-09 08:39:39.2944 | INFO | Request finished HTTP/1.1 GET http://localhost:5149/_framework/aspnetcore-browser-refresh.js - - - 200 13776 application/javascript;+charset=utf-8 1.8828ms
2024-02-09 08:39:39.3416 | INFO | Request finished HTTP/1.1 GET http://localhost:5149/_vs/browserLink - - - 200 - text/javascript;+charset=UTF-8 44.5170ms
2024-02-09 08:39:39.3753 | INFO | Request starting HTTP/1.1 GET http://localhost:5149/swagger/东泽房源管理接口/swagger.json - -
2024-02-09 08:39:39.5777 | INFO | Request finished HTTP/1.1 GET http://localhost:5149/swagger/东泽房源管理接口/swagger.json - - - 200 - application/json;charset=utf-8 202.6152ms
2024-02-09 08:39:42.5232 | INFO | Request starting HTTP/1.1 GET http://localhost:5149/swagger/文件上传接口/swagger.json - -
2024-02-09 08:39:42.5518 | INFO | Request finished HTTP/1.1 GET http://localhost:5149/swagger/文件上传接口/swagger.json - - - 200 - application/json;charset=utf-8 28.7150ms
2024-02-09 08:39:48.4180 | INFO | Request starting HTTP/1.1 POST http://localhost:5149/api/UploadFile multipart/form-data;+boundary=----WebKitFormBoundaryTt8kMXeCqbf3ytcF 310990
2024-02-09 08:39:48.4426 | WARN | Failed to determine the https port for redirect.
2024-02-09 08:39:48.5091 | INFO | CORS policy execution successful.
2024-02-09 08:39:48.5132 | INFO | Executing endpoint 'webapi.net7.sqlsugar.Controllers.FileController.UploadFile (webapi.net7.sqlsugar)'
2024-02-09 08:39:48.5337 | INFO | Route matched with {action = "UploadFile", controller = "File"}. Executing controller action with signature Microsoft.AspNetCore.Mvc.JsonResult UploadFile(Microsoft.AspNetCore.Http.IFormCollection) on controller webapi.net7.sqlsugar.Controllers.FileController (webapi.net7.sqlsugar).
2024-02-09 08:39:48.5762 | INFO | Executing action method webapi.net7.sqlsugar.Controllers.FileController.UploadFile (webapi.net7.sqlsugar) - Validation state: Valid
2024-02-09 08:39:48.6156 | INFO | Executed action method webapi.net7.sqlsugar.Controllers.FileController.UploadFile (webapi.net7.sqlsugar), returned result Microsoft.AspNetCore.Mvc.JsonResult in 21.1097ms.
2024-02-09 08:39:48.6156 | INFO | Executing JsonResult, writing value of type '<>f__AnonymousType8`3[[System.Boolean, System.Private.CoreLib, Version=7.0.0.0, Culture=neutral, PublicKeyToken=7cec85d7bea7798e],[System.String, System.Private.CoreLib, Version=7.0.0.0, Culture=neutral, PublicKeyToken=7cec85d7bea7798e],[System.String, System.Private.CoreLib, Version=7.0.0.0, Culture=neutral, PublicKeyToken=7cec85d7bea7798e]]'.
2024-02-09 08:39:48.6376 | INFO | Executed action webapi.net7.sqlsugar.Controllers.FileController.UploadFile (webapi.net7.sqlsugar) in 103.9886ms
2024-02-09 08:39:48.6376 | INFO | Executed endpoint 'webapi.net7.sqlsugar.Controllers.FileController.UploadFile (webapi.net7.sqlsugar)'
2024-02-09 08:39:48.6376 | INFO | Request finished HTTP/1.1 POST http://localhost:5149/api/UploadFile multipart/form-data;+boundary=----WebKitFormBoundaryTt8kMXeCqbf3ytcF 310990 - 200 - application/json;+charset=utf-8 230.8710ms
2024-02-09 08:40:35.6769 | INFO | Request starting HTTP/1.1 POST http://localhost:5149/api/UploadFile multipart/form-data;+boundary=----WebKitFormBoundaryUL0sJJlANYAY7ED6 310990
2024-02-09 08:40:35.7062 | INFO | CORS policy execution successful.
2024-02-09 08:40:35.7062 | INFO | Executing endpoint 'webapi.net7.sqlsugar.Controllers.FileController.UploadFile (webapi.net7.sqlsugar)'
2024-02-09 08:40:35.7062 | INFO | Route matched with {action = "UploadFile", controller = "File"}. Executing controller action with signature Microsoft.AspNetCore.Mvc.JsonResult UploadFile(Microsoft.AspNetCore.Http.IFormCollection) on controller webapi.net7.sqlsugar.Controllers.FileController (webapi.net7.sqlsugar).
2024-02-09 08:40:35.7225 | INFO | Executing action method webapi.net7.sqlsugar.Controllers.FileController.UploadFile (webapi.net7.sqlsugar) - Validation state: Valid
2024-02-09 08:41:45.6000 | INFO | Executed action method webapi.net7.sqlsugar.Controllers.FileController.UploadFile (webapi.net7.sqlsugar), returned result Microsoft.AspNetCore.Mvc.JsonResult in 69876.8462ms.
2024-02-09 08:41:45.6000 | INFO | Executing JsonResult, writing value of type '<>f__AnonymousType8`3[[System.Boolean, System.Private.CoreLib, Version=7.0.0.0, Culture=neutral, PublicKeyToken=7cec85d7bea7798e],[System.String, System.Private.CoreLib, Version=7.0.0.0, Culture=neutral, PublicKeyToken=7cec85d7bea7798e],[System.String, System.Private.CoreLib, Version=7.0.0.0, Culture=neutral, PublicKeyToken=7cec85d7bea7798e]]'.
2024-02-09 08:41:45.6211 | INFO | Executed action webapi.net7.sqlsugar.Controllers.FileController.UploadFile (webapi.net7.sqlsugar) in 69911.2848ms
2024-02-09 08:41:45.6211 | INFO | Executed endpoint 'webapi.net7.sqlsugar.Controllers.FileController.UploadFile (webapi.net7.sqlsugar)'
2024-02-09 08:41:45.6211 | INFO | Request finished HTTP/1.1 POST http://localhost:5149/api/UploadFile multipart/form-data;+boundary=----WebKitFormBoundaryUL0sJJlANYAY7ED6 310990 - 200 - application/json;+charset=utf-8 69944.7795ms
2024-02-09 08:56:56.5625 | INFO | User profile is available. Using 'C:\Users\Administrator\AppData\Local\ASP.NET\DataProtection-Keys' as key repository and Windows DPAPI to encrypt keys at rest.
2024-02-09 08:56:56.7023 | INFO | Now listening on: http://localhost:5149
2024-02-09 08:56:56.7023 | INFO | Application started. Press Ctrl+C to shut down.
2024-02-09 08:56:56.7023 | INFO | Hosting environment: Development
2024-02-09 08:56:56.7023 | INFO | Content root path: D:\BaiduSyncdisk\webapi.net7+sqlsugar\webapi.net7.sqlsugar\webapi.net7.sqlsugar
2024-02-09 08:56:56.8898 | INFO | Request starting HTTP/1.1 GET http://localhost:5149/swagger/index.html - -
2024-02-09 08:56:57.1393 | INFO | Request finished HTTP/1.1 GET http://localhost:5149/swagger/index.html - - - 200 - text/html;charset=utf-8 251.9726ms
2024-02-09 08:56:57.1393 | INFO | Request starting HTTP/1.1 GET http://localhost:5149/_framework/aspnetcore-browser-refresh.js - -
2024-02-09 08:56:57.1393 | INFO | Request starting HTTP/1.1 GET http://localhost:5149/_vs/browserLink - -
2024-02-09 08:56:57.1393 | INFO | Request finished HTTP/1.1 GET http://localhost:5149/_framework/aspnetcore-browser-refresh.js - - - 200 13776 application/javascript;+charset=utf-8 2.2309ms
2024-02-09 08:56:57.1874 | INFO | Request finished HTTP/1.1 GET http://localhost:5149/_vs/browserLink - - - 200 - text/javascript;+charset=UTF-8 43.5992ms
2024-02-09 08:56:57.2327 | INFO | Request starting HTTP/1.1 GET http://localhost:5149/swagger/东泽房源管理接口/swagger.json - -
2024-02-09 08:56:57.4440 | INFO | Request finished HTTP/1.1 GET http://localhost:5149/swagger/东泽房源管理接口/swagger.json - - - 200 - application/json;charset=utf-8 211.4368ms
2024-02-09 08:57:01.0574 | INFO | Request starting HTTP/1.1 GET http://localhost:5149/swagger/文件上传接口/swagger.json - -
2024-02-09 08:57:01.0806 | INFO | Request finished HTTP/1.1 GET http://localhost:5149/swagger/文件上传接口/swagger.json - - - 200 - application/json;charset=utf-8 23.3797ms
2024-02-09 22:05:31.5239 | INFO | User profile is available. Using 'C:\Users\Administrator\AppData\Local\ASP.NET\DataProtection-Keys' as key repository and Windows DPAPI to encrypt keys at rest.
2024-02-09 22:05:31.7774 | INFO | Now listening on: http://localhost:5149
2024-02-09 22:05:31.7815 | INFO | Application started. Press Ctrl+C to shut down.
2024-02-09 22:05:31.7815 | INFO | Hosting environment: Development
2024-02-09 22:05:31.7815 | INFO | Content root path: D:\BaiduSyncdisk\webapi.net7+sqlsugar\webapi.net7.sqlsugar\webapi.net7.sqlsugar
2024-02-09 22:05:34.8997 | INFO | Request starting HTTP/1.1 GET http://localhost:5149/swagger - -
2024-02-09 22:05:35.3330 | INFO | Request finished HTTP/1.1 GET http://localhost:5149/swagger - - - 301 0 - 436.6609ms
2024-02-09 22:05:35.3330 | INFO | Request starting HTTP/1.1 GET http://localhost:5149/swagger/index.html - -
2024-02-09 22:05:35.4523 | INFO | Request finished HTTP/1.1 GET http://localhost:5149/swagger/index.html - - - 200 - text/html;charset=utf-8 113.8567ms
2024-02-09 22:05:35.4523 | INFO | Request starting HTTP/1.1 GET http://localhost:5149/swagger/swagger-ui.css - -
2024-02-09 22:05:35.4523 | INFO | Request starting HTTP/1.1 GET http://localhost:5149/swagger/swagger-ui-standalone-preset.js - -
2024-02-09 22:05:35.4523 | INFO | Request starting HTTP/1.1 GET http://localhost:5149/swagger/swagger-ui-bundle.js - -
2024-02-09 22:05:35.4523 | INFO | Request starting HTTP/1.1 GET http://localhost:5149/_framework/aspnetcore-browser-refresh.js - -
2024-02-09 22:05:35.4523 | INFO | Request starting HTTP/1.1 GET http://localhost:5149/_vs/browserLink - -
2024-02-09 22:05:35.4665 | INFO | Request finished HTTP/1.1 GET http://localhost:5149/_framework/aspnetcore-browser-refresh.js - - - 200 13776 application/javascript;+charset=utf-8 10.2230ms
2024-02-09 22:05:35.5117 | INFO | Sending file. Request path: '/swagger-ui.css'. Physical path: 'N/A'
2024-02-09 22:05:35.5117 | INFO | Request finished HTTP/1.1 GET http://localhost:5149/swagger/swagger-ui.css - - - 200 144929 text/css 57.5881ms
2024-02-09 22:05:35.5247 | INFO | Sending file. Request path: '/swagger-ui-standalone-preset.js'. Physical path: 'N/A'
2024-02-09 22:05:35.5247 | INFO | Request finished HTTP/1.1 GET http://localhost:5149/swagger/swagger-ui-standalone-preset.js - - - 200 312163 text/javascript 66.6141ms
2024-02-09 22:05:35.5462 | INFO | Sending file. Request path: '/swagger-ui-bundle.js'. Physical path: 'N/A'
2024-02-09 22:05:35.5462 | INFO | Request finished HTTP/1.1 GET http://localhost:5149/swagger/swagger-ui-bundle.js - - - 200 1061536 text/javascript 88.2001ms
2024-02-09 22:05:35.7300 | INFO | Request finished HTTP/1.1 GET http://localhost:5149/_vs/browserLink - - - 200 - text/javascript;+charset=UTF-8 266.0552ms
2024-02-09 22:05:35.7899 | INFO | Request starting HTTP/1.1 GET http://localhost:5149/swagger/东泽房源管理接口/swagger.json - -
2024-02-09 22:05:35.8139 | INFO | Request starting HTTP/1.1 GET http://localhost:5149/swagger/favicon-32x32.png - -
2024-02-09 22:05:35.8139 | INFO | Sending file. Request path: '/favicon-32x32.png'. Physical path: 'N/A'
2024-02-09 22:05:35.8139 | INFO | Request finished HTTP/1.1 GET http://localhost:5149/swagger/favicon-32x32.png - - - 200 628 image/png 0.8438ms
2024-02-09 22:05:36.1422 | INFO | Request finished HTTP/1.1 GET http://localhost:5149/swagger/东泽房源管理接口/swagger.json - - - 200 - application/json;charset=utf-8 352.4457ms
2024-02-09 22:05:38.8121 | INFO | Request starting HTTP/1.1 GET http://localhost:5149/swagger/文件上传接口/swagger.json - -
2024-02-09 22:05:38.8438 | INFO | Request finished HTTP/1.1 GET http://localhost:5149/swagger/文件上传接口/swagger.json - - - 200 - application/json;charset=utf-8 31.8021ms
2024-02-09 22:05:49.2548 | INFO | Request starting HTTP/1.1 POST http://localhost:5149/api/UploadFile multipart/form-data;+boundary=----WebKitFormBoundary8OscZfOxnwCisfgh 310990
2024-02-09 22:05:49.2640 | WARN | Failed to determine the https port for redirect.
2024-02-09 22:05:49.4059 | INFO | CORS policy execution successful.
2024-02-09 22:05:49.4059 | INFO | Executing endpoint 'webapi.net7.sqlsugar.Controllers.FileController.UploadFile (webapi.net7.sqlsugar)'
2024-02-09 22:05:49.4487 | INFO | Route matched with {action = "UploadFile", controller = "File"}. Executing controller action with signature Microsoft.AspNetCore.Mvc.JsonResult UploadFile(Microsoft.AspNetCore.Http.IFormCollection) on controller webapi.net7.sqlsugar.Controllers.FileController (webapi.net7.sqlsugar).
2024-02-09 22:05:49.5144 | INFO | Executing action method webapi.net7.sqlsugar.Controllers.FileController.UploadFile (webapi.net7.sqlsugar) - Validation state: Valid
2024-02-09 22:05:49.5414 | INFO | Executed action method webapi.net7.sqlsugar.Controllers.FileController.UploadFile (webapi.net7.sqlsugar), returned result Microsoft.AspNetCore.Mvc.JsonResult in 19.9022ms.
2024-02-09 22:05:49.5438 | INFO | Executing JsonResult, writing value of type '<>f__AnonymousType8`4[[System.Boolean, System.Private.CoreLib, Version=7.0.0.0, Culture=neutral, PublicKeyToken=7cec85d7bea7798e],[System.String, System.Private.CoreLib, Version=7.0.0.0, Culture=neutral, PublicKeyToken=7cec85d7bea7798e],[System.String, System.Private.CoreLib, Version=7.0.0.0, Culture=neutral, PublicKeyToken=7cec85d7bea7798e],[System.String, System.Private.CoreLib, Version=7.0.0.0, Culture=neutral, PublicKeyToken=7cec85d7bea7798e]]'.
2024-02-09 22:05:49.5636 | INFO | Executed action webapi.net7.sqlsugar.Controllers.FileController.UploadFile (webapi.net7.sqlsugar) in 115.295ms
2024-02-09 22:05:49.5636 | INFO | Executed endpoint 'webapi.net7.sqlsugar.Controllers.FileController.UploadFile (webapi.net7.sqlsugar)'
2024-02-09 22:05:49.5758 | INFO | Request finished HTTP/1.1 POST http://localhost:5149/api/UploadFile multipart/form-data;+boundary=----WebKitFormBoundary8OscZfOxnwCisfgh 310990 - 200 - application/json;+charset=utf-8 320.9943ms
2024-02-09 22:06:22.8327 | INFO | Request starting HTTP/1.1 GET http://localhost:5149/swagger/U8移动端接口/swagger.json - -
2024-02-09 22:06:22.8931 | INFO | Request finished HTTP/1.1 GET http://localhost:5149/swagger/U8移动端接口/swagger.json - - - 200 - application/json;charset=utf-8 61.4012ms
2024-02-09 22:06:24.0997 | INFO | Request starting HTTP/1.1 GET http://localhost:5149/swagger/东泽房源管理接口/swagger.json - -
2024-02-09 22:06:24.0997 | INFO | Request finished HTTP/1.1 GET http://localhost:5149/swagger/东泽房源管理接口/swagger.json - - - 200 - application/json;charset=utf-8 3.8785ms
2024-02-09 22:06:25.9399 | INFO | Request starting HTTP/1.1 GET http://localhost:5149/swagger/文件上传接口/swagger.json - -
2024-02-09 22:06:25.9399 | INFO | Request finished HTTP/1.1 GET http://localhost:5149/swagger/文件上传接口/swagger.json - - - 200 - application/json;charset=utf-8 1.4191ms
2024-02-09 22:06:35.2011 | INFO | Request starting HTTP/1.1 GET http://localhost:5149/swagger/U8移动端接口/swagger.json - -
2024-02-09 22:06:35.2011 | INFO | Request finished HTTP/1.1 GET http://localhost:5149/swagger/U8移动端接口/swagger.json - - - 200 - application/json;charset=utf-8 6.6238ms
2024-02-09 22:06:36.4912 | INFO | Request starting HTTP/1.1 GET http://localhost:5149/swagger/文件上传接口/swagger.json - -
2024-02-09 22:06:36.4912 | INFO | Request finished HTTP/1.1 GET http://localhost:5149/swagger/文件上传接口/swagger.json - - - 200 - application/json;charset=utf-8 1.5341ms
2024-02-09 22:21:11.9430 | INFO | User profile is available. Using 'C:\Users\Administrator\AppData\Local\ASP.NET\DataProtection-Keys' as key repository and Windows DPAPI to encrypt keys at rest.
2024-02-09 22:21:12.1466 | INFO | Now listening on: http://localhost:5149
2024-02-09 22:21:12.1466 | INFO | Application started. Press Ctrl+C to shut down.
2024-02-09 22:21:12.1466 | INFO | Hosting environment: Development
2024-02-09 22:21:12.1542 | INFO | Content root path: D:\BaiduSyncdisk\webapi.net7+sqlsugar\webapi.net7.sqlsugar\webapi.net7.sqlsugar
2024-02-09 22:21:15.4796 | INFO | Request starting HTTP/1.1 GET http://localhost:5149/swagger/index.html - -
2024-02-09 22:21:15.9357 | INFO | Request finished HTTP/1.1 GET http://localhost:5149/swagger/index.html - - - 200 - text/html;charset=utf-8 459.4348ms
2024-02-09 22:21:15.9357 | INFO | Request starting HTTP/1.1 GET http://localhost:5149/_vs/browserLink - -
2024-02-09 22:21:15.9357 | INFO | Request starting HTTP/1.1 GET http://localhost:5149/_framework/aspnetcore-browser-refresh.js - -
2024-02-09 22:21:15.9541 | INFO | Request finished HTTP/1.1 GET http://localhost:5149/_framework/aspnetcore-browser-refresh.js - - - 200 13776 application/javascript;+charset=utf-8 5.2200ms
2024-02-09 22:21:16.1328 | INFO | Request finished HTTP/1.1 GET http://localhost:5149/_vs/browserLink - - - 200 - text/javascript;+charset=UTF-8 184.8332ms
2024-02-09 22:21:16.1938 | INFO | Request starting HTTP/1.1 GET http://localhost:5149/swagger/东泽房源管理接口/swagger.json - -
2024-02-09 22:21:16.5125 | INFO | Request finished HTTP/1.1 GET http://localhost:5149/swagger/东泽房源管理接口/swagger.json - - - 200 - application/json;charset=utf-8 318.9403ms
2024-02-09 22:21:21.0106 | INFO | Request starting HTTP/1.1 GET http://localhost:5149/swagger/文件上传接口/swagger.json - -
2024-02-09 22:21:21.0351 | INFO | Request finished HTTP/1.1 GET http://localhost:5149/swagger/文件上传接口/swagger.json - - - 200 - application/json;charset=utf-8 24.6228ms
2024-02-09 22:21:29.5455 | INFO | Request starting HTTP/1.1 POST http://localhost:5149/api/UploadFile multipart/form-data;+boundary=----WebKitFormBoundaryHay2whpaTOSvMxud 310990
2024-02-09 22:21:29.5638 | WARN | Failed to determine the https port for redirect.
2024-02-09 22:21:29.6123 | INFO | CORS policy execution successful.
2024-02-09 22:21:29.6123 | INFO | Executing endpoint 'webapi.net7.sqlsugar.Controllers.FileController.UploadFile (webapi.net7.sqlsugar)'
2024-02-09 22:21:29.6304 | INFO | Route matched with {action = "UploadFile", controller = "File"}. Executing controller action with signature Microsoft.AspNetCore.Mvc.JsonResult UploadFile(Microsoft.AspNetCore.Http.IFormCollection) on controller webapi.net7.sqlsugar.Controllers.FileController (webapi.net7.sqlsugar).
2024-02-09 22:21:29.6731 | INFO | Executing action method webapi.net7.sqlsugar.Controllers.FileController.UploadFile (webapi.net7.sqlsugar) - Validation state: Valid
2024-02-09 22:21:29.6888 | INFO | Executed action method webapi.net7.sqlsugar.Controllers.FileController.UploadFile (webapi.net7.sqlsugar), returned result Microsoft.AspNetCore.Mvc.JsonResult in 8.079ms.
2024-02-09 22:21:29.6888 | INFO | Executing JsonResult, writing value of type '<>f__AnonymousType8`4[[System.Boolean, System.Private.CoreLib, Version=7.0.0.0, Culture=neutral, PublicKeyToken=7cec85d7bea7798e],[System.String, System.Private.CoreLib, Version=7.0.0.0, Culture=neutral, PublicKeyToken=7cec85d7bea7798e],[System.String, System.Private.CoreLib, Version=7.0.0.0, Culture=neutral, PublicKeyToken=7cec85d7bea7798e],[System.String, System.Private.CoreLib, Version=7.0.0.0, Culture=neutral, PublicKeyToken=7cec85d7bea7798e]]'.
2024-02-09 22:21:29.7009 | INFO | Executed action webapi.net7.sqlsugar.Controllers.FileController.UploadFile (webapi.net7.sqlsugar) in 67.5672ms
2024-02-09 22:21:29.7009 | INFO | Executed endpoint 'webapi.net7.sqlsugar.Controllers.FileController.UploadFile (webapi.net7.sqlsugar)'
2024-02-09 22:21:29.7009 | INFO | Request finished HTTP/1.1 POST http://localhost:5149/api/UploadFile multipart/form-data;+boundary=----WebKitFormBoundaryHay2whpaTOSvMxud 310990 - 200 - application/json;+charset=utf-8 157.6533ms
