2024-07-23 12:09:00.8335 | INFO | User profile is available. Using 'C:\Users\Administrator\AppData\Local\ASP.NET\DataProtection-Keys' as key repository and Windows DPAPI to encrypt keys at rest.
2024-07-23 12:09:01.1590 | INFO | Now listening on: http://localhost:5149
2024-07-23 12:09:01.1590 | INFO | Application started. Press Ctrl+C to shut down.
2024-07-23 12:09:01.1638 | INFO | Hosting environment: Development
2024-07-23 12:09:01.1638 | INFO | Content root path: D:\BaiduSyncdisk\webapi.net7+sqlsugar\webapi.net7.sqlsugar\webapi.net7.sqlsugar
2024-07-23 12:09:02.0901 | INFO | Request starting HTTP/1.1 GET http://localhost:5149/swagger - -
2024-07-23 12:09:02.3982 | INFO | Request finished HTTP/1.1 GET http://localhost:5149/swagger - - - 301 0 - 309.1333ms
2024-07-23 12:09:02.3982 | INFO | Request starting HTTP/1.1 GET http://localhost:5149/swagger/index.html - -
2024-07-23 12:09:02.5067 | INFO | Request finished HTTP/1.1 GET http://localhost:5149/swagger/index.html - - - 200 - text/html;charset=utf-8 106.7349ms
2024-07-23 12:09:02.5067 | INFO | Request starting HTTP/1.1 GET http://localhost:5149/swagger/swagger-ui-bundle.js - -
2024-07-23 12:09:02.5067 | INFO | Request starting HTTP/1.1 GET http://localhost:5149/swagger/swagger-ui.css - -
2024-07-23 12:09:02.5067 | INFO | Request starting HTTP/1.1 GET http://localhost:5149/swagger/swagger-ui-standalone-preset.js - -
2024-07-23 12:09:02.5067 | INFO | Request starting HTTP/1.1 GET http://localhost:5149/_framework/aspnetcore-browser-refresh.js - -
2024-07-23 12:09:02.5067 | INFO | Request finished HTTP/1.1 GET http://localhost:5149/_framework/aspnetcore-browser-refresh.js - - - 200 13776 application/javascript;+charset=utf-8 2.6725ms
2024-07-23 12:09:02.5216 | INFO | Request starting HTTP/1.1 GET http://localhost:5149/_vs/browserLink - -
2024-07-23 12:09:02.5523 | INFO | Sending file. Request path: '/swagger-ui-standalone-preset.js'. Physical path: 'N/A'
2024-07-23 12:09:02.5523 | INFO | Sending file. Request path: '/swagger-ui.css'. Physical path: 'N/A'
2024-07-23 12:09:02.5540 | INFO | Request finished HTTP/1.1 GET http://localhost:5149/swagger/swagger-ui-standalone-preset.js - - - 200 312163 text/javascript 37.5594ms
2024-07-23 12:09:02.5540 | INFO | Request finished HTTP/1.1 GET http://localhost:5149/swagger/swagger-ui.css - - - 200 144929 text/css 38.2797ms
2024-07-23 12:09:02.5540 | INFO | Sending file. Request path: '/swagger-ui-bundle.js'. Physical path: 'N/A'
2024-07-23 12:09:02.5540 | INFO | Request finished HTTP/1.1 GET http://localhost:5149/swagger/swagger-ui-bundle.js - - - 200 1061536 text/javascript 46.7017ms
2024-07-23 12:09:02.6017 | INFO | Request finished HTTP/1.1 GET http://localhost:5149/_vs/browserLink - - - 200 - text/javascript;+charset=UTF-8 78.8918ms
2024-07-23 12:09:02.7421 | INFO | Request starting HTTP/1.1 GET http://localhost:5149/swagger/东泽房源管理接口/swagger.json - -
2024-07-23 12:09:03.1144 | INFO | Request finished HTTP/1.1 GET http://localhost:5149/swagger/东泽房源管理接口/swagger.json - - - 200 - application/json;charset=utf-8 372.8931ms
