2024-01-16 09:35:41.2002 | INFO | User profile is available. Using 'C:\Users\Administrator\AppData\Local\ASP.NET\DataProtection-Keys' as key repository and Windows DPAPI to encrypt keys at rest.
2024-01-16 09:35:41.2239 | INFO | Creating key {34692722-1836-4131-841e-52bc30c5cc34} with creation date 2024-01-16 01:35:41Z, activation date 2024-01-16 01:35:41Z, and expiration date 2024-04-15 01:35:41Z.
2024-01-16 09:35:41.2406 | INFO | Writing data to file 'C:\Users\Administrator\AppData\Local\ASP.NET\DataProtection-Keys\key-34692722-1836-4131-841e-52bc30c5cc34.xml'.
2024-01-16 09:35:41.5597 | INFO | Now listening on: https://localhost:7225
2024-01-16 09:35:41.5597 | INFO | Now listening on: http://localhost:5148
2024-01-16 09:35:41.5646 | INFO | Application started. Press Ctrl+C to shut down.
2024-01-16 09:35:41.5646 | INFO | Hosting environment: Development
2024-01-16 09:35:41.5646 | INFO | Content root path: D:\BaiduSyncdisk\webapi.net7+sqlsugar\webapi.net7.sqlsugar\webapi.net7.sqlsugar
2024-01-16 09:35:43.9467 | INFO | Request starting HTTP/2 GET https://localhost:7225/swagger - -
2024-01-16 09:35:44.1403 | INFO | Request finished HTTP/2 GET https://localhost:7225/swagger - - - 301 0 - 194.2783ms
2024-01-16 09:35:44.1446 | INFO | Request starting HTTP/2 GET https://localhost:7225/swagger/index.html - -
2024-01-16 09:35:44.2566 | INFO | Request starting HTTP/2 GET https://localhost:7225/swagger/swagger-ui.css - -
2024-01-16 09:35:44.2566 | INFO | Request starting HTTP/2 GET https://localhost:7225/swagger/swagger-ui-bundle.js - -
2024-01-16 09:35:44.2566 | INFO | Request starting HTTP/2 GET https://localhost:7225/swagger/swagger-ui-standalone-preset.js - -
2024-01-16 09:35:44.2697 | INFO | Request starting HTTP/2 GET https://localhost:7225/_vs/browserLink - -
2024-01-16 09:35:44.2697 | INFO | Request starting HTTP/2 GET https://localhost:7225/_framework/aspnetcore-browser-refresh.js - -
2024-01-16 09:35:44.2697 | INFO | Request finished HTTP/2 GET https://localhost:7225/swagger/index.html - - - 200 - text/html;charset=utf-8 132.3865ms
2024-01-16 09:35:44.2891 | INFO | Request finished HTTP/2 GET https://localhost:7225/_framework/aspnetcore-browser-refresh.js - - - 200 13776 application/javascript;+charset=utf-8 14.0528ms
2024-01-16 09:35:44.3152 | INFO | Sending file. Request path: '/swagger-ui-standalone-preset.js'. Physical path: 'N/A'
2024-01-16 09:35:44.3152 | INFO | Sending file. Request path: '/swagger-ui.css'. Physical path: 'N/A'
2024-01-16 09:35:44.3152 | INFO | Request finished HTTP/2 GET https://localhost:7225/swagger/swagger-ui.css - - - 200 144929 text/css 53.0375ms
2024-01-16 09:35:44.3152 | INFO | Request finished HTTP/2 GET https://localhost:7225/swagger/swagger-ui-standalone-preset.js - - - 200 312163 text/javascript 52.4864ms
2024-01-16 09:35:44.3310 | INFO | Sending file. Request path: '/swagger-ui-bundle.js'. Physical path: 'N/A'
2024-01-16 09:35:44.3310 | INFO | Request finished HTTP/2 GET https://localhost:7225/swagger/swagger-ui-bundle.js - - - 200 1061536 text/javascript 82.3623ms
2024-01-16 09:35:44.3616 | INFO | Request finished HTTP/2 GET https://localhost:7225/_vs/browserLink - - - 200 - text/javascript;+charset=UTF-8 93.0883ms
2024-01-16 09:35:44.5150 | INFO | Request starting HTTP/2 GET https://localhost:7225/swagger/V1/swagger.json - -
2024-01-16 09:35:44.5327 | INFO | Request starting HTTP/2 GET https://localhost:7225/swagger/favicon-32x32.png - -
2024-01-16 09:35:44.5334 | INFO | Sending file. Request path: '/favicon-32x32.png'. Physical path: 'N/A'
2024-01-16 09:35:44.5334 | INFO | Request finished HTTP/2 GET https://localhost:7225/swagger/favicon-32x32.png - - - 200 628 image/png 1.2429ms
2024-01-16 09:35:44.8571 | INFO | Request finished HTTP/2 GET https://localhost:7225/swagger/V1/swagger.json - - - 200 - application/json;charset=utf-8 343.8681ms
2024-01-16 09:36:45.2911 | INFO | Request starting HTTP/2 POST https://localhost:7225/api/Test application/json 42
2024-01-16 09:36:45.3817 | INFO | CORS policy execution successful.
2024-01-16 09:36:45.4781 | INFO | Executing endpoint 'webapi.net7.sqlsugar.Controllers.ApiLoginController.Test (webapi.net7.sqlsugar)'
2024-01-16 09:36:45.5056 | INFO | Route matched with {action = "Test", controller = "ApiLogin"}. Executing controller action with signature System.Object Test(Newtonsoft.Json.Linq.JObject) on controller webapi.net7.sqlsugar.Controllers.ApiLoginController (webapi.net7.sqlsugar).
2024-01-16 09:36:45.5655 | INFO | Executing BadRequestObjectResult, writing value of type 'Microsoft.AspNetCore.Mvc.ValidationProblemDetails'.
2024-01-16 09:36:45.5837 | INFO | Executed action webapi.net7.sqlsugar.Controllers.ApiLoginController.Test (webapi.net7.sqlsugar) in 71.045ms
2024-01-16 09:36:45.5837 | INFO | Executed endpoint 'webapi.net7.sqlsugar.Controllers.ApiLoginController.Test (webapi.net7.sqlsugar)'
2024-01-16 09:36:45.8593 | INFO | Request finished HTTP/2 POST https://localhost:7225/api/Test application/json 42 - 400 - application/problem+json;+charset=utf-8 567.9781ms
2024-01-16 12:28:08.3792 | INFO | User profile is available. Using 'C:\Users\Administrator\AppData\Local\ASP.NET\DataProtection-Keys' as key repository and Windows DPAPI to encrypt keys at rest.
2024-01-16 12:28:08.5584 | INFO | Now listening on: https://localhost:7225
2024-01-16 12:28:08.5584 | INFO | Now listening on: http://localhost:5148
2024-01-16 12:28:08.5584 | INFO | Application started. Press Ctrl+C to shut down.
2024-01-16 12:28:08.5584 | INFO | Hosting environment: Development
2024-01-16 12:28:08.5649 | INFO | Content root path: D:\BaiduSyncdisk\webapi.net7+sqlsugar\webapi.net7.sqlsugar\webapi.net7.sqlsugar
2024-01-16 12:28:11.8671 | INFO | Request starting HTTP/2 GET https://localhost:7225/swagger/index.html - -
2024-01-16 12:28:12.1124 | INFO | Request starting HTTP/2 GET https://localhost:7225/_framework/aspnetcore-browser-refresh.js - -
2024-01-16 12:28:12.1124 | INFO | Request finished HTTP/2 GET https://localhost:7225/swagger/index.html - - - 200 - text/html;charset=utf-8 255.4400ms
2024-01-16 12:28:12.1124 | INFO | Request starting HTTP/2 GET https://localhost:7225/_vs/browserLink - -
2024-01-16 12:28:12.1340 | INFO | Request finished HTTP/2 GET https://localhost:7225/_framework/aspnetcore-browser-refresh.js - - - 200 13776 application/javascript;+charset=utf-8 16.7403ms
2024-01-16 12:28:12.1753 | INFO | Request finished HTTP/2 GET https://localhost:7225/_vs/browserLink - - - 200 - text/javascript;+charset=UTF-8 58.3382ms
2024-01-16 12:28:12.3157 | INFO | Request starting HTTP/2 GET https://localhost:7225/swagger/V1/swagger.json - -
2024-01-16 12:28:12.6053 | INFO | Request finished HTTP/2 GET https://localhost:7225/swagger/V1/swagger.json - - - 200 - application/json;charset=utf-8 288.9785ms
2024-01-16 12:29:07.8010 | INFO | Request starting HTTP/2 POST https://localhost:7225/api/Test application/json 125
2024-01-16 12:29:07.8625 | INFO | CORS policy execution successful.
2024-01-16 12:29:07.9409 | INFO | Executing endpoint 'webapi.net7.sqlsugar.Controllers.ApiLoginController.Test (webapi.net7.sqlsugar)'
2024-01-16 12:29:07.9694 | INFO | Route matched with {action = "Test", controller = "ApiLogin"}. Executing controller action with signature System.Object Test(Newtonsoft.Json.Linq.JObject) on controller webapi.net7.sqlsugar.Controllers.ApiLoginController (webapi.net7.sqlsugar).
2024-01-16 12:29:07.9984 | INFO | Executed action webapi.net7.sqlsugar.Controllers.ApiLoginController.Test (webapi.net7.sqlsugar) in 23.5128ms
2024-01-16 12:29:07.9984 | INFO | Executed endpoint 'webapi.net7.sqlsugar.Controllers.ApiLoginController.Test (webapi.net7.sqlsugar)'
2024-01-16 12:29:08.0509 | ERROR | An unhandled exception has occurred while executing the request.
2024-01-16 12:29:08.0509 | INFO | Request finished HTTP/2 POST https://localhost:7225/api/Test application/json 125 - 500 - text/plain;+charset=utf-8 254.3427ms
2024-01-16 12:29:38.6329 | INFO | Request starting HTTP/2 POST https://localhost:7225/api/Test application/json 46
2024-01-16 12:29:38.6329 | INFO | CORS policy execution successful.
2024-01-16 12:29:38.6437 | INFO | Executing endpoint 'webapi.net7.sqlsugar.Controllers.ApiLoginController.Test (webapi.net7.sqlsugar)'
2024-01-16 12:29:38.6437 | INFO | Route matched with {action = "Test", controller = "ApiLogin"}. Executing controller action with signature System.Object Test(Newtonsoft.Json.Linq.JObject) on controller webapi.net7.sqlsugar.Controllers.ApiLoginController (webapi.net7.sqlsugar).
2024-01-16 12:29:38.6593 | INFO | Executing BadRequestObjectResult, writing value of type 'Microsoft.AspNetCore.Mvc.ValidationProblemDetails'.
2024-01-16 12:29:38.6593 | INFO | Executed action webapi.net7.sqlsugar.Controllers.ApiLoginController.Test (webapi.net7.sqlsugar) in 21.7884ms
2024-01-16 12:29:38.6593 | INFO | Executed endpoint 'webapi.net7.sqlsugar.Controllers.ApiLoginController.Test (webapi.net7.sqlsugar)'
2024-01-16 12:29:38.8678 | INFO | Request finished HTTP/2 POST https://localhost:7225/api/Test application/json 46 - 400 - application/problem+json;+charset=utf-8 234.5544ms
2024-01-16 12:30:36.6670 | INFO | Request starting HTTP/2 POST https://localhost:7225/api/Test application/json 46
2024-01-16 12:30:36.6752 | INFO | CORS policy execution successful.
2024-01-16 12:30:36.6752 | INFO | Executing endpoint 'webapi.net7.sqlsugar.Controllers.ApiLoginController.Test (webapi.net7.sqlsugar)'
2024-01-16 12:30:36.6752 | INFO | Route matched with {action = "Test", controller = "ApiLogin"}. Executing controller action with signature System.Object Test(Newtonsoft.Json.Linq.JObject) on controller webapi.net7.sqlsugar.Controllers.ApiLoginController (webapi.net7.sqlsugar).
2024-01-16 12:30:36.6752 | INFO | Executing BadRequestObjectResult, writing value of type 'Microsoft.AspNetCore.Mvc.ValidationProblemDetails'.
2024-01-16 12:30:36.6752 | INFO | Executed action webapi.net7.sqlsugar.Controllers.ApiLoginController.Test (webapi.net7.sqlsugar) in 4.9643ms
2024-01-16 12:30:36.6752 | INFO | Executed endpoint 'webapi.net7.sqlsugar.Controllers.ApiLoginController.Test (webapi.net7.sqlsugar)'
2024-01-16 12:30:36.6752 | INFO | Request finished HTTP/2 POST https://localhost:7225/api/Test application/json 46 - 400 - application/problem+json;+charset=utf-8 18.1764ms
2024-01-16 12:30:55.2286 | INFO | User profile is available. Using 'C:\Users\Administrator\AppData\Local\ASP.NET\DataProtection-Keys' as key repository and Windows DPAPI to encrypt keys at rest.
2024-01-16 12:30:55.4193 | INFO | Now listening on: https://localhost:7225
2024-01-16 12:30:55.4193 | INFO | Now listening on: http://localhost:5148
2024-01-16 12:30:55.4193 | INFO | Application started. Press Ctrl+C to shut down.
2024-01-16 12:30:55.4253 | INFO | Hosting environment: Development
2024-01-16 12:30:55.4253 | INFO | Content root path: D:\BaiduSyncdisk\webapi.net7+sqlsugar\webapi.net7.sqlsugar\webapi.net7.sqlsugar
2024-01-16 12:30:59.0083 | INFO | Request starting HTTP/2 GET https://localhost:7225/swagger/index.html - -
2024-01-16 12:30:59.2407 | INFO | Request starting HTTP/2 GET https://localhost:7225/_vs/browserLink - -
2024-01-16 12:30:59.2407 | INFO | Request starting HTTP/2 GET https://localhost:7225/_framework/aspnetcore-browser-refresh.js - -
2024-01-16 12:30:59.2407 | INFO | Request finished HTTP/2 GET https://localhost:7225/swagger/index.html - - - 200 - text/html;charset=utf-8 244.3594ms
2024-01-16 12:30:59.2531 | INFO | Request finished HTTP/2 GET https://localhost:7225/_framework/aspnetcore-browser-refresh.js - - - 200 13776 application/javascript;+charset=utf-8 19.9534ms
2024-01-16 12:30:59.2915 | INFO | Request finished HTTP/2 GET https://localhost:7225/_vs/browserLink - - - 200 - text/javascript;+charset=UTF-8 55.9781ms
2024-01-16 12:30:59.3487 | INFO | Request starting HTTP/2 GET https://localhost:7225/swagger/V1/swagger.json - -
2024-01-16 12:30:59.6324 | INFO | Request finished HTTP/2 GET https://localhost:7225/swagger/V1/swagger.json - - - 200 - application/json;charset=utf-8 283.9586ms
2024-01-16 12:31:11.3165 | INFO | Request starting HTTP/2 POST https://localhost:7225/api/Test application/json 46
2024-01-16 12:31:11.3784 | INFO | CORS policy execution successful.
2024-01-16 12:31:11.4593 | INFO | Executing endpoint 'webapi.net7.sqlsugar.Controllers.ApiLoginController.Test (webapi.net7.sqlsugar)'
2024-01-16 12:31:11.4802 | INFO | Route matched with {action = "Test", controller = "ApiLogin"}. Executing controller action with signature System.Object Test(Newtonsoft.Json.Linq.JObject) on controller webapi.net7.sqlsugar.Controllers.ApiLoginController (webapi.net7.sqlsugar).
2024-01-16 12:31:11.5040 | INFO | Executing BadRequestObjectResult, writing value of type 'Microsoft.AspNetCore.Mvc.ValidationProblemDetails'.
2024-01-16 12:31:11.5040 | INFO | Executed action webapi.net7.sqlsugar.Controllers.ApiLoginController.Test (webapi.net7.sqlsugar) in 31.6164ms
2024-01-16 12:31:11.5040 | INFO | Executed endpoint 'webapi.net7.sqlsugar.Controllers.ApiLoginController.Test (webapi.net7.sqlsugar)'
2024-01-16 12:31:11.7460 | INFO | Request finished HTTP/2 POST https://localhost:7225/api/Test application/json 46 - 400 - application/problem+json;+charset=utf-8 427.2472ms
2024-01-16 12:31:47.8305 | INFO | User profile is available. Using 'C:\Users\Administrator\AppData\Local\ASP.NET\DataProtection-Keys' as key repository and Windows DPAPI to encrypt keys at rest.
2024-01-16 12:31:48.0300 | INFO | Now listening on: https://localhost:7225
2024-01-16 12:31:48.0300 | INFO | Now listening on: http://localhost:5148
2024-01-16 12:31:48.0339 | INFO | Application started. Press Ctrl+C to shut down.
2024-01-16 12:31:48.0339 | INFO | Hosting environment: Development
2024-01-16 12:31:48.0339 | INFO | Content root path: D:\BaiduSyncdisk\webapi.net7+sqlsugar\webapi.net7.sqlsugar\webapi.net7.sqlsugar
2024-01-16 12:31:51.6019 | INFO | Request starting HTTP/2 GET https://localhost:7225/swagger/index.html - -
2024-01-16 12:31:51.8325 | INFO | Request starting HTTP/2 GET https://localhost:7225/_vs/browserLink - -
2024-01-16 12:31:51.8325 | INFO | Request finished HTTP/2 GET https://localhost:7225/swagger/index.html - - - 200 - text/html;charset=utf-8 242.6326ms
2024-01-16 12:31:51.8509 | INFO | Request starting HTTP/2 GET https://localhost:7225/_framework/aspnetcore-browser-refresh.js - -
2024-01-16 12:31:51.8790 | INFO | Request finished HTTP/2 GET https://localhost:7225/_framework/aspnetcore-browser-refresh.js - - - 200 13776 application/javascript;+charset=utf-8 24.3635ms
2024-01-16 12:31:51.9091 | INFO | Request finished HTTP/2 GET https://localhost:7225/_vs/browserLink - - - 200 - text/javascript;+charset=UTF-8 66.9385ms
2024-01-16 12:31:51.9605 | INFO | Request starting HTTP/2 GET https://localhost:7225/swagger/V1/swagger.json - -
2024-01-16 12:31:52.2843 | INFO | Request finished HTTP/2 GET https://localhost:7225/swagger/V1/swagger.json - - - 200 - application/json;charset=utf-8 322.3279ms
2024-01-16 12:32:02.9149 | INFO | Request starting HTTP/2 POST https://localhost:7225/api/Test application/json 46
2024-01-16 12:32:02.9795 | INFO | CORS policy execution successful.
2024-01-16 12:32:03.0662 | INFO | Executing endpoint 'webapi.net7.sqlsugar.Controllers.ApiLoginController.Test (webapi.net7.sqlsugar)'
2024-01-16 12:32:03.0972 | INFO | Route matched with {action = "Test", controller = "ApiLogin"}. Executing controller action with signature System.Object Test(System.Object) on controller webapi.net7.sqlsugar.Controllers.ApiLoginController (webapi.net7.sqlsugar).
2024-01-16 12:32:03.1141 | INFO | Executing action method webapi.net7.sqlsugar.Controllers.ApiLoginController.Test (webapi.net7.sqlsugar) - Validation state: Valid
2024-01-16 12:32:14.6515 | INFO | Executed action method webapi.net7.sqlsugar.Controllers.ApiLoginController.Test (webapi.net7.sqlsugar), returned result Microsoft.AspNetCore.Mvc.ObjectResult in 11522.9517ms.
2024-01-16 12:32:14.6515 | INFO | Executing ObjectResult, writing value of type 'System.String'.
2024-01-16 12:32:14.6515 | INFO | Executed action webapi.net7.sqlsugar.Controllers.ApiLoginController.Test (webapi.net7.sqlsugar) in 11556.2264ms
2024-01-16 12:32:14.6515 | INFO | Executed endpoint 'webapi.net7.sqlsugar.Controllers.ApiLoginController.Test (webapi.net7.sqlsugar)'
2024-01-16 12:32:14.8558 | INFO | Request finished HTTP/2 POST https://localhost:7225/api/Test application/json 46 - 200 0 text/plain;+charset=utf-8 11938.1061ms
2024-01-16 12:32:27.7840 | INFO | Request starting HTTP/2 POST https://localhost:7225/api/Test application/json 46
2024-01-16 12:32:27.7840 | INFO | CORS policy execution successful.
2024-01-16 12:32:27.7840 | INFO | Executing endpoint 'webapi.net7.sqlsugar.Controllers.ApiLoginController.Test (webapi.net7.sqlsugar)'
2024-01-16 12:32:27.7840 | INFO | Route matched with {action = "Test", controller = "ApiLogin"}. Executing controller action with signature System.Object Test(System.Object) on controller webapi.net7.sqlsugar.Controllers.ApiLoginController (webapi.net7.sqlsugar).
2024-01-16 12:32:27.7992 | INFO | Executing action method webapi.net7.sqlsugar.Controllers.ApiLoginController.Test (webapi.net7.sqlsugar) - Validation state: Valid
2024-01-16 12:35:37.2296 | INFO | User profile is available. Using 'C:\Users\Administrator\AppData\Local\ASP.NET\DataProtection-Keys' as key repository and Windows DPAPI to encrypt keys at rest.
2024-01-16 12:35:37.4331 | INFO | Now listening on: https://localhost:7225
2024-01-16 12:35:37.4331 | INFO | Now listening on: http://localhost:5148
2024-01-16 12:35:37.4331 | INFO | Application started. Press Ctrl+C to shut down.
2024-01-16 12:35:37.4331 | INFO | Hosting environment: Development
2024-01-16 12:35:37.4331 | INFO | Content root path: D:\BaiduSyncdisk\webapi.net7+sqlsugar\webapi.net7.sqlsugar\webapi.net7.sqlsugar
2024-01-16 12:35:40.8842 | INFO | Request starting HTTP/2 GET https://localhost:7225/swagger/index.html - -
2024-01-16 12:35:41.1137 | INFO | Request starting HTTP/2 GET https://localhost:7225/_framework/aspnetcore-browser-refresh.js - -
2024-01-16 12:35:41.1137 | INFO | Request starting HTTP/2 GET https://localhost:7225/_vs/browserLink - -
2024-01-16 12:35:41.1279 | INFO | Request finished HTTP/2 GET https://localhost:7225/swagger/index.html - - - 200 - text/html;charset=utf-8 244.5258ms
2024-01-16 12:35:41.1279 | INFO | Request finished HTTP/2 GET https://localhost:7225/_framework/aspnetcore-browser-refresh.js - - - 200 13776 application/javascript;+charset=utf-8 10.3830ms
2024-01-16 12:35:41.1747 | INFO | Request finished HTTP/2 GET https://localhost:7225/_vs/browserLink - - - 200 - text/javascript;+charset=UTF-8 52.6786ms
2024-01-16 12:35:41.2219 | INFO | Request starting HTTP/2 GET https://localhost:7225/swagger/V1/swagger.json - -
2024-01-16 12:35:41.5208 | INFO | Request finished HTTP/2 GET https://localhost:7225/swagger/V1/swagger.json - - - 200 - application/json;charset=utf-8 300.3579ms
2024-01-16 12:36:15.7726 | INFO | Request starting HTTP/2 POST https://localhost:7225/api/Test application/json 36
2024-01-16 12:36:15.8318 | INFO | CORS policy execution successful.
2024-01-16 12:36:15.9091 | INFO | Executing endpoint 'webapi.net7.sqlsugar.Controllers.ApiLoginController.Test (webapi.net7.sqlsugar)'
2024-01-16 12:36:15.9316 | INFO | Route matched with {action = "Test", controller = "ApiLogin"}. Executing controller action with signature System.Object Test(System.Object) on controller webapi.net7.sqlsugar.Controllers.ApiLoginController (webapi.net7.sqlsugar).
2024-01-16 12:36:15.9408 | INFO | Executing action method webapi.net7.sqlsugar.Controllers.ApiLoginController.Test (webapi.net7.sqlsugar) - Validation state: Valid
2024-01-16 12:40:33.0550 | INFO | User profile is available. Using 'C:\Users\Administrator\AppData\Local\ASP.NET\DataProtection-Keys' as key repository and Windows DPAPI to encrypt keys at rest.
2024-01-16 12:40:33.2341 | INFO | Now listening on: https://localhost:7225
2024-01-16 12:40:33.2341 | INFO | Now listening on: http://localhost:5148
2024-01-16 12:40:33.2396 | INFO | Application started. Press Ctrl+C to shut down.
2024-01-16 12:40:33.2396 | INFO | Hosting environment: Development
2024-01-16 12:40:33.2396 | INFO | Content root path: D:\BaiduSyncdisk\webapi.net7+sqlsugar\webapi.net7.sqlsugar\webapi.net7.sqlsugar
2024-01-16 12:40:36.7675 | INFO | Request starting HTTP/2 GET https://localhost:7225/swagger/index.html - -
2024-01-16 12:40:37.0056 | INFO | Request finished HTTP/2 GET https://localhost:7225/swagger/index.html - - - 200 - text/html;charset=utf-8 242.9330ms
2024-01-16 12:40:37.0056 | INFO | Request starting HTTP/2 GET https://localhost:7225/_framework/aspnetcore-browser-refresh.js - -
2024-01-16 12:40:37.0056 | INFO | Request starting HTTP/2 GET https://localhost:7225/_vs/browserLink - -
2024-01-16 12:40:37.0056 | INFO | Request finished HTTP/2 GET https://localhost:7225/_framework/aspnetcore-browser-refresh.js - - - 200 13776 application/javascript;+charset=utf-8 5.1405ms
2024-01-16 12:40:37.0652 | INFO | Request finished HTTP/2 GET https://localhost:7225/_vs/browserLink - - - 200 - text/javascript;+charset=UTF-8 57.3200ms
2024-01-16 12:40:37.1153 | INFO | Request starting HTTP/2 GET https://localhost:7225/swagger/V1/swagger.json - -
2024-01-16 12:40:37.4213 | INFO | Request finished HTTP/2 GET https://localhost:7225/swagger/V1/swagger.json - - - 200 - application/json;charset=utf-8 307.3887ms
2024-01-16 12:41:02.1590 | INFO | Request starting HTTP/2 POST https://localhost:7225/api/Test application/json 18
2024-01-16 12:41:02.2218 | INFO | CORS policy execution successful.
2024-01-16 12:41:02.2891 | INFO | Executing endpoint 'webapi.net7.sqlsugar.Controllers.ApiLoginController.Test (webapi.net7.sqlsugar)'
2024-01-16 12:41:02.3189 | INFO | Route matched with {action = "Test", controller = "ApiLogin"}. Executing controller action with signature System.Object Test(System.Object) on controller webapi.net7.sqlsugar.Controllers.ApiLoginController (webapi.net7.sqlsugar).
2024-01-16 12:41:02.3316 | INFO | Executing action method webapi.net7.sqlsugar.Controllers.ApiLoginController.Test (webapi.net7.sqlsugar) - Validation state: Valid
2024-01-16 12:43:03.5034 | INFO | Executed action webapi.net7.sqlsugar.Controllers.ApiLoginController.Test (webapi.net7.sqlsugar) in 121190.0591ms
2024-01-16 12:43:03.5034 | INFO | Executed endpoint 'webapi.net7.sqlsugar.Controllers.ApiLoginController.Test (webapi.net7.sqlsugar)'
2024-01-16 12:43:03.5475 | ERROR | An unhandled exception has occurred while executing the request.
2024-01-16 12:43:03.5500 | INFO | Request finished HTTP/2 POST https://localhost:7225/api/Test application/json 18 - 500 - text/plain;+charset=utf-8 121391.8002ms
2024-01-16 12:47:16.3215 | INFO | User profile is available. Using 'C:\Users\Administrator\AppData\Local\ASP.NET\DataProtection-Keys' as key repository and Windows DPAPI to encrypt keys at rest.
2024-01-16 12:47:16.5201 | INFO | Now listening on: https://localhost:7225
2024-01-16 12:47:16.5201 | INFO | Now listening on: http://localhost:5148
2024-01-16 12:47:16.5201 | INFO | Application started. Press Ctrl+C to shut down.
2024-01-16 12:47:16.5201 | INFO | Hosting environment: Development
2024-01-16 12:47:16.5201 | INFO | Content root path: D:\BaiduSyncdisk\webapi.net7+sqlsugar\webapi.net7.sqlsugar\webapi.net7.sqlsugar
2024-01-16 12:47:20.7362 | INFO | Request starting HTTP/2 GET https://localhost:7225/swagger/index.html - -
2024-01-16 12:47:20.9573 | INFO | Request starting HTTP/2 GET https://localhost:7225/_framework/aspnetcore-browser-refresh.js - -
2024-01-16 12:47:20.9573 | INFO | Request starting HTTP/2 GET https://localhost:7225/_vs/browserLink - -
2024-01-16 12:47:20.9573 | INFO | Request finished HTTP/2 GET https://localhost:7225/swagger/index.html - - - 200 - text/html;charset=utf-8 225.2831ms
2024-01-16 12:47:20.9573 | INFO | Request finished HTTP/2 GET https://localhost:7225/_framework/aspnetcore-browser-refresh.js - - - 200 13776 application/javascript;+charset=utf-8 9.6679ms
2024-01-16 12:47:21.0048 | INFO | Request finished HTTP/2 GET https://localhost:7225/_vs/browserLink - - - 200 - text/javascript;+charset=UTF-8 52.1200ms
2024-01-16 12:47:21.0542 | INFO | Request starting HTTP/2 GET https://localhost:7225/swagger/V1/swagger.json - -
2024-01-16 12:47:21.3317 | INFO | Request finished HTTP/2 GET https://localhost:7225/swagger/V1/swagger.json - - - 200 - application/json;charset=utf-8 277.6521ms
2024-01-16 12:47:47.0352 | INFO | Request starting HTTP/2 POST https://localhost:7225/api/Test application/json 18
2024-01-16 12:47:47.0924 | INFO | CORS policy execution successful.
2024-01-16 12:47:47.1590 | INFO | Executing endpoint 'webapi.net7.sqlsugar.Controllers.ApiLoginController.Test (webapi.net7.sqlsugar)'
2024-01-16 12:47:47.1811 | INFO | Route matched with {action = "Test", controller = "ApiLogin"}. Executing controller action with signature System.Object Test(System.Object) on controller webapi.net7.sqlsugar.Controllers.ApiLoginController (webapi.net7.sqlsugar).
2024-01-16 12:47:47.2060 | INFO | Executing action method webapi.net7.sqlsugar.Controllers.ApiLoginController.Test (webapi.net7.sqlsugar) - Validation state: Valid
2024-01-16 12:47:47.2566 | INFO | Executed action method webapi.net7.sqlsugar.Controllers.ApiLoginController.Test (webapi.net7.sqlsugar), returned result Microsoft.AspNetCore.Mvc.ObjectResult in 41.1952ms.
2024-01-16 12:47:47.2566 | INFO | Executing ObjectResult, writing value of type 'System.String[]'.
2024-01-16 12:47:47.2566 | INFO | Executed action webapi.net7.sqlsugar.Controllers.ApiLoginController.Test (webapi.net7.sqlsugar) in 82.5028ms
2024-01-16 12:47:47.2566 | INFO | Executed endpoint 'webapi.net7.sqlsugar.Controllers.ApiLoginController.Test (webapi.net7.sqlsugar)'
2024-01-16 12:47:47.4677 | INFO | Request finished HTTP/2 POST https://localhost:7225/api/Test application/json 18 - 200 - application/json;+charset=utf-8 431.2432ms
2024-01-16 13:03:01.6636 | INFO | User profile is available. Using 'C:\Users\Administrator\AppData\Local\ASP.NET\DataProtection-Keys' as key repository and Windows DPAPI to encrypt keys at rest.
2024-01-16 13:03:01.8450 | INFO | Now listening on: https://localhost:7225
2024-01-16 13:03:01.8468 | INFO | Now listening on: http://localhost:5148
2024-01-16 13:03:01.8468 | INFO | Application started. Press Ctrl+C to shut down.
2024-01-16 13:03:01.8468 | INFO | Hosting environment: Development
2024-01-16 13:03:01.8468 | INFO | Content root path: D:\BaiduSyncdisk\webapi.net7+sqlsugar\webapi.net7.sqlsugar\webapi.net7.sqlsugar
2024-01-16 13:03:02.7639 | INFO | Request starting HTTP/2 GET https://localhost:7225/swagger/index.html - -
2024-01-16 13:03:02.9883 | INFO | Request starting HTTP/2 GET https://localhost:7225/_vs/browserLink - -
2024-01-16 13:03:02.9883 | INFO | Request finished HTTP/2 GET https://localhost:7225/swagger/index.html - - - 200 - text/html;charset=utf-8 232.3166ms
2024-01-16 13:03:03.0034 | INFO | Request starting HTTP/2 GET https://localhost:7225/_framework/aspnetcore-browser-refresh.js - -
2024-01-16 13:03:03.0200 | INFO | Request finished HTTP/2 GET https://localhost:7225/_framework/aspnetcore-browser-refresh.js - - - 200 13776 application/javascript;+charset=utf-8 16.6536ms
2024-01-16 13:03:03.0490 | INFO | Request finished HTTP/2 GET https://localhost:7225/_vs/browserLink - - - 200 - text/javascript;+charset=UTF-8 57.9997ms
2024-01-16 13:03:03.0940 | INFO | Request starting HTTP/2 GET https://localhost:7225/swagger/V1/swagger.json - -
2024-01-16 13:03:03.3622 | INFO | Request finished HTTP/2 GET https://localhost:7225/swagger/V1/swagger.json - - - 200 - application/json;charset=utf-8 267.7471ms
2024-01-16 13:03:43.6924 | INFO | Request starting HTTP/2 POST https://localhost:7225/api/Test application/json 36
2024-01-16 13:03:43.7556 | INFO | CORS policy execution successful.
2024-01-16 13:03:43.8165 | INFO | Executing endpoint 'webapi.net7.sqlsugar.Controllers.ApiLoginController.Test (webapi.net7.sqlsugar)'
2024-01-16 13:03:43.8448 | INFO | Route matched with {action = "Test", controller = "ApiLogin"}. Executing controller action with signature System.Object Test(System.Object) on controller webapi.net7.sqlsugar.Controllers.ApiLoginController (webapi.net7.sqlsugar).
2024-01-16 13:03:43.8775 | INFO | Executing BadRequestObjectResult, writing value of type 'Microsoft.AspNetCore.Mvc.ValidationProblemDetails'.
2024-01-16 13:03:43.8775 | INFO | Executed action webapi.net7.sqlsugar.Controllers.ApiLoginController.Test (webapi.net7.sqlsugar) in 36.8766ms
2024-01-16 13:03:43.8775 | INFO | Executed endpoint 'webapi.net7.sqlsugar.Controllers.ApiLoginController.Test (webapi.net7.sqlsugar)'
2024-01-16 13:03:44.0806 | INFO | Request finished HTTP/2 POST https://localhost:7225/api/Test application/json 36 - 400 - application/problem+json;+charset=utf-8 385.1656ms
2024-01-16 13:04:20.2635 | INFO | Request starting HTTP/2 POST https://localhost:7225/api/Test application/json 36
2024-01-16 13:04:20.2635 | INFO | CORS policy execution successful.
2024-01-16 13:04:20.2769 | INFO | Executing endpoint 'webapi.net7.sqlsugar.Controllers.ApiLoginController.Test (webapi.net7.sqlsugar)'
2024-01-16 13:04:20.2769 | INFO | Route matched with {action = "Test", controller = "ApiLogin"}. Executing controller action with signature System.Object Test(System.Object) on controller webapi.net7.sqlsugar.Controllers.ApiLoginController (webapi.net7.sqlsugar).
2024-01-16 13:04:20.2769 | INFO | Executing BadRequestObjectResult, writing value of type 'Microsoft.AspNetCore.Mvc.ValidationProblemDetails'.
2024-01-16 13:04:20.2769 | INFO | Executed action webapi.net7.sqlsugar.Controllers.ApiLoginController.Test (webapi.net7.sqlsugar) in 2.1436ms
2024-01-16 13:04:20.2769 | INFO | Executed endpoint 'webapi.net7.sqlsugar.Controllers.ApiLoginController.Test (webapi.net7.sqlsugar)'
2024-01-16 13:04:20.2854 | INFO | Request finished HTTP/2 POST https://localhost:7225/api/Test application/json 36 - 400 - application/problem+json;+charset=utf-8 22.5403ms
2024-01-16 13:04:22.7139 | INFO | Request starting HTTP/2 POST https://localhost:7225/api/Test application/json 36
2024-01-16 13:04:22.7139 | INFO | CORS policy execution successful.
2024-01-16 13:04:22.7139 | INFO | Executing endpoint 'webapi.net7.sqlsugar.Controllers.ApiLoginController.Test (webapi.net7.sqlsugar)'
2024-01-16 13:04:22.7139 | INFO | Route matched with {action = "Test", controller = "ApiLogin"}. Executing controller action with signature System.Object Test(System.Object) on controller webapi.net7.sqlsugar.Controllers.ApiLoginController (webapi.net7.sqlsugar).
2024-01-16 13:04:22.7139 | INFO | Executing BadRequestObjectResult, writing value of type 'Microsoft.AspNetCore.Mvc.ValidationProblemDetails'.
2024-01-16 13:04:22.7139 | INFO | Executed action webapi.net7.sqlsugar.Controllers.ApiLoginController.Test (webapi.net7.sqlsugar) in 1.5783ms
2024-01-16 13:04:22.7139 | INFO | Executed endpoint 'webapi.net7.sqlsugar.Controllers.ApiLoginController.Test (webapi.net7.sqlsugar)'
2024-01-16 13:04:22.7139 | INFO | Request finished HTTP/2 POST https://localhost:7225/api/Test application/json 36 - 400 - application/problem+json;+charset=utf-8 5.6328ms
2024-01-16 13:04:36.8492 | INFO | User profile is available. Using 'C:\Users\Administrator\AppData\Local\ASP.NET\DataProtection-Keys' as key repository and Windows DPAPI to encrypt keys at rest.
2024-01-16 13:04:37.0197 | INFO | Now listening on: https://localhost:7225
2024-01-16 13:04:37.0197 | INFO | Now listening on: http://localhost:5148
2024-01-16 13:04:37.0197 | INFO | Application started. Press Ctrl+C to shut down.
2024-01-16 13:04:37.0197 | INFO | Hosting environment: Development
2024-01-16 13:04:37.0197 | INFO | Content root path: D:\BaiduSyncdisk\webapi.net7+sqlsugar\webapi.net7.sqlsugar\webapi.net7.sqlsugar
2024-01-16 13:04:37.6895 | INFO | Request starting HTTP/2 GET https://localhost:7225/swagger/index.html - -
2024-01-16 13:04:37.9485 | INFO | Request starting HTTP/2 GET https://localhost:7225/_vs/browserLink - -
2024-01-16 13:04:37.9485 | INFO | Request starting HTTP/2 GET https://localhost:7225/_framework/aspnetcore-browser-refresh.js - -
2024-01-16 13:04:37.9485 | INFO | Request finished HTTP/2 GET https://localhost:7225/swagger/index.html - - - 200 - text/html;charset=utf-8 266.8234ms
2024-01-16 13:04:37.9566 | INFO | Request finished HTTP/2 GET https://localhost:7225/_framework/aspnetcore-browser-refresh.js - - - 200 13776 application/javascript;+charset=utf-8 15.1023ms
2024-01-16 13:04:38.0023 | INFO | Request finished HTTP/2 GET https://localhost:7225/_vs/browserLink - - - 200 - text/javascript;+charset=UTF-8 54.5860ms
2024-01-16 13:04:38.0493 | INFO | Request starting HTTP/2 GET https://localhost:7225/swagger/V1/swagger.json - -
2024-01-16 13:04:38.3210 | INFO | Request finished HTTP/2 GET https://localhost:7225/swagger/V1/swagger.json - - - 200 - application/json;charset=utf-8 273.7342ms
2024-01-16 13:04:44.9599 | INFO | Request starting HTTP/2 POST https://localhost:7225/api/Test application/json 36
2024-01-16 13:04:45.0569 | INFO | CORS policy execution successful.
2024-01-16 13:04:45.1478 | INFO | Executing endpoint 'webapi.net7.sqlsugar.Controllers.ApiLoginController.Test (webapi.net7.sqlsugar)'
2024-01-16 13:04:45.1840 | INFO | Route matched with {action = "Test", controller = "ApiLogin"}. Executing controller action with signature System.Object Test(System.Object) on controller webapi.net7.sqlsugar.Controllers.ApiLoginController (webapi.net7.sqlsugar).
2024-01-16 13:04:45.2216 | INFO | Executing BadRequestObjectResult, writing value of type 'Microsoft.AspNetCore.Mvc.ValidationProblemDetails'.
2024-01-16 13:04:45.2390 | INFO | Executed action webapi.net7.sqlsugar.Controllers.ApiLoginController.Test (webapi.net7.sqlsugar) in 50.2642ms
2024-01-16 13:04:45.2390 | INFO | Executed endpoint 'webapi.net7.sqlsugar.Controllers.ApiLoginController.Test (webapi.net7.sqlsugar)'
2024-01-16 13:04:45.4793 | INFO | Request finished HTTP/2 POST https://localhost:7225/api/Test application/json 36 - 400 - application/problem+json;+charset=utf-8 512.7299ms
2024-01-16 13:04:59.9182 | INFO | User profile is available. Using 'C:\Users\Administrator\AppData\Local\ASP.NET\DataProtection-Keys' as key repository and Windows DPAPI to encrypt keys at rest.
2024-01-16 13:05:00.1115 | INFO | Now listening on: https://localhost:7225
2024-01-16 13:05:00.1130 | INFO | Now listening on: http://localhost:5148
2024-01-16 13:05:00.1130 | INFO | Application started. Press Ctrl+C to shut down.
2024-01-16 13:05:00.1130 | INFO | Hosting environment: Development
2024-01-16 13:05:00.1130 | INFO | Content root path: D:\BaiduSyncdisk\webapi.net7+sqlsugar\webapi.net7.sqlsugar\webapi.net7.sqlsugar
2024-01-16 13:05:03.6549 | INFO | Request starting HTTP/2 GET https://localhost:7225/swagger/index.html - -
2024-01-16 13:05:03.8777 | INFO | Request finished HTTP/2 GET https://localhost:7225/swagger/index.html - - - 200 - text/html;charset=utf-8 232.9533ms
2024-01-16 13:05:03.8945 | INFO | Request starting HTTP/2 GET https://localhost:7225/_framework/aspnetcore-browser-refresh.js - -
2024-01-16 13:05:03.8945 | INFO | Request starting HTTP/2 GET https://localhost:7225/_vs/browserLink - -
2024-01-16 13:05:03.8945 | INFO | Request finished HTTP/2 GET https://localhost:7225/_framework/aspnetcore-browser-refresh.js - - - 200 13776 application/javascript;+charset=utf-8 10.7369ms
2024-01-16 13:05:03.9554 | INFO | Request finished HTTP/2 GET https://localhost:7225/_vs/browserLink - - - 200 - text/javascript;+charset=UTF-8 62.8872ms
2024-01-16 13:05:04.0049 | INFO | Request starting HTTP/2 GET https://localhost:7225/swagger/V1/swagger.json - -
2024-01-16 13:05:04.3161 | INFO | Request finished HTTP/2 GET https://localhost:7225/swagger/V1/swagger.json - - - 200 - application/json;charset=utf-8 310.7760ms
2024-01-16 13:05:10.7398 | INFO | Request starting HTTP/2 POST https://localhost:7225/api/Test application/json 36
2024-01-16 13:05:10.7996 | INFO | CORS policy execution successful.
2024-01-16 13:05:10.8627 | INFO | Executing endpoint 'webapi.net7.sqlsugar.Controllers.ApiLoginController.Test (webapi.net7.sqlsugar)'
2024-01-16 13:05:10.8845 | INFO | Route matched with {action = "Test", controller = "ApiLogin"}. Executing controller action with signature System.Object Test(System.Object) on controller webapi.net7.sqlsugar.Controllers.ApiLoginController (webapi.net7.sqlsugar).
2024-01-16 13:05:10.9092 | INFO | Executing BadRequestObjectResult, writing value of type 'Microsoft.AspNetCore.Mvc.ValidationProblemDetails'.
2024-01-16 13:05:10.9092 | INFO | Executed action webapi.net7.sqlsugar.Controllers.ApiLoginController.Test (webapi.net7.sqlsugar) in 30.9592ms
2024-01-16 13:05:10.9092 | INFO | Executed endpoint 'webapi.net7.sqlsugar.Controllers.ApiLoginController.Test (webapi.net7.sqlsugar)'
2024-01-16 13:05:11.0980 | INFO | Request finished HTTP/2 POST https://localhost:7225/api/Test application/json 36 - 400 - application/problem+json;+charset=utf-8 355.5120ms
2024-01-16 13:05:27.9084 | INFO | Request starting HTTP/2 POST https://localhost:7225/api/Test application/json 36
2024-01-16 13:05:27.9084 | INFO | CORS policy execution successful.
2024-01-16 13:05:27.9084 | INFO | Executing endpoint 'webapi.net7.sqlsugar.Controllers.ApiLoginController.Test (webapi.net7.sqlsugar)'
2024-01-16 13:05:27.9084 | INFO | Route matched with {action = "Test", controller = "ApiLogin"}. Executing controller action with signature System.Object Test(System.Object) on controller webapi.net7.sqlsugar.Controllers.ApiLoginController (webapi.net7.sqlsugar).
2024-01-16 13:05:27.9256 | INFO | Executing BadRequestObjectResult, writing value of type 'Microsoft.AspNetCore.Mvc.ValidationProblemDetails'.
2024-01-16 13:05:27.9256 | INFO | Executed action webapi.net7.sqlsugar.Controllers.ApiLoginController.Test (webapi.net7.sqlsugar) in 4.8264ms
2024-01-16 13:05:27.9256 | INFO | Executed endpoint 'webapi.net7.sqlsugar.Controllers.ApiLoginController.Test (webapi.net7.sqlsugar)'
2024-01-16 13:05:27.9256 | INFO | Request finished HTTP/2 POST https://localhost:7225/api/Test application/json 36 - 400 - application/problem+json;+charset=utf-8 22.4967ms
2024-01-16 13:05:41.1838 | INFO | Request starting HTTP/2 POST https://localhost:7225/api/Test application/json 36
2024-01-16 13:05:41.1838 | INFO | CORS policy execution successful.
2024-01-16 13:05:41.1838 | INFO | Executing endpoint 'webapi.net7.sqlsugar.Controllers.ApiLoginController.Test (webapi.net7.sqlsugar)'
2024-01-16 13:05:41.1838 | INFO | Route matched with {action = "Test", controller = "ApiLogin"}. Executing controller action with signature System.Object Test(System.Object) on controller webapi.net7.sqlsugar.Controllers.ApiLoginController (webapi.net7.sqlsugar).
2024-01-16 13:05:41.1838 | INFO | Executing BadRequestObjectResult, writing value of type 'Microsoft.AspNetCore.Mvc.ValidationProblemDetails'.
2024-01-16 13:05:41.1896 | INFO | Executed action webapi.net7.sqlsugar.Controllers.ApiLoginController.Test (webapi.net7.sqlsugar) in 1.7373ms
2024-01-16 13:05:41.1896 | INFO | Executed endpoint 'webapi.net7.sqlsugar.Controllers.ApiLoginController.Test (webapi.net7.sqlsugar)'
2024-01-16 13:05:41.1896 | INFO | Request finished HTTP/2 POST https://localhost:7225/api/Test application/json 36 - 400 - application/problem+json;+charset=utf-8 6.5717ms
2024-01-16 13:05:59.1282 | INFO | User profile is available. Using 'C:\Users\Administrator\AppData\Local\ASP.NET\DataProtection-Keys' as key repository and Windows DPAPI to encrypt keys at rest.
2024-01-16 13:05:59.3059 | INFO | Now listening on: https://localhost:7225
2024-01-16 13:05:59.3059 | INFO | Now listening on: http://localhost:5148
2024-01-16 13:05:59.3059 | INFO | Application started. Press Ctrl+C to shut down.
2024-01-16 13:05:59.3059 | INFO | Hosting environment: Development
2024-01-16 13:05:59.3059 | INFO | Content root path: D:\BaiduSyncdisk\webapi.net7+sqlsugar\webapi.net7.sqlsugar\webapi.net7.sqlsugar
2024-01-16 13:06:02.8817 | INFO | Request starting HTTP/2 GET https://localhost:7225/swagger/index.html - -
2024-01-16 13:06:03.1171 | INFO | Request finished HTTP/2 GET https://localhost:7225/swagger/index.html - - - 200 - text/html;charset=utf-8 239.2442ms
2024-01-16 13:06:03.1286 | INFO | Request starting HTTP/2 GET https://localhost:7225/_vs/browserLink - -
2024-01-16 13:06:03.1286 | INFO | Request starting HTTP/2 GET https://localhost:7225/_framework/aspnetcore-browser-refresh.js - -
2024-01-16 13:06:03.1286 | INFO | Request finished HTTP/2 GET https://localhost:7225/_framework/aspnetcore-browser-refresh.js - - - 200 13776 application/javascript;+charset=utf-8 9.9010ms
2024-01-16 13:06:03.1742 | INFO | Request finished HTTP/2 GET https://localhost:7225/_vs/browserLink - - - 200 - text/javascript;+charset=UTF-8 46.8470ms
2024-01-16 13:06:03.2168 | INFO | Request starting HTTP/2 GET https://localhost:7225/swagger/V1/swagger.json - -
2024-01-16 13:06:03.4977 | INFO | Request finished HTTP/2 GET https://localhost:7225/swagger/V1/swagger.json - - - 200 - application/json;charset=utf-8 282.4248ms
2024-01-16 13:06:16.4124 | INFO | Request starting HTTP/2 POST https://localhost:7225/api/Test application/json 36
2024-01-16 13:06:16.4736 | INFO | CORS policy execution successful.
2024-01-16 13:06:16.5512 | INFO | Executing endpoint 'webapi.net7.sqlsugar.Controllers.ApiLoginController.Test (webapi.net7.sqlsugar)'
2024-01-16 13:06:16.5858 | INFO | Route matched with {action = "Test", controller = "ApiLogin"}. Executing controller action with signature System.Object Test(System.Object) on controller webapi.net7.sqlsugar.Controllers.ApiLoginController (webapi.net7.sqlsugar).
2024-01-16 13:06:16.6275 | INFO | Executing action method webapi.net7.sqlsugar.Controllers.ApiLoginController.Test (webapi.net7.sqlsugar) - Validation state: Valid
2024-01-16 13:06:41.3952 | INFO | Executed action method webapi.net7.sqlsugar.Controllers.ApiLoginController.Test (webapi.net7.sqlsugar), returned result Microsoft.AspNetCore.Mvc.ObjectResult in 24758.337ms.
2024-01-16 13:06:41.3952 | INFO | Executing ObjectResult, writing value of type 'System.Collections.Generic.List`1[[System.String, System.Private.CoreLib, Version=7.0.0.0, Culture=neutral, PublicKeyToken=7cec85d7bea7798e]]'.
2024-01-16 13:06:41.4089 | INFO | Executed action webapi.net7.sqlsugar.Controllers.ApiLoginController.Test (webapi.net7.sqlsugar) in 24816.7355ms
2024-01-16 13:06:41.4089 | INFO | Executed endpoint 'webapi.net7.sqlsugar.Controllers.ApiLoginController.Test (webapi.net7.sqlsugar)'
2024-01-16 13:06:41.5931 | INFO | Request finished HTTP/2 POST https://localhost:7225/api/Test application/json 36 - 200 - application/json;+charset=utf-8 25178.3782ms
2024-01-16 13:08:05.5624 | INFO | User profile is available. Using 'C:\Users\Administrator\AppData\Local\ASP.NET\DataProtection-Keys' as key repository and Windows DPAPI to encrypt keys at rest.
2024-01-16 13:08:05.7424 | INFO | Now listening on: https://localhost:7225
2024-01-16 13:08:05.7424 | INFO | Now listening on: http://localhost:5148
2024-01-16 13:08:05.7424 | INFO | Application started. Press Ctrl+C to shut down.
2024-01-16 13:08:05.7424 | INFO | Hosting environment: Development
2024-01-16 13:08:05.7424 | INFO | Content root path: D:\BaiduSyncdisk\webapi.net7+sqlsugar\webapi.net7.sqlsugar\webapi.net7.sqlsugar
2024-01-16 13:08:09.2267 | INFO | Request starting HTTP/2 GET https://localhost:7225/swagger/index.html - -
2024-01-16 13:08:09.4430 | INFO | Request finished HTTP/2 GET https://localhost:7225/swagger/index.html - - - 200 - text/html;charset=utf-8 229.0510ms
2024-01-16 13:08:09.4612 | INFO | Request starting HTTP/2 GET https://localhost:7225/_framework/aspnetcore-browser-refresh.js - -
2024-01-16 13:08:09.4612 | INFO | Request starting HTTP/2 GET https://localhost:7225/_vs/browserLink - -
2024-01-16 13:08:09.4726 | INFO | Request finished HTTP/2 GET https://localhost:7225/_framework/aspnetcore-browser-refresh.js - - - 200 13776 application/javascript;+charset=utf-8 4.5565ms
2024-01-16 13:08:09.5052 | INFO | Request finished HTTP/2 GET https://localhost:7225/_vs/browserLink - - - 200 - text/javascript;+charset=UTF-8 45.4767ms
2024-01-16 13:08:09.5507 | INFO | Request starting HTTP/2 GET https://localhost:7225/swagger/V1/swagger.json - -
2024-01-16 13:08:09.8556 | INFO | Request finished HTTP/2 GET https://localhost:7225/swagger/V1/swagger.json - - - 200 - application/json;charset=utf-8 308.4624ms
2024-01-16 13:08:18.7559 | INFO | Request starting HTTP/2 POST https://localhost:7225/api/Test application/json 36
2024-01-16 13:08:18.8166 | INFO | CORS policy execution successful.
2024-01-16 13:08:18.8786 | INFO | Executing endpoint 'webapi.net7.sqlsugar.Controllers.ApiLoginController.Test (webapi.net7.sqlsugar)'
2024-01-16 13:08:18.9049 | INFO | Route matched with {action = "Test", controller = "ApiLogin"}. Executing controller action with signature System.Object Test(System.Object) on controller webapi.net7.sqlsugar.Controllers.ApiLoginController (webapi.net7.sqlsugar).
2024-01-16 13:08:18.9309 | INFO | Executing BadRequestObjectResult, writing value of type 'Microsoft.AspNetCore.Mvc.ValidationProblemDetails'.
2024-01-16 13:08:18.9447 | INFO | Executed action webapi.net7.sqlsugar.Controllers.ApiLoginController.Test (webapi.net7.sqlsugar) in 39.0842ms
2024-01-16 13:08:18.9447 | INFO | Executed endpoint 'webapi.net7.sqlsugar.Controllers.ApiLoginController.Test (webapi.net7.sqlsugar)'
2024-01-16 13:08:19.1607 | INFO | Request finished HTTP/2 POST https://localhost:7225/api/Test application/json 36 - 400 - application/problem+json;+charset=utf-8 401.7925ms
2024-01-16 13:15:53.1054 | INFO | User profile is available. Using 'C:\Users\Administrator\AppData\Local\ASP.NET\DataProtection-Keys' as key repository and Windows DPAPI to encrypt keys at rest.
2024-01-16 13:15:53.3150 | INFO | Now listening on: https://localhost:7225
2024-01-16 13:15:53.3150 | INFO | Now listening on: http://localhost:5148
2024-01-16 13:15:53.3150 | INFO | Application started. Press Ctrl+C to shut down.
2024-01-16 13:15:53.3150 | INFO | Hosting environment: Development
2024-01-16 13:15:53.3150 | INFO | Content root path: D:\BaiduSyncdisk\webapi.net7+sqlsugar\webapi.net7.sqlsugar\webapi.net7.sqlsugar
2024-01-16 13:15:53.9447 | INFO | Request starting HTTP/2 GET https://localhost:7225/swagger/index.html - -
2024-01-16 13:15:54.1592 | INFO | Request starting HTTP/2 GET https://localhost:7225/_framework/aspnetcore-browser-refresh.js - -
2024-01-16 13:15:54.1592 | INFO | Request starting HTTP/2 GET https://localhost:7225/_vs/browserLink - -
2024-01-16 13:15:54.1746 | INFO | Request finished HTTP/2 GET https://localhost:7225/swagger/index.html - - - 200 - text/html;charset=utf-8 230.4770ms
2024-01-16 13:15:54.1746 | INFO | Request finished HTTP/2 GET https://localhost:7225/_framework/aspnetcore-browser-refresh.js - - - 200 13776 application/javascript;+charset=utf-8 5.2870ms
2024-01-16 13:15:54.2074 | INFO | Request finished HTTP/2 GET https://localhost:7225/_vs/browserLink - - - 200 - text/javascript;+charset=UTF-8 43.5699ms
2024-01-16 13:15:54.2556 | INFO | Request starting HTTP/2 GET https://localhost:7225/swagger/V1/swagger.json - -
2024-01-16 13:15:54.5379 | INFO | Request finished HTTP/2 GET https://localhost:7225/swagger/V1/swagger.json - - - 200 - application/json;charset=utf-8 281.3390ms
2024-01-16 13:16:40.7398 | INFO | Request starting HTTP/2 POST https://localhost:7225/api/Test application/json 37
2024-01-16 13:16:40.8059 | INFO | CORS policy execution successful.
2024-01-16 13:16:40.8783 | INFO | Executing endpoint 'webapi.net7.sqlsugar.Controllers.ApiLoginController.Test (webapi.net7.sqlsugar)'
2024-01-16 13:16:40.8970 | INFO | Route matched with {action = "Test", controller = "ApiLogin"}. Executing controller action with signature System.Object Test(System.Object) on controller webapi.net7.sqlsugar.Controllers.ApiLoginController (webapi.net7.sqlsugar).
2024-01-16 13:16:40.9127 | INFO | Executing action method webapi.net7.sqlsugar.Controllers.ApiLoginController.Test (webapi.net7.sqlsugar) - Validation state: Valid
2024-01-16 13:21:50.0718 | INFO | Executed action webapi.net7.sqlsugar.Controllers.ApiLoginController.Test (webapi.net7.sqlsugar) in 309170.9554ms
2024-01-16 13:21:50.0718 | INFO | Executed endpoint 'webapi.net7.sqlsugar.Controllers.ApiLoginController.Test (webapi.net7.sqlsugar)'
2024-01-16 13:21:50.1041 | ERROR | An unhandled exception has occurred while executing the request.
2024-01-16 13:21:50.1041 | INFO | Request finished HTTP/2 POST https://localhost:7225/api/Test application/json 37 - 500 - text/plain;+charset=utf-8 309355.7758ms
2024-01-16 13:21:51.0494 | INFO | Request starting HTTP/2 GET https://localhost:7225/swagger/index.html - -
2024-01-16 13:21:51.0686 | INFO | Request finished HTTP/2 GET https://localhost:7225/swagger/index.html - - - 200 - text/html;charset=utf-8 22.3411ms
2024-01-16 13:21:51.0818 | INFO | Request starting HTTP/2 GET https://localhost:7225/_framework/aspnetcore-browser-refresh.js - -
2024-01-16 13:21:51.0971 | INFO | Request starting HTTP/2 GET https://localhost:7225/_vs/browserLink - -
2024-01-16 13:21:51.0971 | INFO | Request finished HTTP/2 GET https://localhost:7225/_framework/aspnetcore-browser-refresh.js - - - 200 13776 application/javascript;+charset=utf-8 15.5456ms
2024-01-16 13:21:51.1453 | INFO | Request finished HTTP/2 GET https://localhost:7225/_vs/browserLink - - - 200 - text/javascript;+charset=UTF-8 56.8420ms
2024-01-16 13:21:51.2158 | INFO | Request starting HTTP/2 GET https://localhost:7225/swagger/V1/swagger.json - -
2024-01-16 13:21:51.2767 | INFO | Request finished HTTP/2 GET https://localhost:7225/swagger/V1/swagger.json - - - 200 - application/json;charset=utf-8 60.9347ms
2024-01-16 13:22:27.6696 | INFO | Request starting HTTP/2 POST https://localhost:7225/api/Test application/json 36
2024-01-16 13:22:27.6771 | INFO | CORS policy execution successful.
2024-01-16 13:22:27.6771 | INFO | Executing endpoint 'webapi.net7.sqlsugar.Controllers.ApiLoginController.Test (webapi.net7.sqlsugar)'
2024-01-16 13:22:27.6771 | INFO | Route matched with {action = "Test", controller = "ApiLogin"}. Executing controller action with signature System.Object Test(System.Object) on controller webapi.net7.sqlsugar.Controllers.ApiLoginController (webapi.net7.sqlsugar).
2024-01-16 13:22:27.6771 | INFO | Executing action method webapi.net7.sqlsugar.Controllers.ApiLoginController.Test (webapi.net7.sqlsugar) - Validation state: Valid
2024-01-16 13:22:27.8022 | INFO | Executed action method webapi.net7.sqlsugar.Controllers.ApiLoginController.Test (webapi.net7.sqlsugar), returned result Microsoft.AspNetCore.Mvc.ObjectResult in 117.4599ms.
2024-01-16 13:22:27.8022 | INFO | Executing ObjectResult, writing value of type '<>f__AnonymousType2`2[[System.String, System.Private.CoreLib, Version=7.0.0.0, Culture=neutral, PublicKeyToken=7cec85d7bea7798e],[System.String, System.Private.CoreLib, Version=7.0.0.0, Culture=neutral, PublicKeyToken=7cec85d7bea7798e]]'.
2024-01-16 13:22:27.8022 | INFO | Executed action webapi.net7.sqlsugar.Controllers.ApiLoginController.Test (webapi.net7.sqlsugar) in 129.9148ms
2024-01-16 13:22:27.8022 | INFO | Executed endpoint 'webapi.net7.sqlsugar.Controllers.ApiLoginController.Test (webapi.net7.sqlsugar)'
2024-01-16 13:22:28.0035 | INFO | Request finished HTTP/2 POST https://localhost:7225/api/Test application/json 36 - 200 - application/json;+charset=utf-8 333.4369ms
2024-01-16 13:23:07.5497 | INFO | User profile is available. Using 'C:\Users\Administrator\AppData\Local\ASP.NET\DataProtection-Keys' as key repository and Windows DPAPI to encrypt keys at rest.
2024-01-16 13:23:07.7282 | INFO | Now listening on: https://localhost:7225
2024-01-16 13:23:07.7282 | INFO | Now listening on: http://localhost:5148
2024-01-16 13:23:07.7282 | INFO | Application started. Press Ctrl+C to shut down.
2024-01-16 13:23:07.7282 | INFO | Hosting environment: Development
2024-01-16 13:23:07.7282 | INFO | Content root path: D:\BaiduSyncdisk\webapi.net7+sqlsugar\webapi.net7.sqlsugar\webapi.net7.sqlsugar
2024-01-16 13:23:08.3342 | INFO | Request starting HTTP/2 GET https://localhost:7225/swagger/index.html - -
2024-01-16 13:23:08.5834 | INFO | Request finished HTTP/2 GET https://localhost:7225/swagger/index.html - - - 200 - text/html;charset=utf-8 255.1221ms
2024-01-16 13:23:08.5983 | INFO | Request starting HTTP/2 GET https://localhost:7225/_framework/aspnetcore-browser-refresh.js - -
2024-01-16 13:23:08.5983 | INFO | Request starting HTTP/2 GET https://localhost:7225/_vs/browserLink - -
2024-01-16 13:23:08.5983 | INFO | Request finished HTTP/2 GET https://localhost:7225/_framework/aspnetcore-browser-refresh.js - - - 200 13776 application/javascript;+charset=utf-8 12.4034ms
2024-01-16 13:23:08.6444 | INFO | Request finished HTTP/2 GET https://localhost:7225/_vs/browserLink - - - 200 - text/javascript;+charset=UTF-8 55.6170ms
2024-01-16 13:23:08.7133 | INFO | Request starting HTTP/2 GET https://localhost:7225/swagger/V1/swagger.json - -
2024-01-16 13:23:09.0128 | INFO | Request finished HTTP/2 GET https://localhost:7225/swagger/V1/swagger.json - - - 200 - application/json;charset=utf-8 301.2842ms
2024-01-16 13:23:46.6451 | INFO | Request starting HTTP/2 POST https://localhost:7225/api/Test application/json 36
2024-01-16 13:23:46.7242 | INFO | CORS policy execution successful.
2024-01-16 13:23:46.7848 | INFO | Executing endpoint 'webapi.net7.sqlsugar.Controllers.ApiLoginController.Test (webapi.net7.sqlsugar)'
2024-01-16 13:23:46.8030 | INFO | Route matched with {action = "Test", controller = "ApiLogin"}. Executing controller action with signature System.Object Test(System.Object) on controller webapi.net7.sqlsugar.Controllers.ApiLoginController (webapi.net7.sqlsugar).
2024-01-16 13:23:46.8310 | INFO | Executing BadRequestObjectResult, writing value of type 'Microsoft.AspNetCore.Mvc.ValidationProblemDetails'.
2024-01-16 13:23:46.8310 | INFO | Executed action webapi.net7.sqlsugar.Controllers.ApiLoginController.Test (webapi.net7.sqlsugar) in 32.5396ms
2024-01-16 13:23:46.8310 | INFO | Executed endpoint 'webapi.net7.sqlsugar.Controllers.ApiLoginController.Test (webapi.net7.sqlsugar)'
2024-01-16 13:23:47.0336 | INFO | Request finished HTTP/2 POST https://localhost:7225/api/Test application/json 36 - 400 - application/problem+json;+charset=utf-8 383.0621ms
2024-01-16 13:24:15.1921 | INFO | Request starting HTTP/2 POST https://localhost:7225/api/Test application/json 36
2024-01-16 13:24:15.1921 | INFO | CORS policy execution successful.
2024-01-16 13:24:15.2100 | INFO | Executing endpoint 'webapi.net7.sqlsugar.Controllers.ApiLoginController.Test (webapi.net7.sqlsugar)'
2024-01-16 13:24:15.2100 | INFO | Route matched with {action = "Test", controller = "ApiLogin"}. Executing controller action with signature System.Object Test(System.Object) on controller webapi.net7.sqlsugar.Controllers.ApiLoginController (webapi.net7.sqlsugar).
2024-01-16 13:24:15.2100 | INFO | Executing BadRequestObjectResult, writing value of type 'Microsoft.AspNetCore.Mvc.ValidationProblemDetails'.
2024-01-16 13:24:15.2100 | INFO | Executed action webapi.net7.sqlsugar.Controllers.ApiLoginController.Test (webapi.net7.sqlsugar) in 1.7656ms
2024-01-16 13:24:15.2100 | INFO | Executed endpoint 'webapi.net7.sqlsugar.Controllers.ApiLoginController.Test (webapi.net7.sqlsugar)'
2024-01-16 13:24:15.2100 | INFO | Request finished HTTP/2 POST https://localhost:7225/api/Test application/json 36 - 400 - application/problem+json;+charset=utf-8 25.0238ms
2024-01-16 13:24:58.8561 | INFO | Request starting HTTP/2 POST https://localhost:7225/api/Test application/json 36
2024-01-16 13:24:58.8616 | INFO | CORS policy execution successful.
2024-01-16 13:24:58.8616 | INFO | Executing endpoint 'webapi.net7.sqlsugar.Controllers.ApiLoginController.Test (webapi.net7.sqlsugar)'
2024-01-16 13:24:58.8616 | INFO | Route matched with {action = "Test", controller = "ApiLogin"}. Executing controller action with signature System.Object Test(System.Object) on controller webapi.net7.sqlsugar.Controllers.ApiLoginController (webapi.net7.sqlsugar).
2024-01-16 13:24:58.8616 | INFO | Executing BadRequestObjectResult, writing value of type 'Microsoft.AspNetCore.Mvc.ValidationProblemDetails'.
2024-01-16 13:24:58.8616 | INFO | Executed action webapi.net7.sqlsugar.Controllers.ApiLoginController.Test (webapi.net7.sqlsugar) in 2.0099ms
2024-01-16 13:24:58.8616 | INFO | Executed endpoint 'webapi.net7.sqlsugar.Controllers.ApiLoginController.Test (webapi.net7.sqlsugar)'
2024-01-16 13:24:58.8616 | INFO | Request finished HTTP/2 POST https://localhost:7225/api/Test application/json 36 - 400 - application/problem+json;+charset=utf-8 12.3684ms
2024-01-16 13:25:46.0773 | INFO | Request starting HTTP/2 POST https://localhost:7225/api/Test application/json 61
2024-01-16 13:25:46.0811 | INFO | CORS policy execution successful.
2024-01-16 13:25:46.0811 | INFO | Executing endpoint 'webapi.net7.sqlsugar.Controllers.ApiLoginController.Test (webapi.net7.sqlsugar)'
2024-01-16 13:25:46.0811 | INFO | Route matched with {action = "Test", controller = "ApiLogin"}. Executing controller action with signature System.Object Test(System.Object) on controller webapi.net7.sqlsugar.Controllers.ApiLoginController (webapi.net7.sqlsugar).
2024-01-16 13:25:46.0961 | INFO | Executing action method webapi.net7.sqlsugar.Controllers.ApiLoginController.Test (webapi.net7.sqlsugar) - Validation state: Valid
2024-01-16 13:25:49.9328 | INFO | Executed action method webapi.net7.sqlsugar.Controllers.ApiLoginController.Test (webapi.net7.sqlsugar), returned result Microsoft.AspNetCore.Mvc.ObjectResult in 3829.1363ms.
2024-01-16 13:25:49.9328 | INFO | Executing ObjectResult, writing value of type '<>f__AnonymousType2`2[[System.String, System.Private.CoreLib, Version=7.0.0.0, Culture=neutral, PublicKeyToken=7cec85d7bea7798e],[System.String, System.Private.CoreLib, Version=7.0.0.0, Culture=neutral, PublicKeyToken=7cec85d7bea7798e]]'.
2024-01-16 13:25:49.9559 | INFO | Executed action webapi.net7.sqlsugar.Controllers.ApiLoginController.Test (webapi.net7.sqlsugar) in 3867.8848ms
2024-01-16 13:25:49.9559 | INFO | Executed endpoint 'webapi.net7.sqlsugar.Controllers.ApiLoginController.Test (webapi.net7.sqlsugar)'
2024-01-16 13:25:49.9559 | INFO | Request finished HTTP/2 POST https://localhost:7225/api/Test application/json 61 - 200 - application/json;+charset=utf-8 3876.7591ms
2024-01-16 13:26:22.3019 | INFO | Request starting HTTP/2 POST https://localhost:7225/api/Test application/json 44
2024-01-16 13:26:22.3019 | INFO | CORS policy execution successful.
2024-01-16 13:26:22.3019 | INFO | Executing endpoint 'webapi.net7.sqlsugar.Controllers.ApiLoginController.Test (webapi.net7.sqlsugar)'
2024-01-16 13:26:22.3019 | INFO | Route matched with {action = "Test", controller = "ApiLogin"}. Executing controller action with signature System.Object Test(System.Object) on controller webapi.net7.sqlsugar.Controllers.ApiLoginController (webapi.net7.sqlsugar).
2024-01-16 13:26:22.3019 | INFO | Executing action method webapi.net7.sqlsugar.Controllers.ApiLoginController.Test (webapi.net7.sqlsugar) - Validation state: Valid
2024-01-16 13:26:28.0860 | INFO | Executed action method webapi.net7.sqlsugar.Controllers.ApiLoginController.Test (webapi.net7.sqlsugar), returned result Microsoft.AspNetCore.Mvc.ObjectResult in 5776.5699ms.
2024-01-16 13:26:28.0860 | INFO | Executing ObjectResult, writing value of type '<>f__AnonymousType2`2[[System.String, System.Private.CoreLib, Version=7.0.0.0, Culture=neutral, PublicKeyToken=7cec85d7bea7798e],[System.String, System.Private.CoreLib, Version=7.0.0.0, Culture=neutral, PublicKeyToken=7cec85d7bea7798e]]'.
2024-01-16 13:26:28.0970 | INFO | Executed action webapi.net7.sqlsugar.Controllers.ApiLoginController.Test (webapi.net7.sqlsugar) in 5788.0154ms
2024-01-16 13:26:28.0970 | INFO | Executed endpoint 'webapi.net7.sqlsugar.Controllers.ApiLoginController.Test (webapi.net7.sqlsugar)'
2024-01-16 13:26:28.0970 | INFO | Request finished HTTP/2 POST https://localhost:7225/api/Test application/json 44 - 200 - application/json;+charset=utf-8 5797.2343ms
2024-01-16 13:26:41.6009 | INFO | Request starting HTTP/2 POST https://localhost:7225/api/Test application/json 42
2024-01-16 13:26:41.6009 | INFO | CORS policy execution successful.
2024-01-16 13:26:41.6009 | INFO | Executing endpoint 'webapi.net7.sqlsugar.Controllers.ApiLoginController.Test (webapi.net7.sqlsugar)'
2024-01-16 13:26:41.6009 | INFO | Route matched with {action = "Test", controller = "ApiLogin"}. Executing controller action with signature System.Object Test(System.Object) on controller webapi.net7.sqlsugar.Controllers.ApiLoginController (webapi.net7.sqlsugar).
2024-01-16 13:26:41.6009 | INFO | Executing action method webapi.net7.sqlsugar.Controllers.ApiLoginController.Test (webapi.net7.sqlsugar) - Validation state: Valid
2024-01-16 13:26:44.5988 | INFO | Executed action method webapi.net7.sqlsugar.Controllers.ApiLoginController.Test (webapi.net7.sqlsugar), returned result Microsoft.AspNetCore.Mvc.ObjectResult in 2995.8437ms.
2024-01-16 13:26:44.5988 | INFO | Executing ObjectResult, writing value of type '<>f__AnonymousType2`2[[System.String, System.Private.CoreLib, Version=7.0.0.0, Culture=neutral, PublicKeyToken=7cec85d7bea7798e],[System.String, System.Private.CoreLib, Version=7.0.0.0, Culture=neutral, PublicKeyToken=7cec85d7bea7798e]]'.
2024-01-16 13:26:44.6117 | INFO | Executed action webapi.net7.sqlsugar.Controllers.ApiLoginController.Test (webapi.net7.sqlsugar) in 3009.4618ms
2024-01-16 13:26:44.6117 | INFO | Executed endpoint 'webapi.net7.sqlsugar.Controllers.ApiLoginController.Test (webapi.net7.sqlsugar)'
2024-01-16 13:26:44.6117 | INFO | Request finished HTTP/2 POST https://localhost:7225/api/Test application/json 42 - 200 - application/json;+charset=utf-8 3011.9981ms
2024-01-16 13:40:31.3525 | INFO | User profile is available. Using 'C:\Users\Administrator\AppData\Local\ASP.NET\DataProtection-Keys' as key repository and Windows DPAPI to encrypt keys at rest.
2024-01-16 13:40:31.5587 | INFO | Now listening on: https://localhost:7225
2024-01-16 13:40:31.5587 | INFO | Now listening on: http://localhost:5148
2024-01-16 13:40:31.5587 | INFO | Application started. Press Ctrl+C to shut down.
2024-01-16 13:40:31.5587 | INFO | Hosting environment: Development
2024-01-16 13:40:31.5649 | INFO | Content root path: D:\BaiduSyncdisk\webapi.net7+sqlsugar\webapi.net7.sqlsugar\webapi.net7.sqlsugar
2024-01-16 13:40:35.1822 | INFO | Request starting HTTP/2 GET https://localhost:7225/swagger/index.html - -
2024-01-16 13:40:35.4096 | INFO | Request starting HTTP/2 GET https://localhost:7225/_vs/browserLink - -
2024-01-16 13:40:35.4096 | INFO | Request finished HTTP/2 GET https://localhost:7225/swagger/index.html - - - 200 - text/html;charset=utf-8 230.3804ms
2024-01-16 13:40:35.4096 | INFO | Request starting HTTP/2 GET https://localhost:7225/_framework/aspnetcore-browser-refresh.js - -
2024-01-16 13:40:35.4096 | INFO | Request finished HTTP/2 GET https://localhost:7225/_framework/aspnetcore-browser-refresh.js - - - 200 13776 application/javascript;+charset=utf-8 4.6642ms
2024-01-16 13:40:35.4558 | INFO | Request finished HTTP/2 GET https://localhost:7225/_vs/browserLink - - - 200 - text/javascript;+charset=UTF-8 46.4963ms
2024-01-16 13:40:35.5040 | INFO | Request starting HTTP/2 GET https://localhost:7225/swagger/V1/swagger.json - -
2024-01-16 13:40:35.8202 | INFO | Request finished HTTP/2 GET https://localhost:7225/swagger/V1/swagger.json - - - 200 - application/json;charset=utf-8 314.3040ms
2024-01-16 13:41:37.5559 | INFO | Request starting HTTP/2 POST https://localhost:7225/api/Test application/json 42
2024-01-16 13:41:37.6065 | INFO | CORS policy execution successful.
2024-01-16 13:41:37.6775 | INFO | Executing endpoint 'webapi.net7.sqlsugar.Controllers.ApiLoginController.Test (webapi.net7.sqlsugar)'
2024-01-16 13:41:37.6961 | INFO | Route matched with {action = "Test", controller = "ApiLogin"}. Executing controller action with signature System.Object Test(System.Object) on controller webapi.net7.sqlsugar.Controllers.ApiLoginController (webapi.net7.sqlsugar).
2024-01-16 13:41:37.7227 | INFO | Executing action method webapi.net7.sqlsugar.Controllers.ApiLoginController.Test (webapi.net7.sqlsugar) - Validation state: Valid
2024-01-16 13:41:47.2126 | INFO | Executed action method webapi.net7.sqlsugar.Controllers.ApiLoginController.Test (webapi.net7.sqlsugar), returned result Microsoft.AspNetCore.Mvc.ObjectResult in 9487.5001ms.
2024-01-16 13:41:47.2126 | INFO | Executing ObjectResult, writing value of type '<>f__AnonymousType2`2[[System.String, System.Private.CoreLib, Version=7.0.0.0, Culture=neutral, PublicKeyToken=7cec85d7bea7798e],[System.String, System.Private.CoreLib, Version=7.0.0.0, Culture=neutral, PublicKeyToken=7cec85d7bea7798e]]'.
2024-01-16 13:41:47.2415 | INFO | Executed action webapi.net7.sqlsugar.Controllers.ApiLoginController.Test (webapi.net7.sqlsugar) in 9544.8346ms
2024-01-16 13:41:47.2415 | INFO | Executed endpoint 'webapi.net7.sqlsugar.Controllers.ApiLoginController.Test (webapi.net7.sqlsugar)'
2024-01-16 13:41:47.4313 | INFO | Request finished HTTP/2 POST https://localhost:7225/api/Test application/json 42 - 200 - application/json;+charset=utf-8 9874.5902ms
2024-01-16 13:42:44.7862 | INFO | Request starting HTTP/2 POST https://localhost:7225/api/Test application/json 42
2024-01-16 13:42:44.7862 | INFO | CORS policy execution successful.
2024-01-16 13:42:44.8080 | INFO | Executing endpoint 'webapi.net7.sqlsugar.Controllers.ApiLoginController.Test (webapi.net7.sqlsugar)'
2024-01-16 13:42:44.8080 | INFO | Route matched with {action = "Test", controller = "ApiLogin"}. Executing controller action with signature System.Object Test(System.Object) on controller webapi.net7.sqlsugar.Controllers.ApiLoginController (webapi.net7.sqlsugar).
2024-01-16 13:42:44.8080 | INFO | Executing action method webapi.net7.sqlsugar.Controllers.ApiLoginController.Test (webapi.net7.sqlsugar) - Validation state: Valid
2024-01-16 13:42:47.5664 | INFO | Executed action method webapi.net7.sqlsugar.Controllers.ApiLoginController.Test (webapi.net7.sqlsugar), returned result Microsoft.AspNetCore.Mvc.ObjectResult in 2756.6294ms.
2024-01-16 13:42:47.5664 | INFO | Executing ObjectResult, writing value of type '<>f__AnonymousType2`2[[System.String, System.Private.CoreLib, Version=7.0.0.0, Culture=neutral, PublicKeyToken=7cec85d7bea7798e],[System.String, System.Private.CoreLib, Version=7.0.0.0, Culture=neutral, PublicKeyToken=7cec85d7bea7798e]]'.
2024-01-16 13:42:47.5820 | INFO | Executed action webapi.net7.sqlsugar.Controllers.ApiLoginController.Test (webapi.net7.sqlsugar) in 2772.9857ms
2024-01-16 13:42:47.5820 | INFO | Executed endpoint 'webapi.net7.sqlsugar.Controllers.ApiLoginController.Test (webapi.net7.sqlsugar)'
2024-01-16 13:42:47.5820 | INFO | Request finished HTTP/2 POST https://localhost:7225/api/Test application/json 42 - 200 - application/json;+charset=utf-8 2802.9936ms
2024-01-16 13:55:00.6767 | INFO | User profile is available. Using 'C:\Users\Administrator\AppData\Local\ASP.NET\DataProtection-Keys' as key repository and Windows DPAPI to encrypt keys at rest.
2024-01-16 13:55:00.8551 | INFO | Now listening on: https://localhost:7225
2024-01-16 13:55:00.8551 | INFO | Now listening on: http://localhost:5148
2024-01-16 13:55:00.8551 | INFO | Application started. Press Ctrl+C to shut down.
2024-01-16 13:55:00.8551 | INFO | Hosting environment: Development
2024-01-16 13:55:00.8627 | INFO | Content root path: D:\BaiduSyncdisk\webapi.net7+sqlsugar\webapi.net7.sqlsugar\webapi.net7.sqlsugar
2024-01-16 13:55:01.5233 | INFO | Request starting HTTP/2 GET https://localhost:7225/swagger/index.html - -
2024-01-16 13:55:01.8374 | INFO | Request finished HTTP/2 GET https://localhost:7225/swagger/index.html - - - 200 - text/html;charset=utf-8 321.7876ms
2024-01-16 13:55:01.8491 | INFO | Request starting HTTP/2 GET https://localhost:7225/_vs/browserLink - -
2024-01-16 13:55:01.8491 | INFO | Request starting HTTP/2 GET https://localhost:7225/_framework/aspnetcore-browser-refresh.js - -
2024-01-16 13:55:01.8491 | INFO | Request finished HTTP/2 GET https://localhost:7225/_framework/aspnetcore-browser-refresh.js - - - 200 13776 application/javascript;+charset=utf-8 8.3164ms
2024-01-16 13:55:01.9087 | INFO | Request finished HTTP/2 GET https://localhost:7225/_vs/browserLink - - - 200 - text/javascript;+charset=UTF-8 58.7920ms
2024-01-16 13:55:01.9636 | INFO | Request starting HTTP/2 GET https://localhost:7225/swagger/V1/swagger.json - -
2024-01-16 13:55:02.2252 | INFO | Request finished HTTP/2 GET https://localhost:7225/swagger/V1/swagger.json - - - 200 - application/json;charset=utf-8 263.0994ms
2024-01-16 13:55:36.2087 | INFO | Request starting HTTP/2 POST https://localhost:7225/api/Test application/json 43
2024-01-16 13:55:36.2882 | INFO | CORS policy execution successful.
2024-01-16 13:55:36.3674 | INFO | Executing endpoint 'webapi.net7.sqlsugar.Controllers.ApiLoginController.Test (webapi.net7.sqlsugar)'
2024-01-16 13:55:36.3984 | INFO | Route matched with {action = "Test", controller = "ApiLogin"}. Executing controller action with signature System.Object Test(System.Object) on controller webapi.net7.sqlsugar.Controllers.ApiLoginController (webapi.net7.sqlsugar).
2024-01-16 13:55:36.4297 | INFO | Executing action method webapi.net7.sqlsugar.Controllers.ApiLoginController.Test (webapi.net7.sqlsugar) - Validation state: Valid
2024-01-16 13:55:37.0742 | INFO | Executed action method webapi.net7.sqlsugar.Controllers.ApiLoginController.Test (webapi.net7.sqlsugar), returned result Microsoft.AspNetCore.Mvc.ObjectResult in 634.4714ms.
2024-01-16 13:55:37.0814 | INFO | Executing ObjectResult, writing value of type 'System.String'.
2024-01-16 13:55:37.0814 | INFO | Executed action webapi.net7.sqlsugar.Controllers.ApiLoginController.Test (webapi.net7.sqlsugar) in 683.1474ms
2024-01-16 13:55:37.0814 | INFO | Executed endpoint 'webapi.net7.sqlsugar.Controllers.ApiLoginController.Test (webapi.net7.sqlsugar)'
2024-01-16 13:55:37.4035 | INFO | Request finished HTTP/2 POST https://localhost:7225/api/Test application/json 43 - 200 - text/plain;+charset=utf-8 1183.5576ms
2024-01-16 13:56:44.5774 | INFO | Request starting HTTP/2 POST https://localhost:7225/api/Test application/json 43
2024-01-16 13:56:44.5774 | INFO | CORS policy execution successful.
2024-01-16 13:56:44.5959 | INFO | Executing endpoint 'webapi.net7.sqlsugar.Controllers.ApiLoginController.Test (webapi.net7.sqlsugar)'
2024-01-16 13:56:44.5959 | INFO | Route matched with {action = "Test", controller = "ApiLogin"}. Executing controller action with signature System.Object Test(System.Object) on controller webapi.net7.sqlsugar.Controllers.ApiLoginController (webapi.net7.sqlsugar).
2024-01-16 13:56:44.5959 | INFO | Executing action method webapi.net7.sqlsugar.Controllers.ApiLoginController.Test (webapi.net7.sqlsugar) - Validation state: Valid
2024-01-16 13:56:44.5959 | INFO | Executed action method webapi.net7.sqlsugar.Controllers.ApiLoginController.Test (webapi.net7.sqlsugar), returned result Microsoft.AspNetCore.Mvc.ObjectResult in 11.7047ms.
2024-01-16 13:56:44.5959 | INFO | Executing ObjectResult, writing value of type 'System.String'.
2024-01-16 13:56:44.5959 | INFO | Executed action webapi.net7.sqlsugar.Controllers.ApiLoginController.Test (webapi.net7.sqlsugar) in 13.4678ms
2024-01-16 13:56:44.5959 | INFO | Executed endpoint 'webapi.net7.sqlsugar.Controllers.ApiLoginController.Test (webapi.net7.sqlsugar)'
2024-01-16 13:56:44.6132 | INFO | Request finished HTTP/2 POST https://localhost:7225/api/Test application/json 43 - 200 - text/plain;+charset=utf-8 40.3153ms
2024-01-16 13:56:52.1190 | INFO | Request starting HTTP/2 GET https://localhost:7225/swagger/index.html - -
2024-01-16 13:56:52.1296 | INFO | Request finished HTTP/2 GET https://localhost:7225/swagger/index.html - - - 200 - text/html;charset=utf-8 18.3752ms
2024-01-16 13:56:52.1494 | INFO | Request starting HTTP/2 GET https://localhost:7225/_framework/aspnetcore-browser-refresh.js - -
2024-01-16 13:56:52.1494 | INFO | Request starting HTTP/2 GET https://localhost:7225/_vs/browserLink - -
2024-01-16 13:56:52.1494 | INFO | Request finished HTTP/2 GET https://localhost:7225/_framework/aspnetcore-browser-refresh.js - - - 200 13776 application/javascript;+charset=utf-8 1.0372ms
2024-01-16 13:56:52.1666 | INFO | Request finished HTTP/2 GET https://localhost:7225/_vs/browserLink - - - 200 - text/javascript;+charset=UTF-8 23.5496ms
2024-01-16 13:56:52.2461 | INFO | Request starting HTTP/2 GET https://localhost:7225/swagger/V1/swagger.json - -
2024-01-16 13:56:52.2638 | INFO | Request finished HTTP/2 GET https://localhost:7225/swagger/V1/swagger.json - - - 200 - application/json;charset=utf-8 17.8684ms
2024-01-16 13:56:58.6146 | INFO | Request starting HTTP/2 POST https://localhost:7225/api/Test application/json 43
2024-01-16 13:56:58.6146 | INFO | CORS policy execution successful.
2024-01-16 13:56:58.6146 | INFO | Executing endpoint 'webapi.net7.sqlsugar.Controllers.ApiLoginController.Test (webapi.net7.sqlsugar)'
2024-01-16 13:56:58.6146 | INFO | Route matched with {action = "Test", controller = "ApiLogin"}. Executing controller action with signature System.Object Test(System.Object) on controller webapi.net7.sqlsugar.Controllers.ApiLoginController (webapi.net7.sqlsugar).
2024-01-16 13:56:58.6146 | INFO | Executing action method webapi.net7.sqlsugar.Controllers.ApiLoginController.Test (webapi.net7.sqlsugar) - Validation state: Valid
2024-01-16 13:56:58.6943 | INFO | Executed action method webapi.net7.sqlsugar.Controllers.ApiLoginController.Test (webapi.net7.sqlsugar), returned result Microsoft.AspNetCore.Mvc.ObjectResult in 69.5668ms.
2024-01-16 13:56:58.6943 | INFO | Executing ObjectResult, writing value of type 'System.String'.
2024-01-16 13:56:58.6943 | INFO | Executed action webapi.net7.sqlsugar.Controllers.ApiLoginController.Test (webapi.net7.sqlsugar) in 71.0563ms
2024-01-16 13:56:58.6943 | INFO | Executed endpoint 'webapi.net7.sqlsugar.Controllers.ApiLoginController.Test (webapi.net7.sqlsugar)'
2024-01-16 13:56:58.6943 | INFO | Request finished HTTP/2 POST https://localhost:7225/api/Test application/json 43 - 200 - text/plain;+charset=utf-8 82.0511ms
2024-01-16 14:00:54.6337 | INFO | Request starting HTTP/2 GET https://localhost:7225/swagger/index.html - -
2024-01-16 14:00:54.6479 | INFO | Request finished HTTP/2 GET https://localhost:7225/swagger/index.html - - - 200 - text/html;charset=utf-8 16.2491ms
2024-01-16 14:00:54.6632 | INFO | Request starting HTTP/2 GET https://localhost:7225/_framework/aspnetcore-browser-refresh.js - -
2024-01-16 14:00:54.6632 | INFO | Request starting HTTP/2 GET https://localhost:7225/_vs/browserLink - -
2024-01-16 14:00:54.6632 | INFO | Request finished HTTP/2 GET https://localhost:7225/_framework/aspnetcore-browser-refresh.js - - - 200 13776 application/javascript;+charset=utf-8 7.2612ms
2024-01-16 14:00:54.6900 | INFO | Request finished HTTP/2 GET https://localhost:7225/_vs/browserLink - - - 200 - text/javascript;+charset=UTF-8 24.7957ms
2024-01-16 14:00:54.7685 | INFO | Request starting HTTP/2 GET https://localhost:7225/swagger/V1/swagger.json - -
2024-01-16 14:00:54.7685 | INFO | Request finished HTTP/2 GET https://localhost:7225/swagger/V1/swagger.json - - - 200 - application/json;charset=utf-8 10.7523ms
2024-01-16 14:01:04.7342 | INFO | Request starting HTTP/2 POST https://localhost:7225/api/Test application/json 43
2024-01-16 14:01:04.7342 | INFO | CORS policy execution successful.
2024-01-16 14:01:04.7342 | INFO | Executing endpoint 'webapi.net7.sqlsugar.Controllers.ApiLoginController.Test (webapi.net7.sqlsugar)'
2024-01-16 14:01:04.7342 | INFO | Route matched with {action = "Test", controller = "ApiLogin"}. Executing controller action with signature System.Object Test(System.Object) on controller webapi.net7.sqlsugar.Controllers.ApiLoginController (webapi.net7.sqlsugar).
2024-01-16 14:01:04.7372 | INFO | Executing action method webapi.net7.sqlsugar.Controllers.ApiLoginController.Test (webapi.net7.sqlsugar) - Validation state: Valid
2024-01-16 14:01:04.7372 | INFO | Executed action method webapi.net7.sqlsugar.Controllers.ApiLoginController.Test (webapi.net7.sqlsugar), returned result Microsoft.AspNetCore.Mvc.ObjectResult in 10.7438ms.
2024-01-16 14:01:04.7372 | INFO | Executing ObjectResult, writing value of type '<>f__AnonymousType3`2[[System.String, System.Private.CoreLib, Version=7.0.0.0, Culture=neutral, PublicKeyToken=7cec85d7bea7798e],[System.String, System.Private.CoreLib, Version=7.0.0.0, Culture=neutral, PublicKeyToken=7cec85d7bea7798e]]'.
2024-01-16 14:01:04.7575 | INFO | Executed action webapi.net7.sqlsugar.Controllers.ApiLoginController.Test (webapi.net7.sqlsugar) in 20.6675ms
2024-01-16 14:01:04.7575 | INFO | Executed endpoint 'webapi.net7.sqlsugar.Controllers.ApiLoginController.Test (webapi.net7.sqlsugar)'
2024-01-16 14:01:04.7575 | INFO | Request finished HTTP/2 POST https://localhost:7225/api/Test application/json 43 - 200 - application/json;+charset=utf-8 24.5188ms
