2024-07-10 11:20:53.2051 | DEBUG | Registered model binder providers, in the following order: Microsoft.AspNetCore.Mvc.ModelBinding.Binders.BinderTypeModelBinderProvider, Microsoft.AspNetCore.Mvc.ModelBinding.Binders.ServicesModelBinderProvider, Microsoft.AspNetCore.Mvc.ModelBinding.Binders.BodyModelBinderProvider, Microsoft.AspNetCore.Mvc.ModelBinding.Binders.HeaderModelBinderProvider, Microsoft.AspNetCore.Mvc.ModelBinding.Binders.FloatingPointTypeModelBinderProvider, Microsoft.AspNetCore.Mvc.ModelBinding.Binders.EnumTypeModelBinderProvider, Microsoft.AspNetCore.Mvc.ModelBinding.Binders.DateTimeModelBinderProvider, Microsoft.AspNetCore.Mvc.ModelBinding.Binders.SimpleTypeModelBinderProvider, Microsoft.AspNetCore.Mvc.ModelBinding.Binders.TryParseModelBinderProvider, Microsoft.AspNetCore.Mvc.ModelBinding.Binders.CancellationTokenModelBinderProvider, Microsoft.AspNetCore.Mvc.ModelBinding.Binders.ByteArrayModelBinderProvider, Microsoft.AspNetCore.Mvc.ModelBinding.Binders.FormFileModelBinderProvider, Microsoft.AspNetCore.Mvc.ModelBinding.Binders.FormCollectionModelBinderProvider, Microsoft.AspNetCore.Mvc.ModelBinding.Binders.KeyValuePairModelBinderProvider, Microsoft.AspNetCore.Mvc.ModelBinding.Binders.DictionaryModelBinderProvider, Microsoft.AspNetCore.Mvc.ModelBinding.Binders.ArrayModelBinderProvider, Microsoft.AspNetCore.Mvc.ModelBinding.Binders.CollectionModelBinderProvider, Microsoft.AspNetCore.Mvc.ModelBinding.Binders.ComplexObjectModelBinderProvider
2024-07-10 11:20:53.4120 | DEBUG | Hosting starting
2024-07-10 11:20:53.4456 | INFO | User profile is available. Using 'C:\Users\Administrator\AppData\Local\ASP.NET\DataProtection-Keys' as key repository and Windows DPAPI to encrypt keys at rest.
2024-07-10 11:20:53.4456 | DEBUG | Reading data from file 'C:\Users\Administrator\AppData\Local\ASP.NET\DataProtection-Keys\key-34692722-1836-4131-841e-52bc30c5cc34.xml'.
2024-07-10 11:20:53.4456 | DEBUG | Reading data from file 'C:\Users\Administrator\AppData\Local\ASP.NET\DataProtection-Keys\key-691d2c1e-819d-4ace-bf8c-4b95df9c96f1.xml'.
2024-07-10 11:20:53.4456 | DEBUG | Reading data from file 'C:\Users\Administrator\AppData\Local\ASP.NET\DataProtection-Keys\key-9c621d14-e4f3-453a-a88c-5b12868c45f6.xml'.
2024-07-10 11:20:53.4604 | DEBUG | Found key {34692722-1836-4131-841e-52bc30c5cc34}.
2024-07-10 11:20:53.4604 | DEBUG | Found key {691d2c1e-819d-4ace-bf8c-4b95df9c96f1}.
2024-07-10 11:20:53.4604 | DEBUG | Found key {9c621d14-e4f3-453a-a88c-5b12868c45f6}.
2024-07-10 11:20:53.4604 | DEBUG | Considering key {9c621d14-e4f3-453a-a88c-5b12868c45f6} with expiration date 2024-07-14 12:08:15Z as default key.
2024-07-10 11:20:53.4604 | DEBUG | Forwarded activator type request from Microsoft.AspNetCore.DataProtection.XmlEncryption.DpapiXmlDecryptor, Microsoft.AspNetCore.DataProtection, Version=7.0.0.0, Culture=neutral, PublicKeyToken=adb9793829ddae60 to Microsoft.AspNetCore.DataProtection.XmlEncryption.DpapiXmlDecryptor, Microsoft.AspNetCore.DataProtection, Culture=neutral, PublicKeyToken=adb9793829ddae60
2024-07-10 11:20:53.4724 | DEBUG | Decrypting secret element using Windows DPAPI.
2024-07-10 11:20:53.4724 | DEBUG | Forwarded activator type request from Microsoft.AspNetCore.DataProtection.AuthenticatedEncryption.ConfigurationModel.AuthenticatedEncryptorDescriptorDeserializer, Microsoft.AspNetCore.DataProtection, Version=7.0.0.0, Culture=neutral, PublicKeyToken=adb9793829ddae60 to Microsoft.AspNetCore.DataProtection.AuthenticatedEncryption.ConfigurationModel.AuthenticatedEncryptorDescriptorDeserializer, Microsoft.AspNetCore.DataProtection, Culture=neutral, PublicKeyToken=adb9793829ddae60
2024-07-10 11:20:53.4724 | DEBUG | Opening CNG algorithm 'AES' from provider '(null)' with chaining mode CBC.
2024-07-10 11:20:53.4724 | DEBUG | Opening CNG algorithm 'SHA256' from provider '(null)' with HMAC.
2024-07-10 11:20:53.4724 | DEBUG | Using key {9c621d14-e4f3-453a-a88c-5b12868c45f6} as the default key.
2024-07-10 11:20:53.4724 | DEBUG | Key ring with default key {9c621d14-e4f3-453a-a88c-5b12868c45f6} was loaded during application startup.
2024-07-10 11:20:53.6745 | INFO | Now listening on: http://localhost:5149
2024-07-10 11:20:53.6745 | DEBUG | Loaded hosting startup assembly webapi.net7.sqlsugar
2024-07-10 11:20:53.6745 | DEBUG | Loaded hosting startup assembly Microsoft.AspNetCore.Watch.BrowserRefresh
2024-07-10 11:20:53.6745 | DEBUG | Loaded hosting startup assembly Microsoft.WebTools.BrowserLink.Net
2024-07-10 11:20:53.6781 | INFO | Application started. Press Ctrl+C to shut down.
2024-07-10 11:20:53.6781 | INFO | Hosting environment: Development
2024-07-10 11:20:53.6781 | INFO | Content root path: D:\BaiduSyncdisk\webapi.net7+sqlsugar\webapi.net7.sqlsugar\webapi.net7.sqlsugar
2024-07-10 11:20:53.6781 | DEBUG | Hosting started
2024-07-10 11:20:53.8284 | DEBUG | Connection id "0HN50HT78MDJJ" accepted.
2024-07-10 11:20:53.8284 | DEBUG | Connection id "0HN50HT78MDJJ" started.
2024-07-10 11:20:53.8378 | DEBUG | Connection id "0HN50HT78MDJK" accepted.
2024-07-10 11:20:53.8378 | DEBUG | Connection id "0HN50HT78MDJK" started.
2024-07-10 11:20:53.8700 | DEBUG | Connection id "0HN50HT78MDJJ" received FIN.
2024-07-10 11:20:53.8700 | DEBUG | Connection id "0HN50HT78MDJK" received FIN.
2024-07-10 11:20:53.8700 | DEBUG | Connection id "0HN50HT78MDJK" sending FIN because: "The Socket transport's send loop completed gracefully."
2024-07-10 11:20:53.8700 | DEBUG | Connection id "0HN50HT78MDJJ" sending FIN because: "The Socket transport's send loop completed gracefully."
2024-07-10 11:20:53.8700 | DEBUG | Connection id "0HN50HT78MDJK" disconnecting.
2024-07-10 11:20:53.8700 | DEBUG | Connection id "0HN50HT78MDJJ" disconnecting.
2024-07-10 11:20:53.8843 | DEBUG | Connection id "0HN50HT78MDJK" stopped.
2024-07-10 11:20:53.8843 | DEBUG | Connection id "0HN50HT78MDJJ" stopped.
2024-07-10 11:20:54.8024 | DEBUG | Connection id "0HN50HT78MDJL" accepted.
2024-07-10 11:20:54.8024 | DEBUG | Connection id "0HN50HT78MDJM" accepted.
2024-07-10 11:20:54.8024 | DEBUG | Connection id "0HN50HT78MDJL" started.
2024-07-10 11:20:54.8024 | DEBUG | Connection id "0HN50HT78MDJM" started.
2024-07-10 11:20:54.8873 | INFO | Request starting HTTP/1.1 GET http://localhost:5149/swagger/index.html - -
2024-07-10 11:20:55.0346 | DEBUG | Wildcard detected, all requests with hosts will be allowed.
2024-07-10 11:20:55.0694 | DEBUG | No candidates found for the request path '/swagger/index.html'
2024-07-10 11:20:55.0694 | DEBUG | Request did not match any endpoints
2024-07-10 11:20:55.2361 | DEBUG | Response markup is scheduled to include Browser Link script injection.
2024-07-10 11:20:55.2361 | DEBUG | Response markup is scheduled to include browser refresh script injection.
2024-07-10 11:20:55.2585 | DEBUG | Response markup was updated to include Browser Link script injection.
2024-07-10 11:20:55.2585 | DEBUG | Response markup was updated to include browser refresh script injection.
2024-07-10 11:20:55.2585 | DEBUG | Connection id "0HN50HT78MDJL" completed keep alive response.
2024-07-10 11:20:55.2585 | INFO | Request finished HTTP/1.1 GET http://localhost:5149/swagger/index.html - - - 200 - text/html;charset=utf-8 376.3098ms
2024-07-10 11:20:55.2811 | INFO | Request starting HTTP/1.1 GET http://localhost:5149/_vs/browserLink - -
2024-07-10 11:20:55.2811 | INFO | Request starting HTTP/1.1 GET http://localhost:5149/_framework/aspnetcore-browser-refresh.js - -
2024-07-10 11:20:55.2854 | DEBUG | Connection id "0HN50HT78MDJL" completed keep alive response.
2024-07-10 11:20:55.2854 | INFO | Request finished HTTP/1.1 GET http://localhost:5149/_framework/aspnetcore-browser-refresh.js - - - 200 13776 application/javascript;+charset=utf-8 2.3880ms
2024-07-10 11:20:55.3390 | DEBUG | Connection id "0HN50HT78MDJM" completed keep alive response.
2024-07-10 11:20:55.3390 | INFO | Request finished HTTP/1.1 GET http://localhost:5149/_vs/browserLink - - - 200 - text/javascript;+charset=UTF-8 58.0830ms
2024-07-10 11:20:55.4626 | INFO | Request starting HTTP/1.1 GET http://localhost:5149/swagger/东泽房源管理接口/swagger.json - -
2024-07-10 11:20:55.4626 | DEBUG | No candidates found for the request path '/swagger/东泽房源管理接口/swagger.json'
2024-07-10 11:20:55.4626 | DEBUG | Request did not match any endpoints
2024-07-10 11:20:55.7530 | DEBUG | Connection id "0HN50HT78MDJM" completed keep alive response.
2024-07-10 11:20:55.7530 | INFO | Request finished HTTP/1.1 GET http://localhost:5149/swagger/东泽房源管理接口/swagger.json - - - 200 - application/json;charset=utf-8 290.4726ms
2024-07-10 11:20:57.6341 | INFO | Request starting HTTP/1.1 GET http://localhost:5149/swagger/U8移动端接口/swagger.json - -
2024-07-10 11:20:57.6341 | DEBUG | No candidates found for the request path '/swagger/U8移动端接口/swagger.json'
2024-07-10 11:20:57.6341 | DEBUG | Request did not match any endpoints
2024-07-10 11:20:57.6567 | DEBUG | Connection id "0HN50HT78MDJM" completed keep alive response.
2024-07-10 11:20:57.6567 | INFO | Request finished HTTP/1.1 GET http://localhost:5149/swagger/U8移动端接口/swagger.json - - - 200 - application/json;charset=utf-8 22.7395ms
2024-07-10 11:20:58.4651 | DEBUG | Connection id "0HN50HT78MDJM" received FIN.
2024-07-10 11:20:58.4651 | DEBUG | Connection id "0HN50HT78MDJL" received FIN.
2024-07-10 11:20:58.4651 | DEBUG | Connection id "0HN50HT78MDJM" disconnecting.
2024-07-10 11:20:58.4651 | DEBUG | Connection id "0HN50HT78MDJM" sending FIN because: "The Socket transport's send loop completed gracefully."
2024-07-10 11:20:58.4651 | DEBUG | Connection id "0HN50HT78MDJL" sending FIN because: "The Socket transport's send loop completed gracefully."
2024-07-10 11:20:58.4651 | DEBUG | Connection id "0HN50HT78MDJL" disconnecting.
2024-07-10 11:20:58.4651 | DEBUG | Connection id "0HN50HT78MDJM" stopped.
2024-07-10 11:20:58.4651 | DEBUG | Connection id "0HN50HT78MDJL" stopped.
2024-07-10 11:21:48.8526 | DEBUG | Connection id "0HN50HT78MDJN" accepted.
2024-07-10 11:21:48.8526 | DEBUG | Connection id "0HN50HT78MDJN" started.
2024-07-10 11:21:48.8526 | INFO | Request starting HTTP/1.1 POST http://localhost:5149/api/SubmitApplicationMessage application/json 64
2024-07-10 11:21:48.8526 | DEBUG | 1 candidate(s) found for the request path '/api/SubmitApplicationMessage'
2024-07-10 11:21:48.8526 | DEBUG | Endpoint 'webapi.net7.sqlsugar.Controllers.WorkShopController.SubmitApplicationMessage (webapi.net7.sqlsugar)' with route pattern 'api/SubmitApplicationMessage' is valid for the request path '/api/SubmitApplicationMessage'
2024-07-10 11:21:48.8526 | DEBUG | Request matched endpoint 'webapi.net7.sqlsugar.Controllers.WorkShopController.SubmitApplicationMessage (webapi.net7.sqlsugar)'
2024-07-10 11:21:48.8630 | DEBUG | Static files was skipped as the request already matched an endpoint.
2024-07-10 11:21:48.8630 | DEBUG | Static files was skipped as the request already matched an endpoint.
2024-07-10 11:21:48.8630 | WARN | Failed to determine the https port for redirect.
2024-07-10 11:21:48.9785 | DEBUG | AuthenticationScheme: Bearer was not authenticated.
2024-07-10 11:21:48.9785 | DEBUG | The request has an origin header: 'http://localhost:5149'.
2024-07-10 11:21:48.9785 | INFO | CORS policy execution successful.
2024-07-10 11:21:48.9785 | INFO | Executing endpoint 'webapi.net7.sqlsugar.Controllers.WorkShopController.SubmitApplicationMessage (webapi.net7.sqlsugar)'
2024-07-10 11:21:49.0166 | INFO | Route matched with {action = "SubmitApplicationMessage", controller = "WorkShop"}. Executing controller action with signature System.Object SubmitApplicationMessage(System.Object) on controller webapi.net7.sqlsugar.Controllers.WorkShopController (webapi.net7.sqlsugar).
2024-07-10 11:21:49.0166 | DEBUG | Execution plan of authorization filters (in the following order): None
2024-07-10 11:21:49.0166 | DEBUG | Execution plan of resource filters (in the following order): None
2024-07-10 11:21:49.0166 | DEBUG | Execution plan of action filters (in the following order): Microsoft.AspNetCore.Mvc.Filters.ControllerActionFilter (Order: -2147483648), Microsoft.AspNetCore.Mvc.ModelBinding.UnsupportedContentTypeFilter (Order: -3000), Microsoft.AspNetCore.Mvc.Infrastructure.ModelStateInvalidFilter (Order: -2000)
2024-07-10 11:21:49.0166 | DEBUG | Execution plan of exception filters (in the following order): None
2024-07-10 11:21:49.0166 | DEBUG | Execution plan of result filters (in the following order): Microsoft.AspNetCore.Mvc.Infrastructure.ClientErrorResultFilter (Order: -2000)
2024-07-10 11:21:49.0198 | DEBUG | Executing controller factory for controller webapi.net7.sqlsugar.Controllers.WorkShopController (webapi.net7.sqlsugar)
2024-07-10 11:21:49.2568 | DEBUG | Executed controller factory for controller webapi.net7.sqlsugar.Controllers.WorkShopController (webapi.net7.sqlsugar)
2024-07-10 11:21:49.2568 | DEBUG | Attempting to bind parameter 'ob' of type 'System.Object' ...
2024-07-10 11:21:49.2568 | DEBUG | Attempting to bind parameter 'ob' of type 'System.Object' using the name '' in request data ...
2024-07-10 11:21:49.2568 | DEBUG | Selected input formatter 'Microsoft.AspNetCore.Mvc.Formatters.SystemTextJsonInputFormatter' for content type 'application/json'.
2024-07-10 11:21:49.2568 | DEBUG | Connection id "0HN50HT78MDJN", Request id "0HN50HT78MDJN:00000001": started reading request body.
2024-07-10 11:21:49.2568 | DEBUG | Connection id "0HN50HT78MDJN", Request id "0HN50HT78MDJN:00000001": done reading request body.
2024-07-10 11:21:49.2714 | DEBUG | JSON input formatter succeeded, deserializing to type 'System.Object'
2024-07-10 11:21:49.2714 | DEBUG | Done attempting to bind parameter 'ob' of type 'System.Object'.
2024-07-10 11:21:49.2714 | DEBUG | Done attempting to bind parameter 'ob' of type 'System.Object'.
2024-07-10 11:21:49.2714 | DEBUG | Attempting to validate the bound parameter 'ob' of type 'System.Object' ...
2024-07-10 11:21:49.2714 | DEBUG | Done attempting to validate the bound parameter 'ob' of type 'System.Object'.
2024-07-10 11:21:49.2714 | INFO | Executing action method webapi.net7.sqlsugar.Controllers.WorkShopController.SubmitApplicationMessage (webapi.net7.sqlsugar) - Validation state: Valid
2024-07-10 11:21:52.3182 | INFO | Executed action method webapi.net7.sqlsugar.Controllers.WorkShopController.SubmitApplicationMessage (webapi.net7.sqlsugar), returned result Microsoft.AspNetCore.Mvc.ObjectResult in 3033.8431ms.
2024-07-10 11:21:52.3182 | DEBUG | List of registered output formatters, in the following order: Microsoft.AspNetCore.Mvc.Formatters.HttpNoContentOutputFormatter, Microsoft.AspNetCore.Mvc.Formatters.StringOutputFormatter, Microsoft.AspNetCore.Mvc.Formatters.StreamOutputFormatter, Microsoft.AspNetCore.Mvc.Formatters.SystemTextJsonOutputFormatter
2024-07-10 11:21:52.3182 | DEBUG | No information found on request to perform content negotiation.
2024-07-10 11:21:52.3182 | DEBUG | Attempting to select an output formatter without using a content type as no explicit content types were specified for the response.
2024-07-10 11:21:52.3182 | DEBUG | Attempting to select the first formatter in the output formatters list which can write the result.
2024-07-10 11:21:52.3182 | DEBUG | Selected output formatter 'Microsoft.AspNetCore.Mvc.Formatters.SystemTextJsonOutputFormatter' and content type 'application/json' to write the response.
2024-07-10 11:21:52.3182 | INFO | Executing ObjectResult, writing value of type '<>f__AnonymousType10`2[[System.Nullable`1[[System.Int32, System.Private.CoreLib, Version=7.0.0.0, Culture=neutral, PublicKeyToken=7cec85d7bea7798e]], System.Private.CoreLib, Version=7.0.0.0, Culture=neutral, PublicKeyToken=7cec85d7bea7798e],[System.String, System.Private.CoreLib, Version=7.0.0.0, Culture=neutral, PublicKeyToken=7cec85d7bea7798e]]'.
2024-07-10 11:21:52.3362 | INFO | Executed action webapi.net7.sqlsugar.Controllers.WorkShopController.SubmitApplicationMessage (webapi.net7.sqlsugar) in 3312.0464ms
2024-07-10 11:21:52.3362 | INFO | Executed endpoint 'webapi.net7.sqlsugar.Controllers.WorkShopController.SubmitApplicationMessage (webapi.net7.sqlsugar)'
2024-07-10 11:21:52.3362 | DEBUG | Connection id "0HN50HT78MDJN" completed keep alive response.
2024-07-10 11:21:52.3362 | INFO | Request finished HTTP/1.1 POST http://localhost:5149/api/SubmitApplicationMessage application/json 64 - 200 - application/json;+charset=utf-8 3482.7914ms
2024-07-10 11:22:15.7650 | DEBUG | Connection id "0HN50HT78MDJN" received FIN.
2024-07-10 11:22:15.7650 | DEBUG | Connection id "0HN50HT78MDJN" sending FIN because: "The Socket transport's send loop completed gracefully."
2024-07-10 11:22:15.7650 | DEBUG | Connection id "0HN50HT78MDJN" disconnecting.
2024-07-10 11:22:15.7650 | DEBUG | Connection id "0HN50HT78MDJN" stopped.
