2024-04-11 20:19:45.0505 | DEBUG | Registered model binder providers, in the following order: Microsoft.AspNetCore.Mvc.ModelBinding.Binders.BinderTypeModelBinderProvider, Microsoft.AspNetCore.Mvc.ModelBinding.Binders.ServicesModelBinderProvider, Microsoft.AspNetCore.Mvc.ModelBinding.Binders.BodyModelBinderProvider, Microsoft.AspNetCore.Mvc.ModelBinding.Binders.HeaderModelBinderProvider, Microsoft.AspNetCore.Mvc.ModelBinding.Binders.FloatingPointTypeModelBinderProvider, Microsoft.AspNetCore.Mvc.ModelBinding.Binders.EnumTypeModelBinderProvider, Microsoft.AspNetCore.Mvc.ModelBinding.Binders.DateTimeModelBinderProvider, Microsoft.AspNetCore.Mvc.ModelBinding.Binders.SimpleTypeModelBinderProvider, Microsoft.AspNetCore.Mvc.ModelBinding.Binders.TryParseModelBinderProvider, Microsoft.AspNetCore.Mvc.ModelBinding.Binders.CancellationTokenModelBinderProvider, Microsoft.AspNetCore.Mvc.ModelBinding.Binders.ByteArrayModelBinderProvider, Microsoft.AspNetCore.Mvc.ModelBinding.Binders.FormFileModelBinderProvider, Microsoft.AspNetCore.Mvc.ModelBinding.Binders.FormCollectionModelBinderProvider, Microsoft.AspNetCore.Mvc.ModelBinding.Binders.KeyValuePairModelBinderProvider, Microsoft.AspNetCore.Mvc.ModelBinding.Binders.DictionaryModelBinderProvider, Microsoft.AspNetCore.Mvc.ModelBinding.Binders.ArrayModelBinderProvider, Microsoft.AspNetCore.Mvc.ModelBinding.Binders.CollectionModelBinderProvider, Microsoft.AspNetCore.Mvc.ModelBinding.Binders.ComplexObjectModelBinderProvider
2024-04-11 20:19:45.3024 | DEBUG | Hosting starting
2024-04-11 20:19:45.3525 | INFO | User profile is available. Using 'C:\Users\Administrator\AppData\Local\ASP.NET\DataProtection-Keys' as key repository and Windows DPAPI to encrypt keys at rest.
2024-04-11 20:19:45.3525 | DEBUG | Reading data from file 'C:\Users\Administrator\AppData\Local\ASP.NET\DataProtection-Keys\key-34692722-1836-4131-841e-52bc30c5cc34.xml'.
2024-04-11 20:19:45.3725 | DEBUG | Reading data from file 'C:\Users\Administrator\AppData\Local\ASP.NET\DataProtection-Keys\key-691d2c1e-819d-4ace-bf8c-4b95df9c96f1.xml'.
2024-04-11 20:19:45.3725 | DEBUG | Found key {34692722-1836-4131-841e-52bc30c5cc34}.
2024-04-11 20:19:45.3875 | DEBUG | Found key {691d2c1e-819d-4ace-bf8c-4b95df9c96f1}.
2024-04-11 20:19:45.3875 | DEBUG | Considering key {34692722-1836-4131-841e-52bc30c5cc34} with expiration date 2024-04-15 01:35:41Z as default key.
2024-04-11 20:19:45.3990 | DEBUG | Forwarded activator type request from Microsoft.AspNetCore.DataProtection.XmlEncryption.DpapiXmlDecryptor, Microsoft.AspNetCore.DataProtection, Version=7.0.0.0, Culture=neutral, PublicKeyToken=adb9793829ddae60 to Microsoft.AspNetCore.DataProtection.XmlEncryption.DpapiXmlDecryptor, Microsoft.AspNetCore.DataProtection, Culture=neutral, PublicKeyToken=adb9793829ddae60
2024-04-11 20:19:45.3990 | DEBUG | Decrypting secret element using Windows DPAPI.
2024-04-11 20:19:45.3990 | DEBUG | Forwarded activator type request from Microsoft.AspNetCore.DataProtection.AuthenticatedEncryption.ConfigurationModel.AuthenticatedEncryptorDescriptorDeserializer, Microsoft.AspNetCore.DataProtection, Version=7.0.0.0, Culture=neutral, PublicKeyToken=adb9793829ddae60 to Microsoft.AspNetCore.DataProtection.AuthenticatedEncryption.ConfigurationModel.AuthenticatedEncryptorDescriptorDeserializer, Microsoft.AspNetCore.DataProtection, Culture=neutral, PublicKeyToken=adb9793829ddae60
2024-04-11 20:19:45.3990 | DEBUG | Opening CNG algorithm 'AES' from provider '(null)' with chaining mode CBC.
2024-04-11 20:19:45.3990 | DEBUG | Opening CNG algorithm 'SHA256' from provider '(null)' with HMAC.
2024-04-11 20:19:45.3990 | DEBUG | Using key {34692722-1836-4131-841e-52bc30c5cc34} as the default key.
2024-04-11 20:19:45.3990 | DEBUG | Key ring with default key {34692722-1836-4131-841e-52bc30c5cc34} was loaded during application startup.
2024-04-11 20:19:45.5548 | DEBUG | Loaded hosting startup assembly webapi.net7.sqlsugar
2024-04-11 20:19:45.5548 | DEBUG | Loaded hosting startup assembly Microsoft.AspNetCore.Watch.BrowserRefresh
2024-04-11 20:19:45.5548 | DEBUG | Loaded hosting startup assembly Microsoft.WebTools.BrowserLink.Net
2024-04-11 20:19:45.5734 | INFO | Application started. Press Ctrl+C to shut down.
2024-04-11 20:19:45.5734 | INFO | Hosting environment: Development
2024-04-11 20:19:45.5734 | INFO | Content root path: D:\BaiduSyncdisk\webapi.net7+sqlsugar\webapi.net7.sqlsugar\webapi.net7.sqlsugar
2024-04-11 20:19:45.5734 | DEBUG | Hosting started
2024-04-11 20:19:45.6184 | INFO | Request starting HTTP/2 GET https://localhost:44351/swagger - -
2024-04-11 20:19:46.3138 | DEBUG | Wildcard detected, all requests with hosts will be allowed.
2024-04-11 20:19:46.3533 | DEBUG | No candidates found for the request path '/swagger'
2024-04-11 20:19:46.3533 | DEBUG | Request did not match any endpoints
2024-04-11 20:19:46.4725 | DEBUG | Connection ID "18302628917309079624" disconnecting.
2024-04-11 20:19:46.4725 | INFO | Request starting HTTP/2 GET https://localhost:44351/swagger/index.html - -
2024-04-11 20:19:46.4798 | DEBUG | No candidates found for the request path '/swagger/index.html'
2024-04-11 20:19:46.4798 | DEBUG | Request did not match any endpoints
2024-04-11 20:19:46.4798 | INFO | Request finished HTTP/2 GET https://localhost:44351/swagger - - - 301 - - 868.3558ms
2024-04-11 20:19:46.5764 | DEBUG | Response markup is scheduled to include browser refresh script injection.
2024-04-11 20:19:46.5913 | DEBUG | Response markup was updated to include browser refresh script injection.
2024-04-11 20:19:46.5913 | DEBUG | Connection ID "18302628891539275923" disconnecting.
2024-04-11 20:19:46.5913 | INFO | Request finished HTTP/2 GET https://localhost:44351/swagger/index.html - - - 200 - text/html;charset=utf-8 122.9202ms
2024-04-11 20:19:46.6037 | INFO | Request starting HTTP/2 GET https://localhost:44351/swagger/swagger-ui-standalone-preset.js - -
2024-04-11 20:19:46.6037 | INFO | Request starting HTTP/2 GET https://localhost:44351/swagger/swagger-ui-bundle.js - -
2024-04-11 20:19:46.6037 | INFO | Request starting HTTP/2 GET https://localhost:44351/swagger/swagger-ui.css - -
2024-04-11 20:19:46.6037 | DEBUG | No candidates found for the request path '/swagger/swagger-ui-bundle.js'
2024-04-11 20:19:46.6037 | DEBUG | No candidates found for the request path '/swagger/swagger-ui-standalone-preset.js'
2024-04-11 20:19:46.6037 | DEBUG | Request did not match any endpoints
2024-04-11 20:19:46.6037 | DEBUG | No candidates found for the request path '/swagger/swagger-ui.css'
2024-04-11 20:19:46.6037 | DEBUG | Request did not match any endpoints
2024-04-11 20:19:46.6037 | DEBUG | Request did not match any endpoints
2024-04-11 20:19:46.6272 | INFO | Sending file. Request path: '/swagger-ui.css'. Physical path: 'N/A'
2024-04-11 20:19:46.6272 | DEBUG | Connection ID "18014398528272465926" disconnecting.
2024-04-11 20:19:46.6272 | INFO | Request finished HTTP/2 GET https://localhost:44351/swagger/swagger-ui.css - - - 200 144929 text/css 25.0205ms
2024-04-11 20:19:46.6272 | INFO | Sending file. Request path: '/swagger-ui-standalone-preset.js'. Physical path: 'N/A'
2024-04-11 20:19:46.6318 | INFO | Request starting HTTP/2 GET https://localhost:44351/_framework/aspnetcore-browser-refresh.js - -
2024-04-11 20:19:46.6318 | INFO | Request finished HTTP/2 GET https://localhost:44351/_framework/aspnetcore-browser-refresh.js - - - 200 13776 application/javascript;+charset=utf-8 2.5543ms
2024-04-11 20:19:46.6318 | DEBUG | Connection ID "17942340938529505331" disconnecting.
2024-04-11 20:19:46.6318 | INFO | Request finished HTTP/2 GET https://localhost:44351/swagger/swagger-ui-standalone-preset.js - - - 200 312163 text/javascript 31.8860ms
2024-04-11 20:19:46.6318 | INFO | Request starting HTTP/2 GET https://localhost:44351/_vs/browserLink - -
2024-04-11 20:19:46.6318 | INFO | Sending file. Request path: '/swagger-ui-bundle.js'. Physical path: 'N/A'
2024-04-11 20:19:46.6641 | DEBUG | Connection ID "18158513720643289175" disconnecting.
2024-04-11 20:19:46.6641 | INFO | Request finished HTTP/2 GET https://localhost:44351/swagger/swagger-ui-bundle.js - - - 200 1061536 text/javascript 60.4537ms
2024-04-11 20:19:46.9016 | DEBUG | Connection ID "18230571301796315358" disconnecting.
2024-04-11 20:19:46.9016 | INFO | Request finished HTTP/2 GET https://localhost:44351/_vs/browserLink - - - 200 - text/javascript;+charset=UTF-8 262.5401ms
2024-04-11 20:19:47.0467 | INFO | Request starting HTTP/2 GET https://localhost:44351/swagger/东泽房源管理接口/swagger.json - -
2024-04-11 20:19:47.0467 | DEBUG | No candidates found for the request path '/swagger/东泽房源管理接口/swagger.json'
2024-04-11 20:19:47.0467 | DEBUG | Request did not match any endpoints
2024-04-11 20:19:47.3705 | INFO | Request finished HTTP/2 GET https://localhost:44351/swagger/东泽房源管理接口/swagger.json - - - 200 - application/json;charset=utf-8 323.7999ms
2024-04-11 20:19:47.3705 | DEBUG | Connection ID "18014398528272465928" disconnecting.
2024-04-11 20:20:02.1807 | DEBUG | Registered model binder providers, in the following order: Microsoft.AspNetCore.Mvc.ModelBinding.Binders.BinderTypeModelBinderProvider, Microsoft.AspNetCore.Mvc.ModelBinding.Binders.ServicesModelBinderProvider, Microsoft.AspNetCore.Mvc.ModelBinding.Binders.BodyModelBinderProvider, Microsoft.AspNetCore.Mvc.ModelBinding.Binders.HeaderModelBinderProvider, Microsoft.AspNetCore.Mvc.ModelBinding.Binders.FloatingPointTypeModelBinderProvider, Microsoft.AspNetCore.Mvc.ModelBinding.Binders.EnumTypeModelBinderProvider, Microsoft.AspNetCore.Mvc.ModelBinding.Binders.DateTimeModelBinderProvider, Microsoft.AspNetCore.Mvc.ModelBinding.Binders.SimpleTypeModelBinderProvider, Microsoft.AspNetCore.Mvc.ModelBinding.Binders.TryParseModelBinderProvider, Microsoft.AspNetCore.Mvc.ModelBinding.Binders.CancellationTokenModelBinderProvider, Microsoft.AspNetCore.Mvc.ModelBinding.Binders.ByteArrayModelBinderProvider, Microsoft.AspNetCore.Mvc.ModelBinding.Binders.FormFileModelBinderProvider, Microsoft.AspNetCore.Mvc.ModelBinding.Binders.FormCollectionModelBinderProvider, Microsoft.AspNetCore.Mvc.ModelBinding.Binders.KeyValuePairModelBinderProvider, Microsoft.AspNetCore.Mvc.ModelBinding.Binders.DictionaryModelBinderProvider, Microsoft.AspNetCore.Mvc.ModelBinding.Binders.ArrayModelBinderProvider, Microsoft.AspNetCore.Mvc.ModelBinding.Binders.CollectionModelBinderProvider, Microsoft.AspNetCore.Mvc.ModelBinding.Binders.ComplexObjectModelBinderProvider
2024-04-11 20:20:02.4476 | DEBUG | Hosting starting
2024-04-11 20:20:02.4936 | INFO | User profile is available. Using 'C:\Users\Administrator\AppData\Local\ASP.NET\DataProtection-Keys' as key repository and Windows DPAPI to encrypt keys at rest.
2024-04-11 20:20:02.5087 | DEBUG | Reading data from file 'C:\Users\Administrator\AppData\Local\ASP.NET\DataProtection-Keys\key-34692722-1836-4131-841e-52bc30c5cc34.xml'.
2024-04-11 20:20:02.5087 | DEBUG | Reading data from file 'C:\Users\Administrator\AppData\Local\ASP.NET\DataProtection-Keys\key-691d2c1e-819d-4ace-bf8c-4b95df9c96f1.xml'.
2024-04-11 20:20:02.5087 | DEBUG | Found key {34692722-1836-4131-841e-52bc30c5cc34}.
2024-04-11 20:20:02.5288 | DEBUG | Found key {691d2c1e-819d-4ace-bf8c-4b95df9c96f1}.
2024-04-11 20:20:02.5432 | DEBUG | Considering key {34692722-1836-4131-841e-52bc30c5cc34} with expiration date 2024-04-15 01:35:41Z as default key.
2024-04-11 20:20:02.5432 | DEBUG | Forwarded activator type request from Microsoft.AspNetCore.DataProtection.XmlEncryption.DpapiXmlDecryptor, Microsoft.AspNetCore.DataProtection, Version=7.0.0.0, Culture=neutral, PublicKeyToken=adb9793829ddae60 to Microsoft.AspNetCore.DataProtection.XmlEncryption.DpapiXmlDecryptor, Microsoft.AspNetCore.DataProtection, Culture=neutral, PublicKeyToken=adb9793829ddae60
2024-04-11 20:20:02.5432 | DEBUG | Decrypting secret element using Windows DPAPI.
2024-04-11 20:20:02.5563 | DEBUG | Forwarded activator type request from Microsoft.AspNetCore.DataProtection.AuthenticatedEncryption.ConfigurationModel.AuthenticatedEncryptorDescriptorDeserializer, Microsoft.AspNetCore.DataProtection, Version=7.0.0.0, Culture=neutral, PublicKeyToken=adb9793829ddae60 to Microsoft.AspNetCore.DataProtection.AuthenticatedEncryption.ConfigurationModel.AuthenticatedEncryptorDescriptorDeserializer, Microsoft.AspNetCore.DataProtection, Culture=neutral, PublicKeyToken=adb9793829ddae60
2024-04-11 20:20:02.5563 | DEBUG | Opening CNG algorithm 'AES' from provider '(null)' with chaining mode CBC.
2024-04-11 20:20:02.5563 | DEBUG | Opening CNG algorithm 'SHA256' from provider '(null)' with HMAC.
2024-04-11 20:20:02.5563 | DEBUG | Using key {34692722-1836-4131-841e-52bc30c5cc34} as the default key.
2024-04-11 20:20:02.5563 | DEBUG | Key ring with default key {34692722-1836-4131-841e-52bc30c5cc34} was loaded during application startup.
2024-04-11 20:20:02.7631 | DEBUG | Loaded hosting startup assembly webapi.net7.sqlsugar
2024-04-11 20:20:02.7631 | DEBUG | Loaded hosting startup assembly Microsoft.AspNetCore.Watch.BrowserRefresh
2024-04-11 20:20:02.7631 | DEBUG | Loaded hosting startup assembly Microsoft.WebTools.BrowserLink.Net
2024-04-11 20:20:02.7989 | INFO | Application started. Press Ctrl+C to shut down.
2024-04-11 20:20:02.7989 | INFO | Hosting environment: Development
2024-04-11 20:20:02.8059 | INFO | Content root path: D:\BaiduSyncdisk\webapi.net7+sqlsugar\webapi.net7.sqlsugar\webapi.net7.sqlsugar
2024-04-11 20:20:02.8059 | DEBUG | Hosting started
2024-04-11 20:20:02.8449 | INFO | Request starting HTTP/2 GET https://localhost:44351/swagger/index.html - -
2024-04-11 20:20:03.0814 | DEBUG | Wildcard detected, all requests with hosts will be allowed.
2024-04-11 20:20:03.1550 | DEBUG | No candidates found for the request path '/swagger/index.html'
2024-04-11 20:20:03.1550 | DEBUG | Request did not match any endpoints
2024-04-11 20:20:03.4655 | DEBUG | Response markup is scheduled to include browser refresh script injection.
2024-04-11 20:20:03.5140 | DEBUG | Response markup was updated to include browser refresh script injection.
2024-04-11 20:20:03.5274 | DEBUG | Connection ID "18302628895834243188" disconnecting.
2024-04-11 20:20:03.5274 | INFO | Request starting HTTP/2 GET https://localhost:44351/_framework/aspnetcore-browser-refresh.js - -
2024-04-11 20:20:03.5274 | INFO | Request finished HTTP/2 GET https://localhost:44351/swagger/index.html - - - 200 - text/html;charset=utf-8 688.4845ms
2024-04-11 20:20:03.5386 | DEBUG | Connection ID "18014398528272465930" disconnecting.
2024-04-11 20:20:03.5386 | INFO | Request starting HTTP/2 GET https://localhost:44351/_vs/browserLink - -
2024-04-11 20:20:03.5386 | INFO | Request finished HTTP/2 GET https://localhost:44351/_framework/aspnetcore-browser-refresh.js - - - 200 13776 application/javascript;+charset=utf-8 4.9105ms
2024-04-11 20:20:03.6331 | DEBUG | Connection ID "18374686485577203758" disconnecting.
2024-04-11 20:20:03.6331 | INFO | Request finished HTTP/2 GET https://localhost:44351/_vs/browserLink - - - 200 - text/javascript;+charset=UTF-8 95.7127ms
2024-04-11 20:20:03.7733 | INFO | Request starting HTTP/2 GET https://localhost:44351/swagger/东泽房源管理接口/swagger.json - -
2024-04-11 20:20:03.7733 | DEBUG | No candidates found for the request path '/swagger/东泽房源管理接口/swagger.json'
2024-04-11 20:20:03.7733 | DEBUG | Request did not match any endpoints
2024-04-11 20:20:04.4971 | DEBUG | Connection ID "18374686485577203760" disconnecting.
2024-04-11 20:20:04.4971 | INFO | Request finished HTTP/2 GET https://localhost:44351/swagger/东泽房源管理接口/swagger.json - - - 200 - application/json;charset=utf-8 723.8727ms
2024-04-11 20:20:22.7277 | INFO | Request starting HTTP/2 POST https://localhost:44351/api/Getrgsdyywy application/json 57
2024-04-11 20:20:22.7277 | DEBUG | 1 candidate(s) found for the request path '/api/Getrgsdyywy'
2024-04-11 20:20:22.7433 | DEBUG | Endpoint 'webapi.net7.sqlsugar.Controllers.CRMAppControlle.Getrgsdyywy (webapi.net7.sqlsugar)' with route pattern 'api/Getrgsdyywy' is valid for the request path '/api/Getrgsdyywy'
2024-04-11 20:20:22.7433 | DEBUG | Request matched endpoint 'webapi.net7.sqlsugar.Controllers.CRMAppControlle.Getrgsdyywy (webapi.net7.sqlsugar)'
2024-04-11 20:20:22.7433 | DEBUG | Static files was skipped as the request already matched an endpoint.
2024-04-11 20:20:22.7433 | DEBUG | Static files was skipped as the request already matched an endpoint.
2024-04-11 20:20:22.8853 | DEBUG | AuthenticationScheme: Bearer was not authenticated.
2024-04-11 20:20:22.8853 | DEBUG | The request has an origin header: 'https://localhost:44351'.
2024-04-11 20:20:22.8853 | INFO | CORS policy execution successful.
2024-04-11 20:20:22.8853 | INFO | Executing endpoint 'webapi.net7.sqlsugar.Controllers.CRMAppControlle.Getrgsdyywy (webapi.net7.sqlsugar)'
2024-04-11 20:20:22.9374 | INFO | Route matched with {action = "Getrgsdyywy", controller = "CRMAppControlle"}. Executing controller action with signature System.Object Getrgsdyywy(System.Object) on controller webapi.net7.sqlsugar.Controllers.CRMAppControlle (webapi.net7.sqlsugar).
2024-04-11 20:20:22.9374 | DEBUG | Execution plan of authorization filters (in the following order): None
2024-04-11 20:20:22.9374 | DEBUG | Execution plan of resource filters (in the following order): None
2024-04-11 20:20:22.9374 | DEBUG | Execution plan of action filters (in the following order): Microsoft.AspNetCore.Mvc.ModelBinding.UnsupportedContentTypeFilter (Order: -3000), Microsoft.AspNetCore.Mvc.Infrastructure.ModelStateInvalidFilter (Order: -2000)
2024-04-11 20:20:22.9374 | DEBUG | Execution plan of exception filters (in the following order): None
2024-04-11 20:20:22.9374 | DEBUG | Execution plan of result filters (in the following order): Microsoft.AspNetCore.Mvc.Infrastructure.ClientErrorResultFilter (Order: -2000)
2024-04-11 20:20:22.9442 | DEBUG | Executing controller factory for controller webapi.net7.sqlsugar.Controllers.CRMAppControlle (webapi.net7.sqlsugar)
2024-04-11 20:20:22.9442 | DEBUG | Executed controller factory for controller webapi.net7.sqlsugar.Controllers.CRMAppControlle (webapi.net7.sqlsugar)
2024-04-11 20:20:22.9442 | DEBUG | Attempting to bind parameter 'ob' of type 'System.Object' ...
2024-04-11 20:20:22.9442 | DEBUG | Attempting to bind parameter 'ob' of type 'System.Object' using the name '' in request data ...
2024-04-11 20:20:22.9442 | DEBUG | Selected input formatter 'Microsoft.AspNetCore.Mvc.Formatters.SystemTextJsonInputFormatter' for content type 'application/json'.
2024-04-11 20:20:22.9843 | DEBUG | JSON input formatter succeeded, deserializing to type 'System.Object'
2024-04-11 20:20:22.9843 | DEBUG | Done attempting to bind parameter 'ob' of type 'System.Object'.
2024-04-11 20:20:22.9843 | DEBUG | Done attempting to bind parameter 'ob' of type 'System.Object'.
2024-04-11 20:20:22.9843 | DEBUG | Attempting to validate the bound parameter 'ob' of type 'System.Object' ...
2024-04-11 20:20:22.9959 | DEBUG | Done attempting to validate the bound parameter 'ob' of type 'System.Object'.
2024-04-11 20:20:22.9959 | INFO | Executing action method webapi.net7.sqlsugar.Controllers.CRMAppControlle.Getrgsdyywy (webapi.net7.sqlsugar) - Validation state: Valid
