2024-05-23 10:50:36.1332 | DEBUG | Registered model binder providers, in the following order: Microsoft.AspNetCore.Mvc.ModelBinding.Binders.BinderTypeModelBinderProvider, Microsoft.AspNetCore.Mvc.ModelBinding.Binders.ServicesModelBinderProvider, Microsoft.AspNetCore.Mvc.ModelBinding.Binders.BodyModelBinderProvider, Microsoft.AspNetCore.Mvc.ModelBinding.Binders.HeaderModelBinderProvider, Microsoft.AspNetCore.Mvc.ModelBinding.Binders.FloatingPointTypeModelBinderProvider, Microsoft.AspNetCore.Mvc.ModelBinding.Binders.EnumTypeModelBinderProvider, Microsoft.AspNetCore.Mvc.ModelBinding.Binders.DateTimeModelBinderProvider, Microsoft.AspNetCore.Mvc.ModelBinding.Binders.SimpleTypeModelBinderProvider, Microsoft.AspNetCore.Mvc.ModelBinding.Binders.TryParseModelBinderProvider, Microsoft.AspNetCore.Mvc.ModelBinding.Binders.CancellationTokenModelBinderProvider, Microsoft.AspNetCore.Mvc.ModelBinding.Binders.ByteArrayModelBinderProvider, Microsoft.AspNetCore.Mvc.ModelBinding.Binders.FormFileModelBinderProvider, Microsoft.AspNetCore.Mvc.ModelBinding.Binders.FormCollectionModelBinderProvider, Microsoft.AspNetCore.Mvc.ModelBinding.Binders.KeyValuePairModelBinderProvider, Microsoft.AspNetCore.Mvc.ModelBinding.Binders.DictionaryModelBinderProvider, Microsoft.AspNetCore.Mvc.ModelBinding.Binders.ArrayModelBinderProvider, Microsoft.AspNetCore.Mvc.ModelBinding.Binders.CollectionModelBinderProvider, Microsoft.AspNetCore.Mvc.ModelBinding.Binders.ComplexObjectModelBinderProvider
2024-05-23 10:50:36.3034 | DEBUG | Hosting starting
2024-05-23 10:50:36.3481 | INFO | User profile is available. Using 'C:\Users\Administrator\AppData\Local\ASP.NET\DataProtection-Keys' as key repository and Windows DPAPI to encrypt keys at rest.
2024-05-23 10:50:36.3545 | DEBUG | Reading data from file 'C:\Users\Administrator\AppData\Local\ASP.NET\DataProtection-Keys\key-34692722-1836-4131-841e-52bc30c5cc34.xml'.
2024-05-23 10:50:36.3545 | DEBUG | Reading data from file 'C:\Users\Administrator\AppData\Local\ASP.NET\DataProtection-Keys\key-691d2c1e-819d-4ace-bf8c-4b95df9c96f1.xml'.
2024-05-23 10:50:36.3545 | DEBUG | Reading data from file 'C:\Users\Administrator\AppData\Local\ASP.NET\DataProtection-Keys\key-9c621d14-e4f3-453a-a88c-5b12868c45f6.xml'.
2024-05-23 10:50:36.3545 | DEBUG | Found key {34692722-1836-4131-841e-52bc30c5cc34}.
2024-05-23 10:50:36.3689 | DEBUG | Found key {691d2c1e-819d-4ace-bf8c-4b95df9c96f1}.
2024-05-23 10:50:36.3689 | DEBUG | Found key {9c621d14-e4f3-453a-a88c-5b12868c45f6}.
2024-05-23 10:50:36.3689 | DEBUG | Considering key {9c621d14-e4f3-453a-a88c-5b12868c45f6} with expiration date 2024-07-14 12:08:15Z as default key.
2024-05-23 10:50:36.3689 | DEBUG | Forwarded activator type request from Microsoft.AspNetCore.DataProtection.XmlEncryption.DpapiXmlDecryptor, Microsoft.AspNetCore.DataProtection, Version=7.0.0.0, Culture=neutral, PublicKeyToken=adb9793829ddae60 to Microsoft.AspNetCore.DataProtection.XmlEncryption.DpapiXmlDecryptor, Microsoft.AspNetCore.DataProtection, Culture=neutral, PublicKeyToken=adb9793829ddae60
2024-05-23 10:50:36.3689 | DEBUG | Decrypting secret element using Windows DPAPI.
2024-05-23 10:50:36.3689 | DEBUG | Forwarded activator type request from Microsoft.AspNetCore.DataProtection.AuthenticatedEncryption.ConfigurationModel.AuthenticatedEncryptorDescriptorDeserializer, Microsoft.AspNetCore.DataProtection, Version=7.0.0.0, Culture=neutral, PublicKeyToken=adb9793829ddae60 to Microsoft.AspNetCore.DataProtection.AuthenticatedEncryption.ConfigurationModel.AuthenticatedEncryptorDescriptorDeserializer, Microsoft.AspNetCore.DataProtection, Culture=neutral, PublicKeyToken=adb9793829ddae60
2024-05-23 10:50:36.3797 | DEBUG | Opening CNG algorithm 'AES' from provider '(null)' with chaining mode CBC.
2024-05-23 10:50:36.3797 | DEBUG | Opening CNG algorithm 'SHA256' from provider '(null)' with HMAC.
2024-05-23 10:50:36.3797 | DEBUG | Using key {9c621d14-e4f3-453a-a88c-5b12868c45f6} as the default key.
2024-05-23 10:50:36.3797 | DEBUG | Key ring with default key {9c621d14-e4f3-453a-a88c-5b12868c45f6} was loaded during application startup.
2024-05-23 10:50:36.6409 | INFO | Now listening on: http://localhost:5149
2024-05-23 10:50:36.6409 | DEBUG | Loaded hosting startup assembly webapi.net7.sqlsugar
2024-05-23 10:50:36.6409 | DEBUG | Loaded hosting startup assembly Microsoft.AspNetCore.Watch.BrowserRefresh
2024-05-23 10:50:36.6409 | DEBUG | Loaded hosting startup assembly Microsoft.WebTools.BrowserLink.Net
2024-05-23 10:50:36.6458 | INFO | Application started. Press Ctrl+C to shut down.
2024-05-23 10:50:36.6458 | INFO | Hosting environment: Development
2024-05-23 10:50:36.6458 | INFO | Content root path: D:\BaiduSyncdisk\webapi.net7+sqlsugar\webapi.net7.sqlsugar\webapi.net7.sqlsugar
2024-05-23 10:50:36.6458 | DEBUG | Hosting started
2024-05-23 10:50:36.7745 | DEBUG | Connection id "0HN3QQCFQLI95" accepted.
2024-05-23 10:50:36.7745 | DEBUG | Connection id "0HN3QQCFQLI95" started.
2024-05-23 10:50:36.7745 | DEBUG | Connection id "0HN3QQCFQLI96" accepted.
2024-05-23 10:50:36.7745 | DEBUG | Connection id "0HN3QQCFQLI96" started.
2024-05-23 10:50:39.0912 | DEBUG | Connection id "0HN3QQCFQLI97" accepted.
2024-05-23 10:50:39.0912 | DEBUG | Connection id "0HN3QQCFQLI98" accepted.
2024-05-23 10:50:39.0912 | DEBUG | Connection id "0HN3QQCFQLI97" started.
2024-05-23 10:50:39.0912 | DEBUG | Connection id "0HN3QQCFQLI98" started.
2024-05-23 10:50:39.3461 | INFO | Request starting HTTP/1.1 GET http://localhost:5149/swagger/index.html - -
2024-05-23 10:50:39.7674 | DEBUG | Wildcard detected, all requests with hosts will be allowed.
2024-05-23 10:50:39.7674 | TRACE | All hosts are allowed.
2024-05-23 10:50:39.8302 | DEBUG | No candidates found for the request path '/swagger/index.html'
2024-05-23 10:50:39.8302 | DEBUG | Request did not match any endpoints
2024-05-23 10:50:40.0290 | DEBUG | Response markup is scheduled to include browser refresh script injection.
2024-05-23 10:50:40.0563 | DEBUG | Response markup was updated to include browser refresh script injection.
2024-05-23 10:50:40.0563 | DEBUG | Connection id "0HN3QQCFQLI98" completed keep alive response.
2024-05-23 10:50:40.0563 | INFO | Request finished HTTP/1.1 GET http://localhost:5149/swagger/index.html - - - 200 - text/html;charset=utf-8 717.3993ms
2024-05-23 10:50:40.0563 | INFO | Request starting HTTP/1.1 GET http://localhost:5149/_vs/browserLink - -
2024-05-23 10:50:40.0563 | INFO | Request starting HTTP/1.1 GET http://localhost:5149/_framework/aspnetcore-browser-refresh.js - -
2024-05-23 10:50:40.0671 | DEBUG | Connection id "0HN3QQCFQLI98" completed keep alive response.
2024-05-23 10:50:40.0671 | INFO | Request finished HTTP/1.1 GET http://localhost:5149/_framework/aspnetcore-browser-refresh.js - - - 200 13776 application/javascript;+charset=utf-8 2.4043ms
2024-05-23 10:50:40.1330 | DEBUG | Connection id "0HN3QQCFQLI97" completed keep alive response.
2024-05-23 10:50:40.1330 | INFO | Request finished HTTP/1.1 GET http://localhost:5149/_vs/browserLink - - - 200 - text/javascript;+charset=UTF-8 71.0633ms
2024-05-23 10:50:40.2003 | INFO | Request starting HTTP/1.1 GET http://localhost:5149/swagger/东泽房源管理接口/swagger.json - -
2024-05-23 10:50:40.2003 | TRACE | All hosts are allowed.
2024-05-23 10:50:40.2003 | DEBUG | No candidates found for the request path '/swagger/东泽房源管理接口/swagger.json'
2024-05-23 10:50:40.2003 | DEBUG | Request did not match any endpoints
2024-05-23 10:50:40.5690 | DEBUG | Connection id "0HN3QQCFQLI97" completed keep alive response.
2024-05-23 10:50:40.5690 | INFO | Request finished HTTP/1.1 GET http://localhost:5149/swagger/东泽房源管理接口/swagger.json - - - 200 - application/json;charset=utf-8 368.8265ms
2024-05-23 10:51:39.6800 | INFO | Request starting HTTP/1.1 POST http://localhost:5149/api/GetDataTableToJson application/json 29
2024-05-23 10:51:39.6800 | TRACE | All hosts are allowed.
2024-05-23 10:51:39.6800 | DEBUG | 1 candidate(s) found for the request path '/api/GetDataTableToJson'
2024-05-23 10:51:39.6800 | DEBUG | Endpoint 'webapi.net7.sqlsugar.Controllers.CRMAppControlle.GetDataTableToJson (webapi.net7.sqlsugar)' with route pattern 'api/GetDataTableToJson' is valid for the request path '/api/GetDataTableToJson'
2024-05-23 10:51:39.6800 | DEBUG | Request matched endpoint 'webapi.net7.sqlsugar.Controllers.CRMAppControlle.GetDataTableToJson (webapi.net7.sqlsugar)'
2024-05-23 10:51:39.6800 | DEBUG | Static files was skipped as the request already matched an endpoint.
2024-05-23 10:51:39.6800 | DEBUG | Static files was skipped as the request already matched an endpoint.
2024-05-23 10:51:39.6976 | WARN | Failed to determine the https port for redirect.
2024-05-23 10:51:39.7689 | DEBUG | AuthenticationScheme: Bearer was not authenticated.
2024-05-23 10:51:39.7707 | DEBUG | The request has an origin header: 'http://localhost:5149'.
2024-05-23 10:51:39.7707 | INFO | CORS policy execution successful.
2024-05-23 10:51:39.7707 | INFO | Executing endpoint 'webapi.net7.sqlsugar.Controllers.CRMAppControlle.GetDataTableToJson (webapi.net7.sqlsugar)'
2024-05-23 10:51:39.7870 | INFO | Route matched with {action = "GetDataTableToJson", controller = "CRMAppControlle"}. Executing controller action with signature System.String GetDataTableToJson(System.Object) on controller webapi.net7.sqlsugar.Controllers.CRMAppControlle (webapi.net7.sqlsugar).
2024-05-23 10:51:39.7870 | DEBUG | Execution plan of authorization filters (in the following order): None
2024-05-23 10:51:39.7870 | DEBUG | Execution plan of resource filters (in the following order): None
2024-05-23 10:51:39.7870 | DEBUG | Execution plan of action filters (in the following order): Microsoft.AspNetCore.Mvc.ModelBinding.UnsupportedContentTypeFilter (Order: -3000), Microsoft.AspNetCore.Mvc.Infrastructure.ModelStateInvalidFilter (Order: -2000)
2024-05-23 10:51:39.7870 | DEBUG | Execution plan of exception filters (in the following order): None
2024-05-23 10:51:39.7870 | DEBUG | Execution plan of result filters (in the following order): Microsoft.AspNetCore.Mvc.Infrastructure.ClientErrorResultFilter (Order: -2000)
2024-05-23 10:51:39.7870 | DEBUG | Executing controller factory for controller webapi.net7.sqlsugar.Controllers.CRMAppControlle (webapi.net7.sqlsugar)
2024-05-23 10:51:39.7870 | DEBUG | Executed controller factory for controller webapi.net7.sqlsugar.Controllers.CRMAppControlle (webapi.net7.sqlsugar)
2024-05-23 10:51:39.7870 | DEBUG | Attempting to bind parameter 'ob' of type 'System.Object' ...
2024-05-23 10:51:39.7870 | DEBUG | Attempting to bind parameter 'ob' of type 'System.Object' using the name '' in request data ...
2024-05-23 10:51:39.7870 | DEBUG | Selected input formatter 'Microsoft.AspNetCore.Mvc.Formatters.SystemTextJsonInputFormatter' for content type 'application/json'.
2024-05-23 10:51:39.7870 | DEBUG | Connection id "0HN3QQCFQLI97", Request id "0HN3QQCFQLI97:00000003": started reading request body.
2024-05-23 10:51:39.7870 | DEBUG | Connection id "0HN3QQCFQLI97", Request id "0HN3QQCFQLI97:00000003": done reading request body.
2024-05-23 10:51:39.8063 | DEBUG | JSON input formatter threw an exception: '0xEF' is invalid after a value. Expected either ',', '}', or ']'. Path: $ | LineNumber: 0 | BytePositionInLine: 11.
2024-05-23 10:51:39.8063 | DEBUG | Done attempting to bind parameter 'ob' of type 'System.Object'.
2024-05-23 10:51:39.8063 | DEBUG | Done attempting to bind parameter 'ob' of type 'System.Object'.
2024-05-23 10:51:39.8063 | DEBUG | Attempting to validate the bound parameter 'ob' of type 'System.Object' ...
2024-05-23 10:51:39.8063 | DEBUG | Done attempting to validate the bound parameter 'ob' of type 'System.Object'.
2024-05-23 10:51:39.8063 | TRACE | Action Filter: Before executing OnActionExecuting on filter Microsoft.AspNetCore.Mvc.ModelBinding.UnsupportedContentTypeFilter.
2024-05-23 10:51:39.8063 | TRACE | Action Filter: After executing OnActionExecuting on filter Microsoft.AspNetCore.Mvc.ModelBinding.UnsupportedContentTypeFilter.
2024-05-23 10:51:39.8063 | TRACE | Action Filter: Before executing OnActionExecuting on filter Microsoft.AspNetCore.Mvc.Infrastructure.ModelStateInvalidFilter.
2024-05-23 10:51:39.8063 | DEBUG | The request has model state errors, returning an error response.
2024-05-23 10:51:39.8063 | TRACE | Action Filter: After executing OnActionExecuting on filter Microsoft.AspNetCore.Mvc.Infrastructure.ModelStateInvalidFilter.
2024-05-23 10:51:39.8063 | DEBUG | Request was short circuited at action filter 'Microsoft.AspNetCore.Mvc.Infrastructure.ModelStateInvalidFilter'.
2024-05-23 10:51:39.8063 | TRACE | Action Filter: Before executing OnActionExecuted on filter Microsoft.AspNetCore.Mvc.ModelBinding.UnsupportedContentTypeFilter.
2024-05-23 10:51:39.8063 | TRACE | Action Filter: After executing OnActionExecuted on filter Microsoft.AspNetCore.Mvc.ModelBinding.UnsupportedContentTypeFilter.
2024-05-23 10:51:39.8063 | TRACE | Result Filter: Before executing OnResultExecuting on filter Microsoft.AspNetCore.Mvc.Infrastructure.ClientErrorResultFilter.
2024-05-23 10:51:39.8063 | TRACE | Result Filter: After executing OnResultExecuting on filter Microsoft.AspNetCore.Mvc.Infrastructure.ClientErrorResultFilter.
2024-05-23 10:51:39.8171 | TRACE | Before executing action result Microsoft.AspNetCore.Mvc.BadRequestObjectResult.
2024-05-23 10:51:39.8171 | DEBUG | List of registered output formatters, in the following order: Microsoft.AspNetCore.Mvc.Formatters.HttpNoContentOutputFormatter, Microsoft.AspNetCore.Mvc.Formatters.StringOutputFormatter, Microsoft.AspNetCore.Mvc.Formatters.StreamOutputFormatter, Microsoft.AspNetCore.Mvc.Formatters.SystemTextJsonOutputFormatter
2024-05-23 10:51:39.8171 | DEBUG | Attempting to select an output formatter based on Accept header 'text/plain' and explicitly specified content types 'application/problem+json, application/problem+xml, application/problem+json, application/problem+xml'. The content types in the accept header must be a subset of the explicitly set content types.
2024-05-23 10:51:39.8171 | DEBUG | Could not find an output formatter based on content negotiation. Accepted types were (text/plain)
2024-05-23 10:51:39.8171 | DEBUG | Attempting to select the first output formatter in the output formatters list which supports a content type from the explicitly specified content types 'application/problem+json, application/problem+xml, application/problem+json, application/problem+xml'.
2024-05-23 10:51:39.8171 | DEBUG | Selected output formatter 'Microsoft.AspNetCore.Mvc.Formatters.SystemTextJsonOutputFormatter' and content type 'application/problem+json' to write the response.
2024-05-23 10:51:39.8171 | INFO | Executing BadRequestObjectResult, writing value of type 'Microsoft.AspNetCore.Mvc.ValidationProblemDetails'.
2024-05-23 10:51:39.8171 | TRACE | After executing action result Microsoft.AspNetCore.Mvc.BadRequestObjectResult.
2024-05-23 10:51:39.8171 | TRACE | Result Filter: Before executing OnResultExecuted on filter Microsoft.AspNetCore.Mvc.Infrastructure.ClientErrorResultFilter.
2024-05-23 10:51:39.8171 | TRACE | Result Filter: After executing OnResultExecuted on filter Microsoft.AspNetCore.Mvc.Infrastructure.ClientErrorResultFilter.
2024-05-23 10:51:39.8171 | INFO | Executed action webapi.net7.sqlsugar.Controllers.CRMAppControlle.GetDataTableToJson (webapi.net7.sqlsugar) in 35.1577ms
2024-05-23 10:51:39.8171 | INFO | Executed endpoint 'webapi.net7.sqlsugar.Controllers.CRMAppControlle.GetDataTableToJson (webapi.net7.sqlsugar)'
2024-05-23 10:51:39.8171 | DEBUG | Connection id "0HN3QQCFQLI97" completed keep alive response.
2024-05-23 10:51:39.8171 | INFO | Request finished HTTP/1.1 POST http://localhost:5149/api/GetDataTableToJson application/json 29 - 400 - application/problem+json;+charset=utf-8 147.4091ms
2024-05-23 10:52:01.1686 | INFO | Request starting HTTP/1.1 POST http://localhost:5149/api/GetDataTableToJson application/json 29
2024-05-23 10:52:01.1686 | TRACE | All hosts are allowed.
2024-05-23 10:52:01.1686 | DEBUG | 1 candidate(s) found for the request path '/api/GetDataTableToJson'
2024-05-23 10:52:01.1686 | DEBUG | Endpoint 'webapi.net7.sqlsugar.Controllers.CRMAppControlle.GetDataTableToJson (webapi.net7.sqlsugar)' with route pattern 'api/GetDataTableToJson' is valid for the request path '/api/GetDataTableToJson'
2024-05-23 10:52:01.1686 | DEBUG | Request matched endpoint 'webapi.net7.sqlsugar.Controllers.CRMAppControlle.GetDataTableToJson (webapi.net7.sqlsugar)'
2024-05-23 10:52:01.1686 | DEBUG | Static files was skipped as the request already matched an endpoint.
2024-05-23 10:52:01.1686 | DEBUG | Static files was skipped as the request already matched an endpoint.
2024-05-23 10:52:01.1686 | DEBUG | AuthenticationScheme: Bearer was not authenticated.
2024-05-23 10:52:01.1686 | DEBUG | The request has an origin header: 'http://localhost:5149'.
2024-05-23 10:52:01.1686 | INFO | CORS policy execution successful.
2024-05-23 10:52:01.1686 | INFO | Executing endpoint 'webapi.net7.sqlsugar.Controllers.CRMAppControlle.GetDataTableToJson (webapi.net7.sqlsugar)'
2024-05-23 10:52:01.1686 | INFO | Route matched with {action = "GetDataTableToJson", controller = "CRMAppControlle"}. Executing controller action with signature System.String GetDataTableToJson(System.Object) on controller webapi.net7.sqlsugar.Controllers.CRMAppControlle (webapi.net7.sqlsugar).
2024-05-23 10:52:01.1686 | DEBUG | Execution plan of authorization filters (in the following order): None
2024-05-23 10:52:01.1686 | DEBUG | Execution plan of resource filters (in the following order): None
2024-05-23 10:52:01.1686 | DEBUG | Execution plan of action filters (in the following order): Microsoft.AspNetCore.Mvc.ModelBinding.UnsupportedContentTypeFilter (Order: -3000), Microsoft.AspNetCore.Mvc.Infrastructure.ModelStateInvalidFilter (Order: -2000)
2024-05-23 10:52:01.1686 | DEBUG | Execution plan of exception filters (in the following order): None
2024-05-23 10:52:01.1686 | DEBUG | Execution plan of result filters (in the following order): Microsoft.AspNetCore.Mvc.Infrastructure.ClientErrorResultFilter (Order: -2000)
2024-05-23 10:52:01.1686 | DEBUG | Executing controller factory for controller webapi.net7.sqlsugar.Controllers.CRMAppControlle (webapi.net7.sqlsugar)
2024-05-23 10:52:01.1686 | DEBUG | Executed controller factory for controller webapi.net7.sqlsugar.Controllers.CRMAppControlle (webapi.net7.sqlsugar)
2024-05-23 10:52:01.1686 | DEBUG | Attempting to bind parameter 'ob' of type 'System.Object' ...
2024-05-23 10:52:01.1686 | DEBUG | Attempting to bind parameter 'ob' of type 'System.Object' using the name '' in request data ...
2024-05-23 10:52:01.1686 | DEBUG | Selected input formatter 'Microsoft.AspNetCore.Mvc.Formatters.SystemTextJsonInputFormatter' for content type 'application/json'.
2024-05-23 10:52:01.1686 | DEBUG | Connection id "0HN3QQCFQLI97", Request id "0HN3QQCFQLI97:00000004": started reading request body.
2024-05-23 10:52:01.1686 | DEBUG | Connection id "0HN3QQCFQLI97", Request id "0HN3QQCFQLI97:00000004": done reading request body.
2024-05-23 10:52:01.1686 | DEBUG | JSON input formatter threw an exception: '0xEF' is invalid after a value. Expected either ',', '}', or ']'. Path: $ | LineNumber: 0 | BytePositionInLine: 11.
2024-05-23 10:52:01.1686 | DEBUG | Done attempting to bind parameter 'ob' of type 'System.Object'.
2024-05-23 10:52:01.1686 | DEBUG | Done attempting to bind parameter 'ob' of type 'System.Object'.
2024-05-23 10:52:01.1686 | DEBUG | Attempting to validate the bound parameter 'ob' of type 'System.Object' ...
2024-05-23 10:52:01.1686 | DEBUG | Done attempting to validate the bound parameter 'ob' of type 'System.Object'.
2024-05-23 10:52:01.1686 | TRACE | Action Filter: Before executing OnActionExecuting on filter Microsoft.AspNetCore.Mvc.ModelBinding.UnsupportedContentTypeFilter.
2024-05-23 10:52:01.1686 | TRACE | Action Filter: After executing OnActionExecuting on filter Microsoft.AspNetCore.Mvc.ModelBinding.UnsupportedContentTypeFilter.
2024-05-23 10:52:01.1686 | TRACE | Action Filter: Before executing OnActionExecuting on filter Microsoft.AspNetCore.Mvc.Infrastructure.ModelStateInvalidFilter.
2024-05-23 10:52:01.1686 | DEBUG | The request has model state errors, returning an error response.
2024-05-23 10:52:01.1686 | TRACE | Action Filter: After executing OnActionExecuting on filter Microsoft.AspNetCore.Mvc.Infrastructure.ModelStateInvalidFilter.
2024-05-23 10:52:01.1686 | DEBUG | Request was short circuited at action filter 'Microsoft.AspNetCore.Mvc.Infrastructure.ModelStateInvalidFilter'.
2024-05-23 10:52:01.1686 | TRACE | Action Filter: Before executing OnActionExecuted on filter Microsoft.AspNetCore.Mvc.ModelBinding.UnsupportedContentTypeFilter.
2024-05-23 10:52:01.1686 | TRACE | Action Filter: After executing OnActionExecuted on filter Microsoft.AspNetCore.Mvc.ModelBinding.UnsupportedContentTypeFilter.
2024-05-23 10:52:01.1686 | TRACE | Result Filter: Before executing OnResultExecuting on filter Microsoft.AspNetCore.Mvc.Infrastructure.ClientErrorResultFilter.
2024-05-23 10:52:01.1686 | TRACE | Result Filter: After executing OnResultExecuting on filter Microsoft.AspNetCore.Mvc.Infrastructure.ClientErrorResultFilter.
2024-05-23 10:52:01.1686 | TRACE | Before executing action result Microsoft.AspNetCore.Mvc.BadRequestObjectResult.
2024-05-23 10:52:01.1686 | DEBUG | List of registered output formatters, in the following order: Microsoft.AspNetCore.Mvc.Formatters.HttpNoContentOutputFormatter, Microsoft.AspNetCore.Mvc.Formatters.StringOutputFormatter, Microsoft.AspNetCore.Mvc.Formatters.StreamOutputFormatter, Microsoft.AspNetCore.Mvc.Formatters.SystemTextJsonOutputFormatter
2024-05-23 10:52:01.1686 | DEBUG | Attempting to select an output formatter based on Accept header 'text/plain' and explicitly specified content types 'application/problem+json, application/problem+xml, application/problem+json, application/problem+xml'. The content types in the accept header must be a subset of the explicitly set content types.
2024-05-23 10:52:01.1686 | DEBUG | Could not find an output formatter based on content negotiation. Accepted types were (text/plain)
2024-05-23 10:52:01.1686 | DEBUG | Attempting to select the first output formatter in the output formatters list which supports a content type from the explicitly specified content types 'application/problem+json, application/problem+xml, application/problem+json, application/problem+xml'.
2024-05-23 10:52:01.1686 | DEBUG | Selected output formatter 'Microsoft.AspNetCore.Mvc.Formatters.SystemTextJsonOutputFormatter' and content type 'application/problem+json' to write the response.
2024-05-23 10:52:01.1686 | INFO | Executing BadRequestObjectResult, writing value of type 'Microsoft.AspNetCore.Mvc.ValidationProblemDetails'.
2024-05-23 10:52:01.1686 | TRACE | After executing action result Microsoft.AspNetCore.Mvc.BadRequestObjectResult.
2024-05-23 10:52:01.1686 | TRACE | Result Filter: Before executing OnResultExecuted on filter Microsoft.AspNetCore.Mvc.Infrastructure.ClientErrorResultFilter.
2024-05-23 10:52:01.1686 | TRACE | Result Filter: After executing OnResultExecuted on filter Microsoft.AspNetCore.Mvc.Infrastructure.ClientErrorResultFilter.
2024-05-23 10:52:01.1686 | INFO | Executed action webapi.net7.sqlsugar.Controllers.CRMAppControlle.GetDataTableToJson (webapi.net7.sqlsugar) in 2.2187ms
2024-05-23 10:52:01.1686 | INFO | Executed endpoint 'webapi.net7.sqlsugar.Controllers.CRMAppControlle.GetDataTableToJson (webapi.net7.sqlsugar)'
2024-05-23 10:52:01.1686 | DEBUG | Connection id "0HN3QQCFQLI97" completed keep alive response.
2024-05-23 10:52:01.1686 | INFO | Request finished HTTP/1.1 POST http://localhost:5149/api/GetDataTableToJson application/json 29 - 400 - application/problem+json;+charset=utf-8 4.3775ms
2024-05-23 10:52:11.5732 | INFO | Request starting HTTP/1.1 POST http://localhost:5149/api/GetDataTableToJson application/json 27
2024-05-23 10:52:11.5732 | TRACE | All hosts are allowed.
2024-05-23 10:52:11.5732 | DEBUG | 1 candidate(s) found for the request path '/api/GetDataTableToJson'
2024-05-23 10:52:11.5732 | DEBUG | Endpoint 'webapi.net7.sqlsugar.Controllers.CRMAppControlle.GetDataTableToJson (webapi.net7.sqlsugar)' with route pattern 'api/GetDataTableToJson' is valid for the request path '/api/GetDataTableToJson'
2024-05-23 10:52:11.5732 | DEBUG | Request matched endpoint 'webapi.net7.sqlsugar.Controllers.CRMAppControlle.GetDataTableToJson (webapi.net7.sqlsugar)'
2024-05-23 10:52:11.5732 | DEBUG | Static files was skipped as the request already matched an endpoint.
2024-05-23 10:52:11.5732 | DEBUG | Static files was skipped as the request already matched an endpoint.
2024-05-23 10:52:11.5732 | DEBUG | AuthenticationScheme: Bearer was not authenticated.
2024-05-23 10:52:11.5732 | DEBUG | The request has an origin header: 'http://localhost:5149'.
2024-05-23 10:52:11.5732 | INFO | CORS policy execution successful.
2024-05-23 10:52:11.5732 | INFO | Executing endpoint 'webapi.net7.sqlsugar.Controllers.CRMAppControlle.GetDataTableToJson (webapi.net7.sqlsugar)'
2024-05-23 10:52:11.5732 | INFO | Route matched with {action = "GetDataTableToJson", controller = "CRMAppControlle"}. Executing controller action with signature System.String GetDataTableToJson(System.Object) on controller webapi.net7.sqlsugar.Controllers.CRMAppControlle (webapi.net7.sqlsugar).
2024-05-23 10:52:11.5732 | DEBUG | Execution plan of authorization filters (in the following order): None
2024-05-23 10:52:11.5732 | DEBUG | Execution plan of resource filters (in the following order): None
2024-05-23 10:52:11.5732 | DEBUG | Execution plan of action filters (in the following order): Microsoft.AspNetCore.Mvc.ModelBinding.UnsupportedContentTypeFilter (Order: -3000), Microsoft.AspNetCore.Mvc.Infrastructure.ModelStateInvalidFilter (Order: -2000)
2024-05-23 10:52:11.5732 | DEBUG | Execution plan of exception filters (in the following order): None
2024-05-23 10:52:11.5732 | DEBUG | Execution plan of result filters (in the following order): Microsoft.AspNetCore.Mvc.Infrastructure.ClientErrorResultFilter (Order: -2000)
2024-05-23 10:52:11.5732 | DEBUG | Executing controller factory for controller webapi.net7.sqlsugar.Controllers.CRMAppControlle (webapi.net7.sqlsugar)
2024-05-23 10:52:11.5732 | DEBUG | Executed controller factory for controller webapi.net7.sqlsugar.Controllers.CRMAppControlle (webapi.net7.sqlsugar)
2024-05-23 10:52:11.5732 | DEBUG | Attempting to bind parameter 'ob' of type 'System.Object' ...
2024-05-23 10:52:11.5732 | DEBUG | Attempting to bind parameter 'ob' of type 'System.Object' using the name '' in request data ...
2024-05-23 10:52:11.5732 | DEBUG | Selected input formatter 'Microsoft.AspNetCore.Mvc.Formatters.SystemTextJsonInputFormatter' for content type 'application/json'.
2024-05-23 10:52:11.5732 | DEBUG | Connection id "0HN3QQCFQLI97", Request id "0HN3QQCFQLI97:00000005": started reading request body.
2024-05-23 10:52:11.5732 | DEBUG | Connection id "0HN3QQCFQLI97", Request id "0HN3QQCFQLI97:00000005": done reading request body.
2024-05-23 10:52:11.5732 | DEBUG | JSON input formatter succeeded, deserializing to type 'System.Object'
2024-05-23 10:52:11.5732 | DEBUG | Done attempting to bind parameter 'ob' of type 'System.Object'.
2024-05-23 10:52:11.5732 | DEBUG | Done attempting to bind parameter 'ob' of type 'System.Object'.
2024-05-23 10:52:11.5732 | DEBUG | Attempting to validate the bound parameter 'ob' of type 'System.Object' ...
2024-05-23 10:52:11.5732 | DEBUG | Done attempting to validate the bound parameter 'ob' of type 'System.Object'.
2024-05-23 10:52:11.5732 | TRACE | Action Filter: Before executing OnActionExecuting on filter Microsoft.AspNetCore.Mvc.ModelBinding.UnsupportedContentTypeFilter.
2024-05-23 10:52:11.5732 | TRACE | Action Filter: After executing OnActionExecuting on filter Microsoft.AspNetCore.Mvc.ModelBinding.UnsupportedContentTypeFilter.
2024-05-23 10:52:11.5732 | TRACE | Action Filter: Before executing OnActionExecuting on filter Microsoft.AspNetCore.Mvc.Infrastructure.ModelStateInvalidFilter.
2024-05-23 10:52:11.5732 | TRACE | Action Filter: After executing OnActionExecuting on filter Microsoft.AspNetCore.Mvc.Infrastructure.ModelStateInvalidFilter.
2024-05-23 10:52:11.5732 | INFO | Executing action method webapi.net7.sqlsugar.Controllers.CRMAppControlle.GetDataTableToJson (webapi.net7.sqlsugar) - Validation state: Valid
2024-05-23 10:52:11.5732 | TRACE | Executing action method webapi.net7.sqlsugar.Controllers.CRMAppControlle.GetDataTableToJson (webapi.net7.sqlsugar) with arguments ({"id":"id1","name":"name1"})
2024-05-23 10:52:48.7915 | DEBUG | Registered model binder providers, in the following order: Microsoft.AspNetCore.Mvc.ModelBinding.Binders.BinderTypeModelBinderProvider, Microsoft.AspNetCore.Mvc.ModelBinding.Binders.ServicesModelBinderProvider, Microsoft.AspNetCore.Mvc.ModelBinding.Binders.BodyModelBinderProvider, Microsoft.AspNetCore.Mvc.ModelBinding.Binders.HeaderModelBinderProvider, Microsoft.AspNetCore.Mvc.ModelBinding.Binders.FloatingPointTypeModelBinderProvider, Microsoft.AspNetCore.Mvc.ModelBinding.Binders.EnumTypeModelBinderProvider, Microsoft.AspNetCore.Mvc.ModelBinding.Binders.DateTimeModelBinderProvider, Microsoft.AspNetCore.Mvc.ModelBinding.Binders.SimpleTypeModelBinderProvider, Microsoft.AspNetCore.Mvc.ModelBinding.Binders.TryParseModelBinderProvider, Microsoft.AspNetCore.Mvc.ModelBinding.Binders.CancellationTokenModelBinderProvider, Microsoft.AspNetCore.Mvc.ModelBinding.Binders.ByteArrayModelBinderProvider, Microsoft.AspNetCore.Mvc.ModelBinding.Binders.FormFileModelBinderProvider, Microsoft.AspNetCore.Mvc.ModelBinding.Binders.FormCollectionModelBinderProvider, Microsoft.AspNetCore.Mvc.ModelBinding.Binders.KeyValuePairModelBinderProvider, Microsoft.AspNetCore.Mvc.ModelBinding.Binders.DictionaryModelBinderProvider, Microsoft.AspNetCore.Mvc.ModelBinding.Binders.ArrayModelBinderProvider, Microsoft.AspNetCore.Mvc.ModelBinding.Binders.CollectionModelBinderProvider, Microsoft.AspNetCore.Mvc.ModelBinding.Binders.ComplexObjectModelBinderProvider
2024-05-23 10:52:48.9378 | DEBUG | Hosting starting
2024-05-23 10:52:48.9823 | INFO | User profile is available. Using 'C:\Users\Administrator\AppData\Local\ASP.NET\DataProtection-Keys' as key repository and Windows DPAPI to encrypt keys at rest.
2024-05-23 10:52:48.9907 | DEBUG | Reading data from file 'C:\Users\Administrator\AppData\Local\ASP.NET\DataProtection-Keys\key-34692722-1836-4131-841e-52bc30c5cc34.xml'.
2024-05-23 10:52:48.9907 | DEBUG | Reading data from file 'C:\Users\Administrator\AppData\Local\ASP.NET\DataProtection-Keys\key-691d2c1e-819d-4ace-bf8c-4b95df9c96f1.xml'.
2024-05-23 10:52:48.9907 | DEBUG | Reading data from file 'C:\Users\Administrator\AppData\Local\ASP.NET\DataProtection-Keys\key-9c621d14-e4f3-453a-a88c-5b12868c45f6.xml'.
2024-05-23 10:52:48.9907 | DEBUG | Found key {34692722-1836-4131-841e-52bc30c5cc34}.
2024-05-23 10:52:48.9907 | DEBUG | Found key {691d2c1e-819d-4ace-bf8c-4b95df9c96f1}.
2024-05-23 10:52:48.9907 | DEBUG | Found key {9c621d14-e4f3-453a-a88c-5b12868c45f6}.
2024-05-23 10:52:49.0096 | DEBUG | Considering key {9c621d14-e4f3-453a-a88c-5b12868c45f6} with expiration date 2024-07-14 12:08:15Z as default key.
2024-05-23 10:52:49.0096 | DEBUG | Forwarded activator type request from Microsoft.AspNetCore.DataProtection.XmlEncryption.DpapiXmlDecryptor, Microsoft.AspNetCore.DataProtection, Version=7.0.0.0, Culture=neutral, PublicKeyToken=adb9793829ddae60 to Microsoft.AspNetCore.DataProtection.XmlEncryption.DpapiXmlDecryptor, Microsoft.AspNetCore.DataProtection, Culture=neutral, PublicKeyToken=adb9793829ddae60
2024-05-23 10:52:49.0096 | DEBUG | Decrypting secret element using Windows DPAPI.
2024-05-23 10:52:49.0096 | DEBUG | Forwarded activator type request from Microsoft.AspNetCore.DataProtection.AuthenticatedEncryption.ConfigurationModel.AuthenticatedEncryptorDescriptorDeserializer, Microsoft.AspNetCore.DataProtection, Version=7.0.0.0, Culture=neutral, PublicKeyToken=adb9793829ddae60 to Microsoft.AspNetCore.DataProtection.AuthenticatedEncryption.ConfigurationModel.AuthenticatedEncryptorDescriptorDeserializer, Microsoft.AspNetCore.DataProtection, Culture=neutral, PublicKeyToken=adb9793829ddae60
2024-05-23 10:52:49.0096 | DEBUG | Opening CNG algorithm 'AES' from provider '(null)' with chaining mode CBC.
2024-05-23 10:52:49.0209 | DEBUG | Opening CNG algorithm 'SHA256' from provider '(null)' with HMAC.
2024-05-23 10:52:49.0209 | DEBUG | Using key {9c621d14-e4f3-453a-a88c-5b12868c45f6} as the default key.
2024-05-23 10:52:49.0209 | DEBUG | Key ring with default key {9c621d14-e4f3-453a-a88c-5b12868c45f6} was loaded during application startup.
2024-05-23 10:52:49.2029 | INFO | Now listening on: http://localhost:5149
2024-05-23 10:52:49.2029 | DEBUG | Loaded hosting startup assembly webapi.net7.sqlsugar
2024-05-23 10:52:49.2029 | DEBUG | Loaded hosting startup assembly Microsoft.AspNetCore.Watch.BrowserRefresh
2024-05-23 10:52:49.2029 | DEBUG | Loaded hosting startup assembly Microsoft.WebTools.BrowserLink.Net
2024-05-23 10:52:49.2029 | INFO | Application started. Press Ctrl+C to shut down.
2024-05-23 10:52:49.2081 | INFO | Hosting environment: Development
2024-05-23 10:52:49.2081 | INFO | Content root path: D:\BaiduSyncdisk\webapi.net7+sqlsugar\webapi.net7.sqlsugar\webapi.net7.sqlsugar
2024-05-23 10:52:49.2081 | DEBUG | Hosting started
2024-05-23 10:52:49.4910 | DEBUG | Connection id "0HN3QQDNCBE9A" received FIN.
2024-05-23 10:52:49.4910 | DEBUG | Connection id "0HN3QQDNCBE9A" accepted.
2024-05-23 10:52:49.4910 | DEBUG | Connection id "0HN3QQDNCBE9A" started.
2024-05-23 10:52:49.5058 | DEBUG | Connection id "0HN3QQDNCBE9A" sending FIN because: "The Socket transport's send loop completed gracefully."
2024-05-23 10:52:49.5058 | DEBUG | Connection id "0HN3QQDNCBE9A" disconnecting.
2024-05-23 10:52:49.5058 | DEBUG | Connection id "0HN3QQDNCBE9A" stopped.
2024-05-23 10:52:52.2167 | DEBUG | Connection id "0HN3QQDNCBE9B" accepted.
2024-05-23 10:52:52.2167 | DEBUG | Connection id "0HN3QQDNCBE9C" accepted.
2024-05-23 10:52:52.2167 | DEBUG | Connection id "0HN3QQDNCBE9B" started.
2024-05-23 10:52:52.2167 | DEBUG | Connection id "0HN3QQDNCBE9C" started.
2024-05-23 10:52:52.2710 | INFO | Request starting HTTP/1.1 GET http://localhost:5149/swagger/index.html - -
2024-05-23 10:52:52.3904 | DEBUG | Wildcard detected, all requests with hosts will be allowed.
2024-05-23 10:52:52.3904 | TRACE | All hosts are allowed.
2024-05-23 10:52:52.4294 | DEBUG | No candidates found for the request path '/swagger/index.html'
2024-05-23 10:52:52.4294 | DEBUG | Request did not match any endpoints
2024-05-23 10:52:52.5750 | DEBUG | Response markup is scheduled to include browser refresh script injection.
2024-05-23 10:52:52.5906 | DEBUG | Response markup was updated to include browser refresh script injection.
2024-05-23 10:52:52.5906 | DEBUG | Connection id "0HN3QQDNCBE9C" completed keep alive response.
2024-05-23 10:52:52.5906 | INFO | Request finished HTTP/1.1 GET http://localhost:5149/swagger/index.html - - - 200 - text/html;charset=utf-8 324.9947ms
2024-05-23 10:52:52.5906 | INFO | Request starting HTTP/1.1 GET http://localhost:5149/_vs/browserLink - -
2024-05-23 10:52:52.5997 | INFO | Request starting HTTP/1.1 GET http://localhost:5149/_framework/aspnetcore-browser-refresh.js - -
2024-05-23 10:52:52.5997 | DEBUG | Connection id "0HN3QQDNCBE9C" completed keep alive response.
2024-05-23 10:52:52.5997 | INFO | Request finished HTTP/1.1 GET http://localhost:5149/_framework/aspnetcore-browser-refresh.js - - - 200 13776 application/javascript;+charset=utf-8 2.5333ms
2024-05-23 10:52:52.6356 | DEBUG | Connection id "0HN3QQDNCBE9B" completed keep alive response.
2024-05-23 10:52:52.6356 | INFO | Request finished HTTP/1.1 GET http://localhost:5149/_vs/browserLink - - - 200 - text/javascript;+charset=UTF-8 39.2417ms
2024-05-23 10:52:52.7704 | INFO | Request starting HTTP/1.1 GET http://localhost:5149/swagger/东泽房源管理接口/swagger.json - -
2024-05-23 10:52:52.7706 | TRACE | All hosts are allowed.
2024-05-23 10:52:52.7706 | DEBUG | No candidates found for the request path '/swagger/东泽房源管理接口/swagger.json'
2024-05-23 10:52:52.7706 | DEBUG | Request did not match any endpoints
2024-05-23 10:52:53.0628 | DEBUG | Connection id "0HN3QQDNCBE9B" completed keep alive response.
2024-05-23 10:52:53.0628 | INFO | Request finished HTTP/1.1 GET http://localhost:5149/swagger/东泽房源管理接口/swagger.json - - - 200 - application/json;charset=utf-8 292.7360ms
2024-05-23 10:53:19.6015 | INFO | Request starting HTTP/1.1 POST http://localhost:5149/api/GetDataTableToJson application/json 27
2024-05-23 10:53:19.6015 | TRACE | All hosts are allowed.
2024-05-23 10:53:19.6015 | DEBUG | 1 candidate(s) found for the request path '/api/GetDataTableToJson'
2024-05-23 10:53:19.6015 | DEBUG | Endpoint 'webapi.net7.sqlsugar.Controllers.CRMAppControlle.GetDataTableToJson (webapi.net7.sqlsugar)' with route pattern 'api/GetDataTableToJson' is valid for the request path '/api/GetDataTableToJson'
2024-05-23 10:53:19.6015 | DEBUG | Request matched endpoint 'webapi.net7.sqlsugar.Controllers.CRMAppControlle.GetDataTableToJson (webapi.net7.sqlsugar)'
2024-05-23 10:53:19.6015 | DEBUG | Static files was skipped as the request already matched an endpoint.
2024-05-23 10:53:19.6015 | DEBUG | Static files was skipped as the request already matched an endpoint.
2024-05-23 10:53:19.6187 | WARN | Failed to determine the https port for redirect.
2024-05-23 10:53:19.6711 | DEBUG | AuthenticationScheme: Bearer was not authenticated.
2024-05-23 10:53:19.6711 | DEBUG | The request has an origin header: 'http://localhost:5149'.
2024-05-23 10:53:19.6711 | INFO | CORS policy execution successful.
2024-05-23 10:53:19.6711 | INFO | Executing endpoint 'webapi.net7.sqlsugar.Controllers.CRMAppControlle.GetDataTableToJson (webapi.net7.sqlsugar)'
2024-05-23 10:53:19.6972 | INFO | Route matched with {action = "GetDataTableToJson", controller = "CRMAppControlle"}. Executing controller action with signature System.String GetDataTableToJson(System.Object) on controller webapi.net7.sqlsugar.Controllers.CRMAppControlle (webapi.net7.sqlsugar).
2024-05-23 10:53:19.6972 | DEBUG | Execution plan of authorization filters (in the following order): None
2024-05-23 10:53:19.6972 | DEBUG | Execution plan of resource filters (in the following order): None
2024-05-23 10:53:19.6972 | DEBUG | Execution plan of action filters (in the following order): Microsoft.AspNetCore.Mvc.ModelBinding.UnsupportedContentTypeFilter (Order: -3000), Microsoft.AspNetCore.Mvc.Infrastructure.ModelStateInvalidFilter (Order: -2000)
2024-05-23 10:53:19.6972 | DEBUG | Execution plan of exception filters (in the following order): None
2024-05-23 10:53:19.6972 | DEBUG | Execution plan of result filters (in the following order): Microsoft.AspNetCore.Mvc.Infrastructure.ClientErrorResultFilter (Order: -2000)
2024-05-23 10:53:19.6972 | DEBUG | Executing controller factory for controller webapi.net7.sqlsugar.Controllers.CRMAppControlle (webapi.net7.sqlsugar)
2024-05-23 10:53:19.6972 | DEBUG | Executed controller factory for controller webapi.net7.sqlsugar.Controllers.CRMAppControlle (webapi.net7.sqlsugar)
2024-05-23 10:53:19.6972 | DEBUG | Attempting to bind parameter 'ob' of type 'System.Object' ...
2024-05-23 10:53:19.6972 | DEBUG | Attempting to bind parameter 'ob' of type 'System.Object' using the name '' in request data ...
2024-05-23 10:53:19.6972 | DEBUG | Selected input formatter 'Microsoft.AspNetCore.Mvc.Formatters.SystemTextJsonInputFormatter' for content type 'application/json'.
2024-05-23 10:53:19.7128 | DEBUG | Connection id "0HN3QQDNCBE9B", Request id "0HN3QQDNCBE9B:00000003": started reading request body.
2024-05-23 10:53:19.7128 | DEBUG | Connection id "0HN3QQDNCBE9B", Request id "0HN3QQDNCBE9B:00000003": done reading request body.
2024-05-23 10:53:19.7128 | DEBUG | JSON input formatter succeeded, deserializing to type 'System.Object'
2024-05-23 10:53:19.7128 | DEBUG | Done attempting to bind parameter 'ob' of type 'System.Object'.
2024-05-23 10:53:19.7128 | DEBUG | Done attempting to bind parameter 'ob' of type 'System.Object'.
2024-05-23 10:53:19.7128 | DEBUG | Attempting to validate the bound parameter 'ob' of type 'System.Object' ...
2024-05-23 10:53:19.7128 | DEBUG | Done attempting to validate the bound parameter 'ob' of type 'System.Object'.
2024-05-23 10:53:19.7236 | TRACE | Action Filter: Before executing OnActionExecuting on filter Microsoft.AspNetCore.Mvc.ModelBinding.UnsupportedContentTypeFilter.
2024-05-23 10:53:19.7236 | TRACE | Action Filter: After executing OnActionExecuting on filter Microsoft.AspNetCore.Mvc.ModelBinding.UnsupportedContentTypeFilter.
2024-05-23 10:53:19.7236 | TRACE | Action Filter: Before executing OnActionExecuting on filter Microsoft.AspNetCore.Mvc.Infrastructure.ModelStateInvalidFilter.
2024-05-23 10:53:19.7236 | TRACE | Action Filter: After executing OnActionExecuting on filter Microsoft.AspNetCore.Mvc.Infrastructure.ModelStateInvalidFilter.
2024-05-23 10:53:19.7236 | INFO | Executing action method webapi.net7.sqlsugar.Controllers.CRMAppControlle.GetDataTableToJson (webapi.net7.sqlsugar) - Validation state: Valid
2024-05-23 10:53:19.7236 | TRACE | Executing action method webapi.net7.sqlsugar.Controllers.CRMAppControlle.GetDataTableToJson (webapi.net7.sqlsugar) with arguments ({"id":"id1","name":"name1"})
2024-05-23 10:54:04.9551 | INFO | Executed action method webapi.net7.sqlsugar.Controllers.CRMAppControlle.GetDataTableToJson (webapi.net7.sqlsugar), returned result Microsoft.AspNetCore.Mvc.ObjectResult in 45224.614ms.
2024-05-23 10:54:04.9551 | TRACE | Action Filter: Before executing OnActionExecuted on filter Microsoft.AspNetCore.Mvc.Infrastructure.ModelStateInvalidFilter.
2024-05-23 10:54:04.9551 | TRACE | Action Filter: After executing OnActionExecuted on filter Microsoft.AspNetCore.Mvc.Infrastructure.ModelStateInvalidFilter.
2024-05-23 10:54:04.9551 | TRACE | Action Filter: Before executing OnActionExecuted on filter Microsoft.AspNetCore.Mvc.ModelBinding.UnsupportedContentTypeFilter.
2024-05-23 10:54:04.9551 | TRACE | Action Filter: After executing OnActionExecuted on filter Microsoft.AspNetCore.Mvc.ModelBinding.UnsupportedContentTypeFilter.
2024-05-23 10:54:04.9551 | TRACE | Result Filter: Before executing OnResultExecuting on filter Microsoft.AspNetCore.Mvc.Infrastructure.ClientErrorResultFilter.
2024-05-23 10:54:04.9551 | TRACE | Result Filter: After executing OnResultExecuting on filter Microsoft.AspNetCore.Mvc.Infrastructure.ClientErrorResultFilter.
2024-05-23 10:54:04.9551 | TRACE | Before executing action result Microsoft.AspNetCore.Mvc.ObjectResult.
2024-05-23 10:54:04.9601 | DEBUG | List of registered output formatters, in the following order: Microsoft.AspNetCore.Mvc.Formatters.HttpNoContentOutputFormatter, Microsoft.AspNetCore.Mvc.Formatters.StringOutputFormatter, Microsoft.AspNetCore.Mvc.Formatters.StreamOutputFormatter, Microsoft.AspNetCore.Mvc.Formatters.SystemTextJsonOutputFormatter
2024-05-23 10:54:04.9601 | DEBUG | Attempting to select an output formatter based on Accept header 'text/plain'.
2024-05-23 10:54:04.9601 | DEBUG | Selected output formatter 'Microsoft.AspNetCore.Mvc.Formatters.StringOutputFormatter' and content type 'text/plain' to write the response.
2024-05-23 10:54:04.9601 | INFO | Executing ObjectResult, writing value of type 'System.String'.
2024-05-23 10:54:04.9601 | TRACE | After executing action result Microsoft.AspNetCore.Mvc.ObjectResult.
2024-05-23 10:54:04.9601 | TRACE | Result Filter: Before executing OnResultExecuted on filter Microsoft.AspNetCore.Mvc.Infrastructure.ClientErrorResultFilter.
2024-05-23 10:54:04.9601 | TRACE | Result Filter: After executing OnResultExecuted on filter Microsoft.AspNetCore.Mvc.Infrastructure.ClientErrorResultFilter.
2024-05-23 10:54:04.9601 | INFO | Executed action webapi.net7.sqlsugar.Controllers.CRMAppControlle.GetDataTableToJson (webapi.net7.sqlsugar) in 45268.0265ms
2024-05-23 10:54:04.9601 | INFO | Executed endpoint 'webapi.net7.sqlsugar.Controllers.CRMAppControlle.GetDataTableToJson (webapi.net7.sqlsugar)'
2024-05-23 10:54:04.9601 | DEBUG | Connection id "0HN3QQDNCBE9B" completed keep alive response.
2024-05-23 10:54:04.9601 | INFO | Request finished HTTP/1.1 POST http://localhost:5149/api/GetDataTableToJson application/json 27 - 200 - text/plain;+charset=utf-8 45368.5347ms
