2023-12-01 21:46:35.3840 | DEBUG | Registered model binder providers, in the following order: Microsoft.AspNetCore.Mvc.ModelBinding.Binders.BinderTypeModelBinderProvider, Microsoft.AspNetCore.Mvc.ModelBinding.Binders.ServicesModelBinderProvider, Microsoft.AspNetCore.Mvc.ModelBinding.Binders.BodyModelBinderProvider, Microsoft.AspNetCore.Mvc.ModelBinding.Binders.HeaderModelBinderProvider, Microsoft.AspNetCore.Mvc.ModelBinding.Binders.FloatingPointTypeModelBinderProvider, Microsoft.AspNetCore.Mvc.ModelBinding.Binders.EnumTypeModelBinderProvider, Microsoft.AspNetCore.Mvc.ModelBinding.Binders.DateTimeModelBinderProvider, Microsoft.AspNetCore.Mvc.ModelBinding.Binders.SimpleTypeModelBinderProvider, Microsoft.AspNetCore.Mvc.ModelBinding.Binders.TryParseModelBinderProvider, Microsoft.AspNetCore.Mvc.ModelBinding.Binders.CancellationTokenModelBinderProvider, Microsoft.AspNetCore.Mvc.ModelBinding.Binders.ByteArrayModelBinderProvider, Microsoft.AspNetCore.Mvc.ModelBinding.Binders.FormFileModelBinderProvider, Microsoft.AspNetCore.Mvc.ModelBinding.Binders.FormCollectionModelBinderProvider, Microsoft.AspNetCore.Mvc.ModelBinding.Binders.KeyValuePairModelBinderProvider, Microsoft.AspNetCore.Mvc.ModelBinding.Binders.DictionaryModelBinderProvider, Microsoft.AspNetCore.Mvc.ModelBinding.Binders.ArrayModelBinderProvider, Microsoft.AspNetCore.Mvc.ModelBinding.Binders.CollectionModelBinderProvider, Microsoft.AspNetCore.Mvc.ModelBinding.Binders.ComplexObjectModelBinderProvider
2023-12-01 21:46:35.5546 | DEBUG | Registered SignalR Protocol: json, implemented by Microsoft.AspNetCore.SignalR.Protocol.JsonHubProtocol.
2023-12-01 21:46:35.5634 | DEBUG | Hosting starting
2023-12-01 21:46:35.5912 | INFO | User profile is available. Using 'C:\Users\Administrator\AppData\Local\ASP.NET\DataProtection-Keys' as key repository and Windows DPAPI to encrypt keys at rest.
2023-12-01 21:46:35.6057 | DEBUG | Reading data from file 'C:\Users\Administrator\AppData\Local\ASP.NET\DataProtection-Keys\key-691d2c1e-819d-4ace-bf8c-4b95df9c96f1.xml'.
2023-12-01 21:46:35.6107 | DEBUG | Found key {691d2c1e-819d-4ace-bf8c-4b95df9c96f1}.
2023-12-01 21:46:35.6107 | DEBUG | Considering key {691d2c1e-819d-4ace-bf8c-4b95df9c96f1} with expiration date 2024-01-12 12:24:35Z as default key.
2023-12-01 21:46:35.6107 | DEBUG | Forwarded activator type request from Microsoft.AspNetCore.DataProtection.XmlEncryption.DpapiXmlDecryptor, Microsoft.AspNetCore.DataProtection, Version=3.1.32.0, Culture=neutral, PublicKeyToken=adb9793829ddae60 to Microsoft.AspNetCore.DataProtection.XmlEncryption.DpapiXmlDecryptor, Microsoft.AspNetCore.DataProtection, Culture=neutral, PublicKeyToken=adb9793829ddae60
2023-12-01 21:46:35.6107 | DEBUG | Decrypting secret element using Windows DPAPI.
2023-12-01 21:46:35.6107 | DEBUG | Forwarded activator type request from Microsoft.AspNetCore.DataProtection.AuthenticatedEncryption.ConfigurationModel.AuthenticatedEncryptorDescriptorDeserializer, Microsoft.AspNetCore.DataProtection, Version=3.1.32.0, Culture=neutral, PublicKeyToken=adb9793829ddae60 to Microsoft.AspNetCore.DataProtection.AuthenticatedEncryption.ConfigurationModel.AuthenticatedEncryptorDescriptorDeserializer, Microsoft.AspNetCore.DataProtection, Culture=neutral, PublicKeyToken=adb9793829ddae60
2023-12-01 21:46:35.6107 | DEBUG | Opening CNG algorithm 'AES' from provider '(null)' with chaining mode CBC.
2023-12-01 21:46:35.6107 | DEBUG | Opening CNG algorithm 'SHA256' from provider '(null)' with HMAC.
2023-12-01 21:46:35.6107 | DEBUG | Using key {691d2c1e-819d-4ace-bf8c-4b95df9c96f1} as the default key.
2023-12-01 21:46:35.6107 | DEBUG | Key ring with default key {691d2c1e-819d-4ace-bf8c-4b95df9c96f1} was loaded during application startup.
2023-12-01 21:46:35.8012 | INFO | Now listening on: https://localhost:7225
2023-12-01 21:46:35.8012 | INFO | Now listening on: http://localhost:5148
2023-12-01 21:46:35.8012 | DEBUG | Loaded hosting startup assembly webapi.net7.sqlsugar
2023-12-01 21:46:35.8012 | DEBUG | Loaded hosting startup assembly Microsoft.AspNetCore.Watch.BrowserRefresh
2023-12-01 21:46:35.8012 | DEBUG | Loaded hosting startup assembly Microsoft.WebTools.BrowserLink.Net
2023-12-01 21:46:35.8012 | INFO | Application started. Press Ctrl+C to shut down.
2023-12-01 21:46:35.8012 | INFO | Hosting environment: Development
2023-12-01 21:46:35.8012 | INFO | Content root path: D:\BaiduSyncdisk\webapi.net7+sqlsugar\webapi.net7.sqlsugar\webapi.net7.sqlsugar
2023-12-01 21:46:35.8173 | TRACE | Starting connection heartbeat.
2023-12-01 21:46:35.8173 | DEBUG | Hosting started
2023-12-01 21:46:36.2723 | DEBUG | Connection id "0HMVIEFNU216S" accepted.
2023-12-01 21:46:36.2723 | DEBUG | Connection id "0HMVIEFNU216T" accepted.
2023-12-01 21:46:36.2723 | DEBUG | Connection id "0HMVIEFNU216S" started.
2023-12-01 21:46:36.2723 | DEBUG | Connection id "0HMVIEFNU216T" started.
2023-12-01 21:46:36.2940 | DEBUG | Connection id "0HMVIEFNU216S" received FIN.
2023-12-01 21:46:36.2940 | DEBUG | Connection id "0HMVIEFNU216T" received FIN.
2023-12-01 21:46:36.3076 | DEBUG | Failed to authenticate HTTPS connection.
2023-12-01 21:46:36.3076 | DEBUG | Failed to authenticate HTTPS connection.
2023-12-01 21:46:36.3076 | DEBUG | Connection id "0HMVIEFNU216S" stopped.
2023-12-01 21:46:36.3076 | DEBUG | Connection id "0HMVIEFNU216T" stopped.
2023-12-01 21:46:36.3144 | DEBUG | Connection id "0HMVIEFNU216T" sending FIN because: "The Socket transport's send loop completed gracefully."
2023-12-01 21:46:36.3144 | DEBUG | Connection id "0HMVIEFNU216S" sending FIN because: "The Socket transport's send loop completed gracefully."
2023-12-01 21:46:41.9762 | DEBUG | Connection id "0HMVIEFNU216U" accepted.
2023-12-01 21:46:41.9762 | DEBUG | Connection id "0HMVIEFNU216U" started.
2023-12-01 21:46:42.0611 | DEBUG | Connection 0HMVIEFNU216U established using the following protocol: Tls12
2023-12-01 21:46:42.1264 | TRACE | Connection id "0HMVIEFNU216U" sending SETTINGS frame for stream ID 0 with length 24 and flags NONE.
2023-12-01 21:46:42.1264 | TRACE | Connection id "0HMVIEFNU216U" sending WINDOW_UPDATE frame for stream ID 0 with length 4 and flags 0x0.
2023-12-01 21:46:42.1264 | TRACE | Connection id "0HMVIEFNU216U" received SETTINGS frame for stream ID 0 with length 24 and flags NONE.
2023-12-01 21:46:42.1264 | TRACE | Connection id "0HMVIEFNU216U" sending SETTINGS frame for stream ID 0 with length 0 and flags ACK.
2023-12-01 21:46:42.1264 | TRACE | Connection id "0HMVIEFNU216U" received WINDOW_UPDATE frame for stream ID 0 with length 4 and flags 0x0.
2023-12-01 21:46:42.1264 | TRACE | Connection id "0HMVIEFNU216U" received HEADERS frame for stream ID 1 with length 451 and flags END_STREAM, END_HEADERS, PRIORITY.
2023-12-01 21:46:42.1760 | TRACE | Connection id "0HMVIEFNU216U" received SETTINGS frame for stream ID 0 with length 0 and flags ACK.
2023-12-01 21:46:42.2050 | INFO | Request starting HTTP/2 GET https://localhost:7225/swagger/index.html - -
2023-12-01 21:46:42.4156 | DEBUG | Wildcard detected, all requests with hosts will be allowed.
2023-12-01 21:46:42.4156 | TRACE | All hosts are allowed.
2023-12-01 21:46:42.7251 | DEBUG | Response markup is scheduled to include browser refresh script injection.
2023-12-01 21:46:42.7251 | TRACE | Connection id "0HMVIEFNU216U" sending HEADERS frame for stream ID 1 with length 66 and flags END_HEADERS.
2023-12-01 21:46:42.7459 | TRACE | Connection id "0HMVIEFNU216U" sending DATA frame for stream ID 1 with length 4096 and flags NONE.
2023-12-01 21:46:42.7571 | TRACE | Connection id "0HMVIEFNU216U" sending DATA frame for stream ID 1 with length 1022 and flags NONE.
2023-12-01 21:46:42.7571 | TRACE | Connection id "0HMVIEFNU216U" sending DATA frame for stream ID 1 with length 81 and flags NONE.
2023-12-01 21:46:42.7659 | DEBUG | Response markup was updated to include browser refresh script injection.
2023-12-01 21:46:42.7659 | TRACE | Connection id "0HMVIEFNU216U" sending DATA frame for stream ID 1 with length 0 and flags END_STREAM.
2023-12-01 21:46:42.7659 | INFO | Request finished HTTP/2 GET https://localhost:7225/swagger/index.html - - - 200 - text/html;charset=utf-8 567.0049ms
2023-12-01 21:46:42.7659 | TRACE | Connection id "0HMVIEFNU216U" received HEADERS frame for stream ID 3 with length 109 and flags END_STREAM, END_HEADERS, PRIORITY.
2023-12-01 21:46:42.7659 | INFO | Request starting HTTP/2 GET https://localhost:7225/_framework/aspnetcore-browser-refresh.js - -
2023-12-01 21:46:42.7659 | TRACE | Connection id "0HMVIEFNU216U" received HEADERS frame for stream ID 5 with length 57 and flags END_STREAM, END_HEADERS, PRIORITY.
2023-12-01 21:46:42.7659 | INFO | Request starting HTTP/2 GET https://localhost:7225/_vs/browserLink - -
2023-12-01 21:46:42.7830 | TRACE | Connection id "0HMVIEFNU216U" sending HEADERS frame for stream ID 3 with length 90 and flags END_HEADERS.
2023-12-01 21:46:42.7830 | TRACE | Connection id "0HMVIEFNU216U" sending DATA frame for stream ID 3 with length 13776 and flags NONE.
2023-12-01 21:46:42.7830 | INFO | Request finished HTTP/2 GET https://localhost:7225/_framework/aspnetcore-browser-refresh.js - - - 200 13776 application/javascript;+charset=utf-8 8.3693ms
2023-12-01 21:46:42.7830 | TRACE | Connection id "0HMVIEFNU216U" sending DATA frame for stream ID 3 with length 0 and flags END_STREAM.
2023-12-01 21:46:42.8522 | TRACE | Connection id "0HMVIEFNU216U" sending HEADERS frame for stream ID 5 with length 119 and flags END_HEADERS.
2023-12-01 21:46:42.8522 | TRACE | Connection id "0HMVIEFNU216U" sending DATA frame for stream ID 5 with length 9986 and flags NONE.
2023-12-01 21:46:42.8522 | TRACE | Connection id "0HMVIEFNU216U" sending DATA frame for stream ID 5 with length 10240 and flags NONE.
2023-12-01 21:46:42.8522 | TRACE | Connection id "0HMVIEFNU216U" sending DATA frame for stream ID 5 with length 10240 and flags NONE.
2023-12-01 21:46:42.8522 | TRACE | Connection id "0HMVIEFNU216U" sending DATA frame for stream ID 5 with length 10240 and flags NONE.
2023-12-01 21:46:42.8522 | TRACE | Connection id "0HMVIEFNU216U" sending DATA frame for stream ID 5 with length 10240 and flags NONE.
2023-12-01 21:46:42.8522 | TRACE | Connection id "0HMVIEFNU216U" sending DATA frame for stream ID 5 with length 10240 and flags NONE.
2023-12-01 21:46:42.8595 | TRACE | Connection id "0HMVIEFNU216U" sending DATA frame for stream ID 5 with length 10240 and flags NONE.
2023-12-01 21:46:42.8595 | TRACE | Connection id "0HMVIEFNU216U" sending DATA frame for stream ID 5 with length 10240 and flags NONE.
2023-12-01 21:46:42.8595 | TRACE | Connection id "0HMVIEFNU216U" sending DATA frame for stream ID 5 with length 10240 and flags NONE.
2023-12-01 21:46:42.8595 | TRACE | Connection id "0HMVIEFNU216U" sending DATA frame for stream ID 5 with length 10240 and flags NONE.
2023-12-01 21:46:42.8595 | TRACE | Connection id "0HMVIEFNU216U" sending DATA frame for stream ID 5 with length 10240 and flags NONE.
2023-12-01 21:46:42.8595 | TRACE | Connection id "0HMVIEFNU216U" sending DATA frame for stream ID 5 with length 10240 and flags NONE.
2023-12-01 21:46:42.8595 | TRACE | Connection id "0HMVIEFNU216U" sending DATA frame for stream ID 5 with length 10240 and flags NONE.
2023-12-01 21:46:42.8595 | TRACE | Connection id "0HMVIEFNU216U" sending DATA frame for stream ID 5 with length 10240 and flags NONE.
2023-12-01 21:46:42.8595 | TRACE | Connection id "0HMVIEFNU216U" sending DATA frame for stream ID 5 with length 10240 and flags NONE.
2023-12-01 21:46:42.8595 | TRACE | Connection id "0HMVIEFNU216U" sending DATA frame for stream ID 5 with length 160 and flags NONE.
2023-12-01 21:46:42.8595 | INFO | Request finished HTTP/2 GET https://localhost:7225/_vs/browserLink - - - 200 - text/javascript;+charset=UTF-8 84.8215ms
2023-12-01 21:46:42.8595 | TRACE | Connection id "0HMVIEFNU216U" sending DATA frame for stream ID 5 with length 0 and flags END_STREAM.
2023-12-01 21:46:42.9215 | TRACE | Connection id "0HMVIEFNU216U" received HEADERS frame for stream ID 7 with length 66 and flags END_STREAM, END_HEADERS, PRIORITY.
2023-12-01 21:46:42.9225 | INFO | Request starting HTTP/2 GET https://localhost:7225/swagger/V1/swagger.json - -
2023-12-01 21:46:42.9225 | TRACE | All hosts are allowed.
2023-12-01 21:46:43.6555 | TRACE | Connection id "0HMVIEFNU216U" sending HEADERS frame for stream ID 7 with length 35 and flags END_HEADERS.
2023-12-01 21:46:43.6555 | TRACE | Connection id "0HMVIEFNU216U" sending DATA frame for stream ID 7 with length 16384 and flags NONE.
2023-12-01 21:46:43.6555 | TRACE | Connection id "0HMVIEFNU216U" sending DATA frame for stream ID 7 with length 7 and flags NONE.
2023-12-01 21:46:43.6594 | TRACE | Connection id "0HMVIEFNU216U" sending DATA frame for stream ID 7 with length 0 and flags END_STREAM.
2023-12-01 21:46:43.6594 | INFO | Request finished HTTP/2 GET https://localhost:7225/swagger/V1/swagger.json - - - 200 - application/json;charset=utf-8 736.9747ms
2023-12-01 21:46:47.9871 | TRACE | Connection id "0HMVIEFNU216U" received HEADERS frame for stream ID 9 with length 64 and flags END_STREAM, END_HEADERS, PRIORITY.
2023-12-01 21:46:47.9871 | INFO | Request starting HTTP/2 POST https://localhost:7225/api/ProductionBarcode - 0
2023-12-01 21:46:47.9871 | TRACE | All hosts are allowed.
2023-12-01 21:46:47.9871 | DEBUG | POST requests are not supported
2023-12-01 21:46:47.9871 | DEBUG | POST requests are not supported
2023-12-01 21:46:48.1090 | DEBUG | AuthenticationScheme: Bearer was not authenticated.
2023-12-01 21:46:48.1119 | DEBUG | The request has an origin header: 'https://localhost:7225'.
2023-12-01 21:46:48.1119 | INFO | CORS policy execution successful.
2023-12-01 21:46:48.1642 | DEBUG | 1 candidate(s) found for the request path '/api/ProductionBarcode'
2023-12-01 21:46:48.1642 | DEBUG | Endpoint 'webapi.net7.sqlsugar.Controllers.WorkShopController.ProductionBarcode (webapi.net7.sqlsugar)' with route pattern 'api/ProductionBarcode' is valid for the request path '/api/ProductionBarcode'
2023-12-01 21:46:48.1642 | DEBUG | Request matched endpoint 'webapi.net7.sqlsugar.Controllers.WorkShopController.ProductionBarcode (webapi.net7.sqlsugar)'
2023-12-01 21:46:48.1899 | DEBUG | Static files was skipped as the request already matched an endpoint.
2023-12-01 21:46:48.1899 | TRACE | Performing protect operation to key {691d2c1e-819d-4ace-bf8c-4b95df9c96f1} with purposes ('D:\BaiduSyncdisk\webapi.net7+sqlsugar\webapi.net7.sqlsugar\webapi.net7.sqlsugar\', 'SessionMiddleware').
2023-12-01 21:46:48.2033 | INFO | Executing endpoint 'webapi.net7.sqlsugar.Controllers.WorkShopController.ProductionBarcode (webapi.net7.sqlsugar)'
2023-12-01 21:46:48.2449 | INFO | Route matched with {action = "ProductionBarcode", controller = "WorkShop"}. Executing controller action with signature System.Object ProductionBarcode(System.String) on controller webapi.net7.sqlsugar.Controllers.WorkShopController (webapi.net7.sqlsugar).
2023-12-01 21:46:48.2449 | DEBUG | Execution plan of authorization filters (in the following order): None
2023-12-01 21:46:48.2449 | DEBUG | Execution plan of resource filters (in the following order): None
2023-12-01 21:46:48.2449 | DEBUG | Execution plan of action filters (in the following order): Microsoft.AspNetCore.Mvc.Filters.ControllerActionFilter (Order: -2147483648), Microsoft.AspNetCore.Mvc.ModelBinding.UnsupportedContentTypeFilter (Order: -3000), Microsoft.AspNetCore.Mvc.Infrastructure.ModelStateInvalidFilter (Order: -2000)
2023-12-01 21:46:48.2449 | DEBUG | Execution plan of exception filters (in the following order): None
2023-12-01 21:46:48.2449 | DEBUG | Execution plan of result filters (in the following order): Microsoft.AspNetCore.Mvc.Infrastructure.ClientErrorResultFilter (Order: -2000)
2023-12-01 21:46:48.2505 | DEBUG | Executing controller factory for controller webapi.net7.sqlsugar.Controllers.WorkShopController (webapi.net7.sqlsugar)
2023-12-01 21:46:48.5120 | DEBUG | Executed controller factory for controller webapi.net7.sqlsugar.Controllers.WorkShopController (webapi.net7.sqlsugar)
2023-12-01 21:46:48.5324 | DEBUG | Attempting to bind parameter 'code' of type 'System.String' ...
2023-12-01 21:46:48.5324 | DEBUG | Attempting to bind parameter 'code' of type 'System.String' using the name '' in request data ...
2023-12-01 21:46:48.5324 | DEBUG | Could not find a value in the request with name '' for binding parameter 'code' of type 'System.String'.
2023-12-01 21:46:48.5324 | DEBUG | Done attempting to bind parameter 'code' of type 'System.String'.
2023-12-01 21:46:48.5324 | DEBUG | Done attempting to bind parameter 'code' of type 'System.String'.
2023-12-01 21:46:48.5324 | DEBUG | Attempting to validate the bound parameter 'code' of type 'System.String' ...
2023-12-01 21:46:48.5324 | DEBUG | Done attempting to validate the bound parameter 'code' of type 'System.String'.
2023-12-01 21:46:48.5324 | TRACE | Action Filter: Before executing OnActionExecutionAsync on filter Microsoft.AspNetCore.Mvc.Filters.ControllerActionFilter.
2023-12-01 21:46:48.5324 | TRACE | Action Filter: Before executing OnActionExecuting on filter Microsoft.AspNetCore.Mvc.ModelBinding.UnsupportedContentTypeFilter.
2023-12-01 21:46:48.5324 | TRACE | Action Filter: After executing OnActionExecuting on filter Microsoft.AspNetCore.Mvc.ModelBinding.UnsupportedContentTypeFilter.
2023-12-01 21:46:48.5324 | TRACE | Action Filter: Before executing OnActionExecuting on filter Microsoft.AspNetCore.Mvc.Infrastructure.ModelStateInvalidFilter.
2023-12-01 21:46:48.5324 | TRACE | Action Filter: After executing OnActionExecuting on filter Microsoft.AspNetCore.Mvc.Infrastructure.ModelStateInvalidFilter.
2023-12-01 21:46:48.5324 | INFO | Executing action method webapi.net7.sqlsugar.Controllers.WorkShopController.ProductionBarcode (webapi.net7.sqlsugar) - Validation state: Valid
2023-12-01 21:46:48.5324 | TRACE | Executing action method webapi.net7.sqlsugar.Controllers.WorkShopController.ProductionBarcode (webapi.net7.sqlsugar) with arguments ()
2023-12-01 21:46:49.7228 | INFO | Executed action method webapi.net7.sqlsugar.Controllers.WorkShopController.ProductionBarcode (webapi.net7.sqlsugar), returned result Microsoft.AspNetCore.Mvc.ObjectResult in 1170.1373ms.
2023-12-01 21:46:49.7228 | TRACE | Action Filter: Before executing OnActionExecuted on filter Microsoft.AspNetCore.Mvc.Infrastructure.ModelStateInvalidFilter.
2023-12-01 21:46:49.7228 | TRACE | Action Filter: After executing OnActionExecuted on filter Microsoft.AspNetCore.Mvc.Infrastructure.ModelStateInvalidFilter.
2023-12-01 21:46:49.7228 | TRACE | Action Filter: Before executing OnActionExecuted on filter Microsoft.AspNetCore.Mvc.ModelBinding.UnsupportedContentTypeFilter.
2023-12-01 21:46:49.7228 | TRACE | Action Filter: After executing OnActionExecuted on filter Microsoft.AspNetCore.Mvc.ModelBinding.UnsupportedContentTypeFilter.
2023-12-01 21:46:49.7228 | TRACE | Action Filter: After executing OnActionExecutionAsync on filter Microsoft.AspNetCore.Mvc.Filters.ControllerActionFilter.
2023-12-01 21:46:49.7228 | TRACE | Result Filter: Before executing OnResultExecuting on filter Microsoft.AspNetCore.Mvc.Infrastructure.ClientErrorResultFilter.
2023-12-01 21:46:49.7228 | TRACE | Result Filter: After executing OnResultExecuting on filter Microsoft.AspNetCore.Mvc.Infrastructure.ClientErrorResultFilter.
2023-12-01 21:46:49.7228 | TRACE | Before executing action result Microsoft.AspNetCore.Mvc.ObjectResult.
2023-12-01 21:46:49.7228 | DEBUG | List of registered output formatters, in the following order: Microsoft.AspNetCore.Mvc.Formatters.HttpNoContentOutputFormatter, Microsoft.AspNetCore.Mvc.Formatters.StringOutputFormatter, Microsoft.AspNetCore.Mvc.Formatters.StreamOutputFormatter, Microsoft.AspNetCore.Mvc.Formatters.SystemTextJsonOutputFormatter
2023-12-01 21:46:49.7228 | DEBUG | No information found on request to perform content negotiation.
2023-12-01 21:46:49.7228 | DEBUG | Attempting to select an output formatter without using a content type as no explicit content types were specified for the response.
2023-12-01 21:46:49.7228 | DEBUG | Attempting to select the first formatter in the output formatters list which can write the result.
2023-12-01 21:46:49.7228 | DEBUG | Selected output formatter 'Microsoft.AspNetCore.Mvc.Formatters.SystemTextJsonOutputFormatter' and content type 'application/json' to write the response.
2023-12-01 21:46:49.7228 | INFO | Executing ObjectResult, writing value of type 'System.Collections.Generic.List`1[[webapi.net7.sqlsugar.ua_account_v, webapi.net7.sqlsugar, Version=1.0.0.0, Culture=neutral, PublicKeyToken=null]]'.
2023-12-01 21:46:49.7437 | TRACE | After executing action result Microsoft.AspNetCore.Mvc.ObjectResult.
2023-12-01 21:46:49.7437 | TRACE | Result Filter: Before executing OnResultExecuted on filter Microsoft.AspNetCore.Mvc.Infrastructure.ClientErrorResultFilter.
2023-12-01 21:46:49.7437 | TRACE | Result Filter: After executing OnResultExecuted on filter Microsoft.AspNetCore.Mvc.Infrastructure.ClientErrorResultFilter.
2023-12-01 21:46:49.7437 | INFO | Executed action webapi.net7.sqlsugar.Controllers.WorkShopController.ProductionBarcode (webapi.net7.sqlsugar) in 1496.8882ms
2023-12-01 21:46:49.7437 | INFO | Executed endpoint 'webapi.net7.sqlsugar.Controllers.WorkShopController.ProductionBarcode (webapi.net7.sqlsugar)'
2023-12-01 21:46:49.7591 | TRACE | Connection id "0HMVIEFNU216U" sending HEADERS frame for stream ID 9 with length 137 and flags END_HEADERS.
2023-12-01 21:46:49.7591 | TRACE | Connection id "0HMVIEFNU216U" sending DATA frame for stream ID 9 with length 80 and flags NONE.
2023-12-01 21:46:49.7591 | TRACE | Connection id "0HMVIEFNU216U" received WINDOW_UPDATE frame for stream ID 0 with length 4 and flags 0x0.
2023-12-01 21:46:50.1502 | TRACE | Connection id "0HMVIEFNU216U" sending DATA frame for stream ID 9 with length 0 and flags END_STREAM.
2023-12-01 21:46:50.1502 | INFO | Request finished HTTP/2 POST https://localhost:7225/api/ProductionBarcode - 0 - 200 - application/json;+charset=utf-8 2162.1576ms
