2024-01-23 18:31:02.9283 | INFO | User profile is available. Using 'C:\Users\Administrator\AppData\Local\ASP.NET\DataProtection-Keys' as key repository and Windows DPAPI to encrypt keys at rest.
2024-01-23 18:31:03.0535 | INFO | Now listening on: http://localhost:5149
2024-01-23 18:31:03.0535 | INFO | Application started. Press Ctrl+C to shut down.
2024-01-23 18:31:03.0535 | INFO | Hosting environment: Development
2024-01-23 18:31:03.0535 | INFO | Content root path: D:\BaiduSyncdisk\webapi.net7+sqlsugar\webapi.net7.sqlsugar\webapi.net7.sqlsugar
2024-01-23 18:31:05.7995 | INFO | Request starting HTTP/1.1 GET http://localhost:5149/swagger - -
2024-01-23 18:31:06.0053 | INFO | Request finished HTTP/1.1 GET http://localhost:5149/swagger - - - 301 0 - 209.0520ms
2024-01-23 18:31:06.0053 | INFO | Request starting HTTP/1.1 GET http://localhost:5149/swagger/index.html - -
2024-01-23 18:31:06.1026 | INFO | Request finished HTTP/1.1 GET http://localhost:5149/swagger/index.html - - - 200 - text/html;charset=utf-8 93.6553ms
2024-01-23 18:31:06.1026 | INFO | Request starting HTTP/1.1 GET http://localhost:5149/swagger/swagger-ui.css - -
2024-01-23 18:31:06.1026 | INFO | Request starting HTTP/1.1 GET http://localhost:5149/swagger/swagger-ui-bundle.js - -
2024-01-23 18:31:06.1026 | INFO | Request starting HTTP/1.1 GET http://localhost:5149/swagger/swagger-ui-standalone-preset.js - -
2024-01-23 18:31:06.1115 | INFO | Request starting HTTP/1.1 GET http://localhost:5149/_framework/aspnetcore-browser-refresh.js - -
2024-01-23 18:31:06.1115 | INFO | Request starting HTTP/1.1 GET http://localhost:5149/_vs/browserLink - -
2024-01-23 18:31:06.1301 | INFO | Request finished HTTP/1.1 GET http://localhost:5149/_framework/aspnetcore-browser-refresh.js - - - 200 13776 application/javascript;+charset=utf-8 19.3294ms
2024-01-23 18:31:06.1583 | INFO | Sending file. Request path: '/swagger-ui-standalone-preset.js'. Physical path: 'N/A'
2024-01-23 18:31:06.1583 | INFO | Sending file. Request path: '/swagger-ui.css'. Physical path: 'N/A'
2024-01-23 18:31:06.1583 | INFO | Request finished HTTP/1.1 GET http://localhost:5149/swagger/swagger-ui.css - - - 200 144929 text/css 54.5232ms
2024-01-23 18:31:06.1583 | INFO | Request finished HTTP/1.1 GET http://localhost:5149/swagger/swagger-ui-standalone-preset.js - - - 200 312163 text/javascript 54.1126ms
2024-01-23 18:31:06.1744 | INFO | Sending file. Request path: '/swagger-ui-bundle.js'. Physical path: 'N/A'
2024-01-23 18:31:06.1744 | INFO | Request finished HTTP/1.1 GET http://localhost:5149/swagger/swagger-ui-bundle.js - - - 200 1061536 text/javascript 69.0672ms
2024-01-23 18:31:06.1922 | INFO | Request finished HTTP/1.1 GET http://localhost:5149/_vs/browserLink - - - 200 - text/javascript;+charset=UTF-8 78.2442ms
2024-01-23 18:31:06.3277 | INFO | Request starting HTTP/1.1 GET http://localhost:5149/swagger/V1/swagger.json - -
2024-01-23 18:31:06.3428 | INFO | Request starting HTTP/1.1 GET http://localhost:5149/swagger/favicon-32x32.png - -
2024-01-23 18:31:06.3428 | INFO | Sending file. Request path: '/favicon-32x32.png'. Physical path: 'N/A'
2024-01-23 18:31:06.3428 | INFO | Request finished HTTP/1.1 GET http://localhost:5149/swagger/favicon-32x32.png - - - 200 628 image/png 0.4436ms
2024-01-23 18:31:06.6207 | INFO | Request finished HTTP/1.1 GET http://localhost:5149/swagger/V1/swagger.json - - - 200 - application/json;charset=utf-8 293.1177ms
2024-01-23 18:31:11.1132 | INFO | Request starting HTTP/1.1 POST http://localhost:5149/api/ceshi - 0
2024-01-23 18:31:11.1331 | WARN | Failed to determine the https port for redirect.
2024-01-23 18:31:11.2777 | INFO | CORS policy execution successful.
2024-01-23 18:31:11.3725 | INFO | Executing endpoint 'webapi.net7.sqlsugar.Controllers.ApiLoginController.ceshi (webapi.net7.sqlsugar)'
2024-01-23 18:31:11.3925 | INFO | Route matched with {action = "ceshi", controller = "ApiLogin"}. Executing controller action with signature System.Object ceshi() on controller webapi.net7.sqlsugar.Controllers.ApiLoginController (webapi.net7.sqlsugar).
2024-01-23 18:31:11.3936 | INFO | Executing action method webapi.net7.sqlsugar.Controllers.ApiLoginController.ceshi (webapi.net7.sqlsugar) - Validation state: Valid
2024-01-23 18:31:11.4096 | INFO | Executed action method webapi.net7.sqlsugar.Controllers.ApiLoginController.ceshi (webapi.net7.sqlsugar), returned result Microsoft.AspNetCore.Mvc.ObjectResult in 1.5237ms.
2024-01-23 18:31:11.4096 | INFO | Executing ObjectResult, writing value of type '<>f__AnonymousType5`1[[System.String, System.Private.CoreLib, Version=7.0.0.0, Culture=neutral, PublicKeyToken=7cec85d7bea7798e]]'.
2024-01-23 18:31:11.4322 | INFO | Executed action webapi.net7.sqlsugar.Controllers.ApiLoginController.ceshi (webapi.net7.sqlsugar) in 38.3856ms
2024-01-23 18:31:11.4322 | INFO | Executed endpoint 'webapi.net7.sqlsugar.Controllers.ApiLoginController.ceshi (webapi.net7.sqlsugar)'
2024-01-23 18:31:11.8835 | ERROR | An unhandled exception has occurred while executing the request.
2024-01-23 18:31:11.8835 | WARN | The response has already started, the error page middleware will not be executed.
2024-01-23 18:31:11.9090 | ERROR | Connection id "0HN0RVPJ7COQ2", Request id "0HN0RVPJ7COQ2:00000003": An unhandled exception was thrown by the application.
2024-01-23 18:31:11.9090 | INFO | Request finished HTTP/1.1 POST http://localhost:5149/api/ceshi - 0 - 200 - application/json;+charset=utf-8 796.0782ms
2024-01-23 18:35:47.1548 | INFO | User profile is available. Using 'C:\Users\Administrator\AppData\Local\ASP.NET\DataProtection-Keys' as key repository and Windows DPAPI to encrypt keys at rest.
2024-01-23 18:35:47.2830 | INFO | Now listening on: http://localhost:5149
2024-01-23 18:35:47.2862 | INFO | Application started. Press Ctrl+C to shut down.
2024-01-23 18:35:47.2862 | INFO | Hosting environment: Development
2024-01-23 18:35:47.2862 | INFO | Content root path: D:\BaiduSyncdisk\webapi.net7+sqlsugar\webapi.net7.sqlsugar\webapi.net7.sqlsugar
2024-01-23 18:35:50.2004 | INFO | Request starting HTTP/1.1 GET http://localhost:5149/swagger/index.html - -
2024-01-23 18:35:50.4866 | INFO | Request finished HTTP/1.1 GET http://localhost:5149/swagger/index.html - - - 200 - text/html;charset=utf-8 288.6679ms
2024-01-23 18:35:50.4866 | INFO | Request starting HTTP/1.1 GET http://localhost:5149/_vs/browserLink - -
2024-01-23 18:35:50.4866 | INFO | Request starting HTTP/1.1 GET http://localhost:5149/_framework/aspnetcore-browser-refresh.js - -
2024-01-23 18:35:50.4866 | INFO | Request finished HTTP/1.1 GET http://localhost:5149/_framework/aspnetcore-browser-refresh.js - - - 200 13776 application/javascript;+charset=utf-8 1.6531ms
2024-01-23 18:35:50.5528 | INFO | Request finished HTTP/1.1 GET http://localhost:5149/_vs/browserLink - - - 200 - text/javascript;+charset=UTF-8 60.9362ms
2024-01-23 18:35:50.6766 | INFO | Request starting HTTP/1.1 GET http://localhost:5149/swagger/V1/swagger.json - -
2024-01-23 18:35:50.9367 | INFO | Request finished HTTP/1.1 GET http://localhost:5149/swagger/V1/swagger.json - - - 200 - application/json;charset=utf-8 260.2524ms
2024-01-23 18:36:13.6661 | INFO | Request starting HTTP/1.1 POST http://localhost:5149/api/ceshi - 0
2024-01-23 18:36:13.6784 | WARN | Failed to determine the https port for redirect.
2024-01-23 18:36:13.7392 | INFO | CORS policy execution successful.
2024-01-23 18:36:13.8205 | INFO | Executing endpoint 'webapi.net7.sqlsugar.Controllers.ApiLoginController.ceshi (webapi.net7.sqlsugar)'
2024-01-23 18:36:13.8341 | INFO | Route matched with {action = "ceshi", controller = "ApiLogin"}. Executing controller action with signature System.Object ceshi() on controller webapi.net7.sqlsugar.Controllers.ApiLoginController (webapi.net7.sqlsugar).
2024-01-23 18:36:13.8341 | INFO | Executing action method webapi.net7.sqlsugar.Controllers.ApiLoginController.ceshi (webapi.net7.sqlsugar) - Validation state: Valid
2024-01-23 18:36:13.8341 | INFO | Executed action method webapi.net7.sqlsugar.Controllers.ApiLoginController.ceshi (webapi.net7.sqlsugar), returned result Microsoft.AspNetCore.Mvc.ObjectResult in 0.6252ms.
2024-01-23 18:36:13.8341 | INFO | Executing ObjectResult, writing value of type '<>f__AnonymousType5`1[[System.String, System.Private.CoreLib, Version=7.0.0.0, Culture=neutral, PublicKeyToken=7cec85d7bea7798e]]'.
2024-01-23 18:36:13.8471 | INFO | Executed action webapi.net7.sqlsugar.Controllers.ApiLoginController.ceshi (webapi.net7.sqlsugar) in 13.255ms
2024-01-23 18:36:13.8471 | INFO | Executed endpoint 'webapi.net7.sqlsugar.Controllers.ApiLoginController.ceshi (webapi.net7.sqlsugar)'
2024-01-23 18:36:14.0580 | ERROR | An unhandled exception has occurred while executing the request.
2024-01-23 18:36:14.0580 | WARN | The response has already started, the error page middleware will not be executed.
2024-01-23 18:36:14.0743 | ERROR | Connection id "0HN0RVS7TQIGU", Request id "0HN0RVS7TQIGU:00000003": An unhandled exception was thrown by the application.
2024-01-23 18:36:14.0743 | INFO | Request finished HTTP/1.1 POST http://localhost:5149/api/ceshi - 0 - 200 - application/json;+charset=utf-8 408.3003ms
2024-01-23 18:59:35.6515 | INFO | Request starting HTTP/1.1 POST http://localhost:5149/api/ceshi - 0
2024-01-23 18:59:35.6603 | INFO | CORS policy execution successful.
2024-01-23 18:59:35.6767 | INFO | Executing endpoint 'webapi.net7.sqlsugar.Controllers.ApiLoginController.ceshi (webapi.net7.sqlsugar)'
2024-01-23 18:59:35.6767 | INFO | Route matched with {action = "ceshi", controller = "ApiLogin"}. Executing controller action with signature System.Object ceshi() on controller webapi.net7.sqlsugar.Controllers.ApiLoginController (webapi.net7.sqlsugar).
2024-01-23 18:59:35.6767 | INFO | Executing action method webapi.net7.sqlsugar.Controllers.ApiLoginController.ceshi (webapi.net7.sqlsugar) - Validation state: Valid
2024-01-23 18:59:35.6767 | INFO | Executed action method webapi.net7.sqlsugar.Controllers.ApiLoginController.ceshi (webapi.net7.sqlsugar), returned result Microsoft.AspNetCore.Mvc.ObjectResult in 0.0266ms.
2024-01-23 18:59:35.6767 | INFO | Executing ObjectResult, writing value of type '<>f__AnonymousType5`1[[System.String, System.Private.CoreLib, Version=7.0.0.0, Culture=neutral, PublicKeyToken=7cec85d7bea7798e]]'.
2024-01-23 18:59:35.6767 | INFO | Executed action webapi.net7.sqlsugar.Controllers.ApiLoginController.ceshi (webapi.net7.sqlsugar) in 0.8463ms
2024-01-23 18:59:35.6767 | INFO | Executed endpoint 'webapi.net7.sqlsugar.Controllers.ApiLoginController.ceshi (webapi.net7.sqlsugar)'
2024-01-23 18:59:35.6985 | ERROR | An unhandled exception has occurred while executing the request.
2024-01-23 18:59:35.6985 | WARN | The response has already started, the error page middleware will not be executed.
2024-01-23 18:59:35.7125 | ERROR | Connection id "0HN0RVS7TQIGV", Request id "0HN0RVS7TQIGV:00000001": An unhandled exception was thrown by the application.
2024-01-23 18:59:35.7125 | INFO | Request finished HTTP/1.1 POST http://localhost:5149/api/ceshi - 0 - 200 - application/json;+charset=utf-8 55.2690ms
2024-01-23 19:02:50.7857 | INFO | Request starting HTTP/1.1 GET http://localhost:5149/swagger/watchdog - -
2024-01-23 19:02:50.8091 | INFO | Request finished HTTP/1.1 GET http://localhost:5149/swagger/watchdog - - - 404 0 - 15.9429ms
2024-01-23 19:03:01.4471 | INFO | Request starting HTTP/1.1 GET http://localhost:5149/swagger/watchdog - -
2024-01-23 19:03:01.4471 | INFO | Request finished HTTP/1.1 GET http://localhost:5149/swagger/watchdog - - - 404 0 - 5.5456ms
2024-01-23 19:03:05.1460 | INFO | Request starting HTTP/1.1 GET http://localhost:5149/swagger/watchdog - -
2024-01-23 19:03:05.1460 | INFO | Request finished HTTP/1.1 GET http://localhost:5149/swagger/watchdog - - - 404 0 - 2.7722ms
2024-01-23 19:03:52.5699 | INFO | User profile is available. Using 'C:\Users\Administrator\AppData\Local\ASP.NET\DataProtection-Keys' as key repository and Windows DPAPI to encrypt keys at rest.
2024-01-23 19:03:52.7641 | INFO | Now listening on: http://localhost:5149
2024-01-23 19:03:52.7641 | INFO | Application started. Press Ctrl+C to shut down.
2024-01-23 19:03:52.7689 | INFO | Hosting environment: Development
2024-01-23 19:03:52.7689 | INFO | Content root path: D:\BaiduSyncdisk\webapi.net7+sqlsugar\webapi.net7.sqlsugar\webapi.net7.sqlsugar
2024-01-23 19:03:55.7169 | INFO | Request starting HTTP/1.1 GET http://localhost:5149/swagger/index.html - -
2024-01-23 19:03:56.0419 | INFO | Request starting HTTP/1.1 GET http://localhost:5149/_framework/aspnetcore-browser-refresh.js - -
2024-01-23 19:03:56.0419 | INFO | Request finished HTTP/1.1 GET http://localhost:5149/swagger/index.html - - - 200 - text/html;charset=utf-8 328.9964ms
2024-01-23 19:03:56.0419 | INFO | Request finished HTTP/1.1 GET http://localhost:5149/_framework/aspnetcore-browser-refresh.js - - - 200 13776 application/javascript;+charset=utf-8 2.1919ms
2024-01-23 19:03:56.0419 | INFO | Request starting HTTP/1.1 GET http://localhost:5149/_vs/browserLink - -
2024-01-23 19:03:56.1035 | INFO | Request finished HTTP/1.1 GET http://localhost:5149/_vs/browserLink - - - 200 - text/javascript;+charset=UTF-8 54.5437ms
2024-01-23 19:03:56.1575 | INFO | Request starting HTTP/1.1 GET http://localhost:5149/swagger/V1/swagger.json - -
2024-01-23 19:03:56.5459 | INFO | Request finished HTTP/1.1 GET http://localhost:5149/swagger/V1/swagger.json - - - 200 - application/json;charset=utf-8 388.6074ms
2024-01-23 19:04:01.5749 | INFO | Request starting HTTP/1.1 POST http://localhost:5149/api/ceshi - 0
2024-01-23 19:04:01.6111 | WARN | Failed to determine the https port for redirect.
2024-01-23 19:04:01.7408 | INFO | CORS policy execution successful.
2024-01-23 19:04:01.7408 | INFO | Executing endpoint 'webapi.net7.sqlsugar.Controllers.ApiLoginController.ceshi (webapi.net7.sqlsugar)'
2024-01-23 19:04:01.7662 | INFO | Route matched with {action = "ceshi", controller = "ApiLogin"}. Executing controller action with signature System.Object ceshi() on controller webapi.net7.sqlsugar.Controllers.ApiLoginController (webapi.net7.sqlsugar).
2024-01-23 19:04:01.7707 | INFO | Executing action method webapi.net7.sqlsugar.Controllers.ApiLoginController.ceshi (webapi.net7.sqlsugar) - Validation state: Valid
2024-01-23 19:04:01.7877 | INFO | Executed action method webapi.net7.sqlsugar.Controllers.ApiLoginController.ceshi (webapi.net7.sqlsugar), returned result Microsoft.AspNetCore.Mvc.ObjectResult in 2.0616ms.
2024-01-23 19:04:01.7877 | INFO | Executing ObjectResult, writing value of type '<>f__AnonymousType5`1[[System.String, System.Private.CoreLib, Version=7.0.0.0, Culture=neutral, PublicKeyToken=7cec85d7bea7798e]]'.
2024-01-23 19:04:01.8161 | INFO | Executed action webapi.net7.sqlsugar.Controllers.ApiLoginController.ceshi (webapi.net7.sqlsugar) in 40.7464ms
2024-01-23 19:04:01.8161 | INFO | Executed endpoint 'webapi.net7.sqlsugar.Controllers.ApiLoginController.ceshi (webapi.net7.sqlsugar)'
2024-01-23 19:04:01.8161 | INFO | Request finished HTTP/1.1 POST http://localhost:5149/api/ceshi - 0 - 200 - application/json;+charset=utf-8 241.7759ms
2024-01-23 19:05:22.0680 | INFO | User profile is available. Using 'C:\Users\Administrator\AppData\Local\ASP.NET\DataProtection-Keys' as key repository and Windows DPAPI to encrypt keys at rest.
2024-01-23 19:05:22.1954 | INFO | Now listening on: http://localhost:5149
2024-01-23 19:05:22.1954 | INFO | Application started. Press Ctrl+C to shut down.
2024-01-23 19:05:22.1954 | INFO | Hosting environment: Development
2024-01-23 19:05:22.1954 | INFO | Content root path: D:\BaiduSyncdisk\webapi.net7+sqlsugar\webapi.net7.sqlsugar\webapi.net7.sqlsugar
2024-01-23 19:05:22.5997 | INFO | Request starting HTTP/1.1 GET http://localhost:5149/swagger/index.html - -
2024-01-23 19:05:22.8471 | INFO | Request starting HTTP/1.1 GET http://localhost:5149/_framework/aspnetcore-browser-refresh.js - -
2024-01-23 19:05:22.8471 | INFO | Request finished HTTP/1.1 GET http://localhost:5149/swagger/index.html - - - 200 - text/html;charset=utf-8 249.1028ms
2024-01-23 19:05:22.8471 | INFO | Request finished HTTP/1.1 GET http://localhost:5149/_framework/aspnetcore-browser-refresh.js - - - 200 13776 application/javascript;+charset=utf-8 2.8725ms
2024-01-23 19:05:22.8471 | INFO | Request starting HTTP/1.1 GET http://localhost:5149/_vs/browserLink - -
2024-01-23 19:05:22.8944 | INFO | Request finished HTTP/1.1 GET http://localhost:5149/_vs/browserLink - - - 200 - text/javascript;+charset=UTF-8 43.3343ms
2024-01-23 19:05:22.9446 | INFO | Request starting HTTP/1.1 GET http://localhost:5149/swagger/V1/swagger.json - -
2024-01-23 19:05:23.2445 | INFO | Request finished HTTP/1.1 GET http://localhost:5149/swagger/V1/swagger.json - - - 200 - application/json;charset=utf-8 300.4500ms
2024-01-23 19:05:27.3763 | INFO | Request starting HTTP/1.1 POST http://localhost:5149/api/ceshi - 0
2024-01-23 19:05:27.3780 | WARN | Failed to determine the https port for redirect.
2024-01-23 19:05:27.4398 | INFO | CORS policy execution successful.
2024-01-23 19:05:27.4763 | INFO | Executing endpoint 'webapi.net7.sqlsugar.Controllers.ApiLoginController.ceshi (webapi.net7.sqlsugar)'
2024-01-23 19:05:27.4907 | INFO | Route matched with {action = "ceshi", controller = "ApiLogin"}. Executing controller action with signature System.Object ceshi() on controller webapi.net7.sqlsugar.Controllers.ApiLoginController (webapi.net7.sqlsugar).
2024-01-23 19:05:27.4907 | INFO | Executing action method webapi.net7.sqlsugar.Controllers.ApiLoginController.ceshi (webapi.net7.sqlsugar) - Validation state: Valid
2024-01-23 19:05:27.4907 | INFO | Executed action method webapi.net7.sqlsugar.Controllers.ApiLoginController.ceshi (webapi.net7.sqlsugar), returned result Microsoft.AspNetCore.Mvc.ObjectResult in 0.6859ms.
2024-01-23 19:05:27.4907 | INFO | Executing ObjectResult, writing value of type '<>f__AnonymousType5`1[[System.String, System.Private.CoreLib, Version=7.0.0.0, Culture=neutral, PublicKeyToken=7cec85d7bea7798e]]'.
2024-01-23 19:05:27.5059 | INFO | Executed action webapi.net7.sqlsugar.Controllers.ApiLoginController.ceshi (webapi.net7.sqlsugar) in 13.8202ms
2024-01-23 19:05:27.5059 | INFO | Executed endpoint 'webapi.net7.sqlsugar.Controllers.ApiLoginController.ceshi (webapi.net7.sqlsugar)'
2024-01-23 19:05:27.7191 | ERROR | An unhandled exception has occurred while executing the request.
2024-01-23 19:05:27.7219 | WARN | The response has already started, the error page middleware will not be executed.
2024-01-23 19:05:27.7219 | ERROR | Connection id "0HN0S0COR9URT", Request id "0HN0S0COR9URT:00000004": An unhandled exception was thrown by the application.
2024-01-23 19:05:27.7219 | INFO | Request finished HTTP/1.1 POST http://localhost:5149/api/ceshi - 0 - 200 - application/json;+charset=utf-8 354.3624ms
2024-01-23 19:06:33.5132 | INFO | Request starting HTTP/1.1 GET http://localhost:5149/swagger/watchdog - -
2024-01-23 19:06:33.5355 | INFO | Request finished HTTP/1.1 GET http://localhost:5149/swagger/watchdog - - - 404 0 - 35.7394ms
2024-01-23 19:06:39.7170 | INFO | Request starting HTTP/1.1 GET http://localhost:5149/watchdog - -
2024-01-23 19:06:39.7259 | INFO | Executing endpoint 'HTTP: GET watchdog'
2024-01-23 19:06:39.7259 | INFO | Executed endpoint 'HTTP: GET watchdog'
2024-01-23 19:06:39.7259 | INFO | Request finished HTTP/1.1 GET http://localhost:5149/watchdog - - - 200 - text/html 17.7500ms
2024-01-23 19:06:39.7409 | INFO | Request starting HTTP/1.1 GET http://localhost:5149/WTCHDGstatics/js/popper.min.js - -
2024-01-23 19:06:39.7409 | INFO | Request starting HTTP/1.1 GET http://localhost:5149/WTCHDGstatics/js/jquery-3.2.1.min.js - -
2024-01-23 19:06:39.7409 | INFO | Request starting HTTP/1.1 GET http://localhost:5149/WTCHDGstatics/css/bootstrap.min.css - -
2024-01-23 19:06:39.7409 | INFO | Request starting HTTP/1.1 GET http://localhost:5149/WTCHDGstatics/js/bootstrap.min.js - -
2024-01-23 19:06:39.7521 | INFO | Request starting HTTP/1.1 GET http://localhost:5149/WTCHDGstatics/signalr/signalr.js - -
2024-01-23 19:06:39.7521 | INFO | Request starting HTTP/1.1 GET http://localhost:5149/WTCHDGstatics/js/moment.min.js - -
2024-01-23 19:06:39.7704 | INFO | Sending file. Request path: '/js/moment.min.js'. Physical path: 'N/A'
2024-01-23 19:06:39.7704 | INFO | Sending file. Request path: '/signalr/signalr.js'. Physical path: 'N/A'
2024-01-23 19:06:39.7704 | INFO | Request finished HTTP/1.1 GET http://localhost:5149/WTCHDGstatics/js/moment.min.js - - - 200 51265 text/javascript 13.0231ms
2024-01-23 19:06:39.7704 | INFO | Sending file. Request path: '/js/popper.min.js'. Physical path: 'N/A'
2024-01-23 19:06:39.7704 | INFO | Sending file. Request path: '/js/bootstrap.min.js'. Physical path: 'N/A'
2024-01-23 19:06:39.7704 | INFO | Request finished HTTP/1.1 GET http://localhost:5149/WTCHDGstatics/signalr/signalr.js - - - 200 42186 text/javascript 17.8007ms
2024-01-23 19:06:39.7704 | INFO | Request finished HTTP/1.1 GET http://localhost:5149/WTCHDGstatics/js/popper.min.js - - - 200 19038 text/javascript 28.8611ms
2024-01-23 19:06:39.7704 | INFO | Request finished HTTP/1.1 GET http://localhost:5149/WTCHDGstatics/js/bootstrap.min.js - - - 200 58078 text/javascript 20.0327ms
2024-01-23 19:06:39.7704 | INFO | Request starting HTTP/1.1 GET http://localhost:5149/WTCHDGstatics/images/watchdogLogo.png - -
2024-01-23 19:06:39.7704 | INFO | Request starting HTTP/1.1 GET http://localhost:5149/_framework/aspnetcore-browser-refresh.js - -
2024-01-23 19:06:39.7704 | INFO | Request finished HTTP/1.1 GET http://localhost:5149/_framework/aspnetcore-browser-refresh.js - - - 200 13776 application/javascript;+charset=utf-8 0.2015ms
2024-01-23 19:06:39.7704 | INFO | Sending file. Request path: '/images/watchdogLogo.png'. Physical path: 'N/A'
2024-01-23 19:06:39.7704 | INFO | Request finished HTTP/1.1 GET http://localhost:5149/WTCHDGstatics/images/watchdogLogo.png - - - 200 13203 image/png 1.4228ms
2024-01-23 19:06:39.7704 | INFO | Sending file. Request path: '/css/bootstrap.min.css'. Physical path: 'N/A'
2024-01-23 19:06:39.7704 | INFO | Sending file. Request path: '/js/jquery-3.2.1.min.js'. Physical path: 'N/A'
2024-01-23 19:06:39.7922 | INFO | Request finished HTTP/1.1 GET http://localhost:5149/WTCHDGstatics/js/jquery-3.2.1.min.js - - - 200 86663 text/javascript 48.7204ms
2024-01-23 19:06:39.7922 | INFO | Request finished HTTP/1.1 GET http://localhost:5149/WTCHDGstatics/css/bootstrap.min.css - - - 200 155764 text/css 48.6290ms
2024-01-23 19:06:39.7922 | INFO | Request starting HTTP/1.1 GET http://localhost:5149/_vs/browserLink - -
2024-01-23 19:06:39.8230 | INFO | Request finished HTTP/1.1 GET http://localhost:5149/_vs/browserLink - - - 200 - text/javascript;+charset=UTF-8 30.3349ms
2024-01-23 19:06:39.8230 | INFO | Request starting HTTP/1.1 POST http://localhost:5149/wtchdlogger/negotiate?negotiateVersion=1 text/plain;charset=UTF-8 0
2024-01-23 19:06:39.8230 | INFO | CORS policy execution successful.
2024-01-23 19:06:39.8230 | INFO | Executing endpoint '/wtchdlogger/negotiate'
2024-01-23 19:06:39.8379 | INFO | Request starting HTTP/1.1 GET http://localhost:5149/WTCHDwatchpage/IsAuth - -
2024-01-23 19:06:39.8379 | INFO | Executing endpoint 'WatchDog.src.Controllers.WatchPageController.IsAuth (WatchDog)'
2024-01-23 19:06:39.8379 | INFO | Route matched with {action = "IsAuth", controller = "WatchPage"}. Executing controller action with signature Microsoft.AspNetCore.Mvc.JsonResult IsAuth() on controller WatchDog.src.Controllers.WatchPageController (WatchDog).
2024-01-23 19:06:39.8379 | INFO | Executing action method WatchDog.src.Controllers.WatchPageController.IsAuth (WatchDog) - Validation state: Valid
2024-01-23 19:06:39.8466 | INFO | Executed action method WatchDog.src.Controllers.WatchPageController.IsAuth (WatchDog), returned result Microsoft.AspNetCore.Mvc.JsonResult in 1.603ms.
2024-01-23 19:06:39.8466 | INFO | Executing JsonResult, writing value of type 'System.Boolean'.
2024-01-23 19:06:39.8466 | INFO | Executed action WatchDog.src.Controllers.WatchPageController.IsAuth (WatchDog) in 6.6533ms
2024-01-23 19:06:39.8466 | INFO | Executed endpoint 'WatchDog.src.Controllers.WatchPageController.IsAuth (WatchDog)'
2024-01-23 19:06:39.8466 | INFO | Request finished HTTP/1.1 GET http://localhost:5149/WTCHDwatchpage/IsAuth - - - 200 - application/json;+charset=utf-8 10.8957ms
2024-01-23 19:06:39.8466 | INFO | Executed endpoint '/wtchdlogger/negotiate'
2024-01-23 19:06:39.8466 | INFO | Request finished HTTP/1.1 POST http://localhost:5149/wtchdlogger/negotiate?negotiateVersion=1 text/plain;charset=UTF-8 0 - 200 316 application/json 27.9475ms
2024-01-23 19:06:39.8690 | INFO | Request starting HTTP/1.1 GET http://localhost:5149/wtchdlogger?id=CuwdP9p3W_fR2VDuEVJRow - -
2024-01-23 19:06:39.8690 | INFO | Request starting HTTP/1.1 GET http://localhost:5149/WTCHDGstatics/images/icons/favicon.ico - -
2024-01-23 19:06:39.8690 | INFO | CORS policy execution successful.
2024-01-23 19:06:39.8690 | INFO | Executing endpoint '/wtchdlogger'
2024-01-23 19:06:39.8690 | INFO | Sending file. Request path: '/images/icons/favicon.ico'. Physical path: 'N/A'
2024-01-23 19:06:39.8690 | INFO | Request finished HTTP/1.1 GET http://localhost:5149/WTCHDGstatics/images/icons/favicon.ico - - - 200 114098 image/x-icon 3.6360ms
2024-01-23 19:06:40.0067 | INFO | Request starting HTTP/1.1 GET http://localhost:5149/WTCHDwatchpage?pageNumber=1&searchString=&verbString=&statusCode= - -
2024-01-23 19:06:40.0067 | INFO | Executing endpoint 'WatchDog.src.Controllers.WatchPageController.Index (WatchDog)'
2024-01-23 19:06:40.0067 | INFO | Request starting HTTP/1.1 GET http://localhost:5149/WTCHDwatchpage/Logs?pageNumber=1&searchString=&logLevelString= - -
2024-01-23 19:06:40.0067 | INFO | Request starting HTTP/1.1 GET http://localhost:5149/WTCHDwatchpage/Exceptions?pageNumber=1&searchString= - -
2024-01-23 19:06:40.0067 | INFO | Executing endpoint 'WatchDog.src.Controllers.WatchPageController.Exceptions (WatchDog)'
2024-01-23 19:06:40.0067 | INFO | Executing endpoint 'WatchDog.src.Controllers.WatchPageController.Logs (WatchDog)'
2024-01-23 19:06:40.0615 | INFO | Route matched with {action = "Logs", controller = "WatchPage"}. Executing controller action with signature System.Threading.Tasks.Task`1[Microsoft.AspNetCore.Mvc.JsonResult] Logs(System.String, System.String, Int32) on controller WatchDog.src.Controllers.WatchPageController (WatchDog).
2024-01-23 19:06:40.0615 | INFO | Route matched with {action = "Exceptions", controller = "WatchPage"}. Executing controller action with signature System.Threading.Tasks.Task`1[Microsoft.AspNetCore.Mvc.JsonResult] Exceptions(System.String, Int32) on controller WatchDog.src.Controllers.WatchPageController (WatchDog).
2024-01-23 19:06:40.0615 | INFO | Route matched with {action = "Index", controller = "WatchPage"}. Executing controller action with signature System.Threading.Tasks.Task`1[Microsoft.AspNetCore.Mvc.JsonResult] Index(System.String, System.String, System.String, Int32) on controller WatchDog.src.Controllers.WatchPageController (WatchDog).
2024-01-23 19:06:40.0615 | INFO | Authorization failed for the request at filter 'WatchDog.src.Filters.CustomAuthenticationFilter'.
2024-01-23 19:06:40.0615 | INFO | Authorization failed for the request at filter 'WatchDog.src.Filters.CustomAuthenticationFilter'.
2024-01-23 19:06:40.0615 | INFO | Authorization failed for the request at filter 'WatchDog.src.Filters.CustomAuthenticationFilter'.
2024-01-23 19:06:40.0708 | INFO | Executing StatusCodeResult, setting HTTP status code 401
2024-01-23 19:06:40.0708 | INFO | Executing StatusCodeResult, setting HTTP status code 401
2024-01-23 19:06:40.0708 | INFO | Executing StatusCodeResult, setting HTTP status code 401
2024-01-23 19:06:40.0708 | INFO | Executed action WatchDog.src.Controllers.WatchPageController.Logs (WatchDog) in 8.8276ms
2024-01-23 19:06:40.0708 | INFO | Executed action WatchDog.src.Controllers.WatchPageController.Index (WatchDog) in 8.7771ms
2024-01-23 19:06:40.0708 | INFO | Executed action WatchDog.src.Controllers.WatchPageController.Exceptions (WatchDog) in 8.7669ms
2024-01-23 19:06:40.0708 | INFO | Executed endpoint 'WatchDog.src.Controllers.WatchPageController.Logs (WatchDog)'
2024-01-23 19:06:40.0708 | INFO | Executed endpoint 'WatchDog.src.Controllers.WatchPageController.Index (WatchDog)'
2024-01-23 19:06:40.0708 | INFO | Executed endpoint 'WatchDog.src.Controllers.WatchPageController.Exceptions (WatchDog)'
2024-01-23 19:06:40.0708 | INFO | Request finished HTTP/1.1 GET http://localhost:5149/WTCHDwatchpage/Exceptions?pageNumber=1&searchString= - - - 401 0 - 62.8468ms
2024-01-23 19:06:40.0708 | INFO | Request finished HTTP/1.1 GET http://localhost:5149/WTCHDwatchpage/Logs?pageNumber=1&searchString=&logLevelString= - - - 401 0 - 62.8531ms
2024-01-23 19:06:40.0708 | INFO | Request finished HTTP/1.1 GET http://localhost:5149/WTCHDwatchpage?pageNumber=1&searchString=&verbString=&statusCode= - - - 401 0 - 64.7372ms
2024-01-23 19:06:53.3313 | INFO | Request starting HTTP/1.1 POST http://localhost:5149/WTCHDwatchpage/Auth application/x-www-form-urlencoded;+charset=UTF-8 36
2024-01-23 19:06:53.3313 | INFO | CORS policy execution successful.
2024-01-23 19:06:53.3313 | INFO | Executing endpoint 'WatchDog.src.Controllers.WatchPageController.Auth (WatchDog)'
2024-01-23 19:06:53.3313 | INFO | Route matched with {action = "Auth", controller = "WatchPage"}. Executing controller action with signature Microsoft.AspNetCore.Mvc.JsonResult Auth(System.String, System.String) on controller WatchDog.src.Controllers.WatchPageController (WatchDog).
2024-01-23 19:06:53.3626 | INFO | Executing action method WatchDog.src.Controllers.WatchPageController.Auth (WatchDog) - Validation state: Valid
2024-01-23 19:06:53.3626 | INFO | Executed action method WatchDog.src.Controllers.WatchPageController.Auth (WatchDog), returned result Microsoft.AspNetCore.Mvc.JsonResult in 1.1023ms.
2024-01-23 19:06:53.3626 | INFO | Executing JsonResult, writing value of type 'System.Boolean'.
2024-01-23 19:06:53.3626 | INFO | Executed action WatchDog.src.Controllers.WatchPageController.Auth (WatchDog) in 32.2978ms
2024-01-23 19:06:53.3626 | INFO | Executed endpoint 'WatchDog.src.Controllers.WatchPageController.Auth (WatchDog)'
2024-01-23 19:06:53.3626 | INFO | Session started; Key:251e4c58-bc19-bc80-cca7-8b7ef73c4d94, Id:718fabcf-e2ad-00a4-d760-49e4a1279292
2024-01-23 19:06:53.3626 | INFO | Request finished HTTP/1.1 POST http://localhost:5149/WTCHDwatchpage/Auth application/x-www-form-urlencoded;+charset=UTF-8 36 - 200 - application/json;+charset=utf-8 44.2980ms
2024-01-23 19:06:53.3809 | INFO | Request starting HTTP/1.1 GET http://localhost:5149/watchdog - -
2024-01-23 19:06:53.3809 | INFO | Executing endpoint 'HTTP: GET watchdog'
2024-01-23 19:06:53.3809 | INFO | Executed endpoint 'HTTP: GET watchdog'
2024-01-23 19:06:53.3809 | INFO | Request finished HTTP/1.1 GET http://localhost:5149/watchdog - - - 200 - text/html 6.1027ms
2024-01-23 19:06:53.3937 | INFO | Request starting HTTP/1.1 GET http://localhost:5149/_vs/browserLink - -
2024-01-23 19:06:53.3937 | INFO | Request starting HTTP/1.1 GET http://localhost:5149/_framework/aspnetcore-browser-refresh.js - -
2024-01-23 19:06:53.3937 | INFO | Request finished HTTP/1.1 GET http://localhost:5149/_framework/aspnetcore-browser-refresh.js - - - 200 13776 application/javascript;+charset=utf-8 0.2546ms
2024-01-23 19:06:53.3937 | INFO | Request finished HTTP/1.1 GET http://localhost:5149/_vs/browserLink - - - 200 - text/javascript;+charset=UTF-8 11.4913ms
2024-01-23 19:06:53.4115 | INFO | Request starting HTTP/1.1 POST http://localhost:5149/wtchdlogger/negotiate?negotiateVersion=1 text/plain;charset=UTF-8 0
2024-01-23 19:06:53.4115 | INFO | CORS policy execution successful.
2024-01-23 19:06:53.4115 | INFO | Executing endpoint '/wtchdlogger/negotiate'
2024-01-23 19:06:53.4115 | INFO | Executed endpoint '/wtchdlogger/negotiate'
2024-01-23 19:06:53.4242 | INFO | Request finished HTTP/1.1 POST http://localhost:5149/wtchdlogger/negotiate?negotiateVersion=1 text/plain;charset=UTF-8 0 - 200 316 application/json 1.5412ms
2024-01-23 19:06:53.4242 | INFO | Executed endpoint '/wtchdlogger'
2024-01-23 19:06:53.4242 | INFO | Request finished HTTP/1.1 GET http://localhost:5149/wtchdlogger?id=CuwdP9p3W_fR2VDuEVJRow - - - 101 - - 13558.1616ms
2024-01-23 19:06:53.4242 | INFO | Request starting HTTP/1.1 GET http://localhost:5149/WTCHDwatchpage/IsAuth - -
2024-01-23 19:06:53.4242 | INFO | Executing endpoint 'WatchDog.src.Controllers.WatchPageController.IsAuth (WatchDog)'
2024-01-23 19:06:53.4242 | INFO | Route matched with {action = "IsAuth", controller = "WatchPage"}. Executing controller action with signature Microsoft.AspNetCore.Mvc.JsonResult IsAuth() on controller WatchDog.src.Controllers.WatchPageController (WatchDog).
2024-01-23 19:06:53.4242 | INFO | Executing action method WatchDog.src.Controllers.WatchPageController.IsAuth (WatchDog) - Validation state: Valid
2024-01-23 19:06:53.4242 | INFO | Executed action method WatchDog.src.Controllers.WatchPageController.IsAuth (WatchDog), returned result Microsoft.AspNetCore.Mvc.JsonResult in 0.3474ms.
2024-01-23 19:06:53.4242 | INFO | Executing JsonResult, writing value of type 'System.Boolean'.
2024-01-23 19:06:53.4394 | INFO | Executed action WatchDog.src.Controllers.WatchPageController.IsAuth (WatchDog) in 0.7757ms
2024-01-23 19:06:53.4394 | INFO | Executed endpoint 'WatchDog.src.Controllers.WatchPageController.IsAuth (WatchDog)'
2024-01-23 19:06:53.4394 | INFO | Request finished HTTP/1.1 GET http://localhost:5149/WTCHDwatchpage/IsAuth - - - 200 - application/json;+charset=utf-8 3.8887ms
2024-01-23 19:06:53.4554 | INFO | Request starting HTTP/1.1 GET http://localhost:5149/wtchdlogger?id=Cy81fjTyKDgAJTL4ZtA54w - -
2024-01-23 19:06:53.4554 | INFO | CORS policy execution successful.
2024-01-23 19:06:53.4554 | INFO | Executing endpoint '/wtchdlogger'
2024-01-23 19:06:53.4554 | INFO | Request starting HTTP/1.1 GET http://localhost:5149/WTCHDwatchpage?pageNumber=1&searchString=&verbString=&statusCode= - -
2024-01-23 19:06:53.4554 | INFO | Request starting HTTP/1.1 GET http://localhost:5149/WTCHDwatchpage/Exceptions?pageNumber=1&searchString= - -
2024-01-23 19:06:53.4554 | INFO | Request starting HTTP/1.1 GET http://localhost:5149/WTCHDwatchpage/Logs?pageNumber=1&searchString=&logLevelString= - -
2024-01-23 19:06:53.4554 | INFO | Executing endpoint 'WatchDog.src.Controllers.WatchPageController.Index (WatchDog)'
2024-01-23 19:06:53.4554 | INFO | Executing endpoint 'WatchDog.src.Controllers.WatchPageController.Exceptions (WatchDog)'
2024-01-23 19:06:53.4554 | INFO | Route matched with {action = "Index", controller = "WatchPage"}. Executing controller action with signature System.Threading.Tasks.Task`1[Microsoft.AspNetCore.Mvc.JsonResult] Index(System.String, System.String, System.String, Int32) on controller WatchDog.src.Controllers.WatchPageController (WatchDog).
2024-01-23 19:06:53.4554 | INFO | Route matched with {action = "Exceptions", controller = "WatchPage"}. Executing controller action with signature System.Threading.Tasks.Task`1[Microsoft.AspNetCore.Mvc.JsonResult] Exceptions(System.String, Int32) on controller WatchDog.src.Controllers.WatchPageController (WatchDog).
2024-01-23 19:06:53.4554 | INFO | Executing endpoint 'WatchDog.src.Controllers.WatchPageController.Logs (WatchDog)'
2024-01-23 19:06:53.4554 | INFO | Route matched with {action = "Logs", controller = "WatchPage"}. Executing controller action with signature System.Threading.Tasks.Task`1[Microsoft.AspNetCore.Mvc.JsonResult] Logs(System.String, System.String, Int32) on controller WatchDog.src.Controllers.WatchPageController (WatchDog).
2024-01-23 19:06:53.4710 | INFO | Executing action method WatchDog.src.Controllers.WatchPageController.Exceptions (WatchDog) - Validation state: Valid
2024-01-23 19:06:53.4710 | INFO | Executing action method WatchDog.src.Controllers.WatchPageController.Logs (WatchDog) - Validation state: Valid
2024-01-23 19:06:53.4710 | INFO | Executing action method WatchDog.src.Controllers.WatchPageController.Index (WatchDog) - Validation state: Valid
2024-01-23 19:06:53.6082 | INFO | Executed action WatchDog.src.Controllers.WatchPageController.Index (WatchDog) in 140.1788ms
2024-01-23 19:06:53.6082 | INFO | Executed endpoint 'WatchDog.src.Controllers.WatchPageController.Index (WatchDog)'
2024-01-23 19:06:53.6450 | ERROR | An unhandled exception has occurred while executing the request.
2024-01-23 19:06:53.6450 | INFO | Request finished HTTP/1.1 GET http://localhost:5149/WTCHDwatchpage?pageNumber=1&searchString=&verbString=&statusCode= - - - 500 - text/plain;+charset=utf-8 180.6419ms
2024-01-23 19:06:53.7255 | INFO | Executed action method WatchDog.src.Controllers.WatchPageController.Exceptions (WatchDog), returned result Microsoft.AspNetCore.Mvc.JsonResult in 252.0073ms.
2024-01-23 19:06:53.7255 | INFO | Executed action method WatchDog.src.Controllers.WatchPageController.Logs (WatchDog), returned result Microsoft.AspNetCore.Mvc.JsonResult in 252.0216ms.
2024-01-23 19:06:53.7255 | INFO | Executing JsonResult, writing value of type '<>f__AnonymousType0`5[[System.Int64, System.Private.CoreLib, Version=7.0.0.0, Culture=neutral, PublicKeyToken=7cec85d7bea7798e],[System.Int64, System.Private.CoreLib, Version=7.0.0.0, Culture=neutral, PublicKeyToken=7cec85d7bea7798e],[System.Boolean, System.Private.CoreLib, Version=7.0.0.0, Culture=neutral, PublicKeyToken=7cec85d7bea7798e],[System.Boolean, System.Private.CoreLib, Version=7.0.0.0, Culture=neutral, PublicKeyToken=7cec85d7bea7798e],[System.Collections.Generic.IEnumerable`1[[WatchDog.src.Models.WatchExceptionLog, WatchDog, Version=1.4.10.0, Culture=neutral, PublicKeyToken=null]], System.Private.CoreLib, Version=7.0.0.0, Culture=neutral, PublicKeyToken=7cec85d7bea7798e]]'.
2024-01-23 19:06:53.7255 | INFO | Executing JsonResult, writing value of type '<>f__AnonymousType0`5[[System.Int64, System.Private.CoreLib, Version=7.0.0.0, Culture=neutral, PublicKeyToken=7cec85d7bea7798e],[System.Int64, System.Private.CoreLib, Version=7.0.0.0, Culture=neutral, PublicKeyToken=7cec85d7bea7798e],[System.Boolean, System.Private.CoreLib, Version=7.0.0.0, Culture=neutral, PublicKeyToken=7cec85d7bea7798e],[System.Boolean, System.Private.CoreLib, Version=7.0.0.0, Culture=neutral, PublicKeyToken=7cec85d7bea7798e],[System.Collections.Generic.IEnumerable`1[[WatchDog.src.Models.WatchLoggerModel, WatchDog, Version=1.4.10.0, Culture=neutral, PublicKeyToken=null]], System.Private.CoreLib, Version=7.0.0.0, Culture=neutral, PublicKeyToken=7cec85d7bea7798e]]'.
2024-01-23 19:06:53.7522 | INFO | Executed action WatchDog.src.Controllers.WatchPageController.Exceptions (WatchDog) in 282.3732ms
2024-01-23 19:06:53.7522 | INFO | Executed action WatchDog.src.Controllers.WatchPageController.Logs (WatchDog) in 281.5851ms
2024-01-23 19:06:53.7522 | INFO | Executed endpoint 'WatchDog.src.Controllers.WatchPageController.Exceptions (WatchDog)'
2024-01-23 19:06:53.7522 | INFO | Executed endpoint 'WatchDog.src.Controllers.WatchPageController.Logs (WatchDog)'
2024-01-23 19:06:53.7522 | INFO | Request finished HTTP/1.1 GET http://localhost:5149/WTCHDwatchpage/Logs?pageNumber=1&searchString=&logLevelString= - - - 200 - application/json;+charset=utf-8 283.0045ms
2024-01-23 19:06:53.7522 | INFO | Request finished HTTP/1.1 GET http://localhost:5149/WTCHDwatchpage/Exceptions?pageNumber=1&searchString= - - - 200 - application/json;+charset=utf-8 283.1582ms
2024-01-23 19:06:59.2484 | INFO | Request starting HTTP/1.1 POST http://localhost:5149/WTCHDwatchpage/ClearLogs - 0
2024-01-23 19:06:59.2484 | INFO | CORS policy execution successful.
2024-01-23 19:06:59.2484 | INFO | Executing endpoint 'WatchDog.src.Controllers.WatchPageController.ClearLogs (WatchDog)'
2024-01-23 19:06:59.2541 | INFO | Request starting HTTP/1.1 GET http://localhost:5149/watchdog - -
2024-01-23 19:06:59.2541 | INFO | Route matched with {action = "ClearLogs", controller = "WatchPage"}. Executing controller action with signature System.Threading.Tasks.Task`1[Microsoft.AspNetCore.Mvc.JsonResult] ClearLogs() on controller WatchDog.src.Controllers.WatchPageController (WatchDog).
2024-01-23 19:06:59.2541 | INFO | Executing action method WatchDog.src.Controllers.WatchPageController.ClearLogs (WatchDog) - Validation state: Valid
2024-01-23 19:06:59.2541 | INFO | Executing endpoint 'HTTP: GET watchdog'
2024-01-23 19:06:59.2541 | INFO | Executed endpoint 'HTTP: GET watchdog'
2024-01-23 19:06:59.2541 | INFO | Request finished HTTP/1.1 GET http://localhost:5149/watchdog - - - 200 - text/html 4.0905ms
2024-01-23 19:06:59.2541 | INFO | Executed endpoint '/wtchdlogger'
2024-01-23 19:06:59.2541 | INFO | Request finished HTTP/1.1 GET http://localhost:5149/wtchdlogger?id=Cy81fjTyKDgAJTL4ZtA54w - - - 101 - - 5810.0456ms
2024-01-23 19:06:59.2679 | INFO | Request starting HTTP/1.1 GET http://localhost:5149/_framework/aspnetcore-browser-refresh.js - -
2024-01-23 19:06:59.2679 | INFO | Request starting HTTP/1.1 GET http://localhost:5149/_vs/browserLink - -
2024-01-23 19:06:59.2679 | INFO | Request finished HTTP/1.1 GET http://localhost:5149/_framework/aspnetcore-browser-refresh.js - - - 200 13776 application/javascript;+charset=utf-8 0.1583ms
2024-01-23 19:06:59.2679 | INFO | Request finished HTTP/1.1 GET http://localhost:5149/_vs/browserLink - - - 200 - text/javascript;+charset=UTF-8 6.1860ms
2024-01-23 19:06:59.2679 | INFO | Request starting HTTP/1.1 POST http://localhost:5149/wtchdlogger/negotiate?negotiateVersion=1 text/plain;charset=UTF-8 0
2024-01-23 19:06:59.2679 | INFO | CORS policy execution successful.
2024-01-23 19:06:59.2679 | INFO | Executing endpoint '/wtchdlogger/negotiate'
2024-01-23 19:06:59.2679 | INFO | Executed endpoint '/wtchdlogger/negotiate'
2024-01-23 19:06:59.2679 | INFO | Request finished HTTP/1.1 POST http://localhost:5149/wtchdlogger/negotiate?negotiateVersion=1 text/plain;charset=UTF-8 0 - 200 316 application/json 1.0084ms
2024-01-23 19:06:59.2963 | INFO | Request starting HTTP/1.1 GET http://localhost:5149/WTCHDwatchpage/IsAuth - -
2024-01-23 19:06:59.2963 | INFO | Request starting HTTP/1.1 GET http://localhost:5149/wtchdlogger?id=77mqFlP1AROF5oNICV2Cyg - -
2024-01-23 19:06:59.2963 | INFO | CORS policy execution successful.
2024-01-23 19:06:59.2963 | INFO | Executing endpoint 'WatchDog.src.Controllers.WatchPageController.IsAuth (WatchDog)'
2024-01-23 19:06:59.2963 | INFO | Route matched with {action = "IsAuth", controller = "WatchPage"}. Executing controller action with signature Microsoft.AspNetCore.Mvc.JsonResult IsAuth() on controller WatchDog.src.Controllers.WatchPageController (WatchDog).
2024-01-23 19:06:59.2963 | INFO | Executing endpoint '/wtchdlogger'
2024-01-23 19:06:59.2963 | INFO | Executing action method WatchDog.src.Controllers.WatchPageController.IsAuth (WatchDog) - Validation state: Valid
2024-01-23 19:06:59.2963 | INFO | Executed action method WatchDog.src.Controllers.WatchPageController.IsAuth (WatchDog), returned result Microsoft.AspNetCore.Mvc.JsonResult in 0.1907ms.
2024-01-23 19:06:59.2963 | INFO | Executing JsonResult, writing value of type 'System.Boolean'.
2024-01-23 19:06:59.2963 | INFO | Executed action WatchDog.src.Controllers.WatchPageController.IsAuth (WatchDog) in 1.0883ms
2024-01-23 19:06:59.2963 | INFO | Executed endpoint 'WatchDog.src.Controllers.WatchPageController.IsAuth (WatchDog)'
2024-01-23 19:06:59.2990 | INFO | Request finished HTTP/1.1 GET http://localhost:5149/WTCHDwatchpage/IsAuth - - - 200 - application/json;+charset=utf-8 2.7648ms
2024-01-23 19:06:59.2990 | INFO | Request starting HTTP/1.1 GET http://localhost:5149/WTCHDwatchpage?pageNumber=1&searchString=&verbString=&statusCode= - -
2024-01-23 19:06:59.2990 | INFO | Request starting HTTP/1.1 GET http://localhost:5149/WTCHDwatchpage/Exceptions?pageNumber=1&searchString= - -
2024-01-23 19:06:59.2990 | INFO | Request starting HTTP/1.1 GET http://localhost:5149/WTCHDwatchpage/Logs?pageNumber=1&searchString=&logLevelString= - -
2024-01-23 19:06:59.2990 | INFO | Executing endpoint 'WatchDog.src.Controllers.WatchPageController.Exceptions (WatchDog)'
2024-01-23 19:06:59.2990 | INFO | Executing endpoint 'WatchDog.src.Controllers.WatchPageController.Logs (WatchDog)'
2024-01-23 19:06:59.2990 | INFO | Route matched with {action = "Exceptions", controller = "WatchPage"}. Executing controller action with signature System.Threading.Tasks.Task`1[Microsoft.AspNetCore.Mvc.JsonResult] Exceptions(System.String, Int32) on controller WatchDog.src.Controllers.WatchPageController (WatchDog).
2024-01-23 19:06:59.2990 | INFO | Executing endpoint 'WatchDog.src.Controllers.WatchPageController.Index (WatchDog)'
2024-01-23 19:06:59.2990 | INFO | Route matched with {action = "Logs", controller = "WatchPage"}. Executing controller action with signature System.Threading.Tasks.Task`1[Microsoft.AspNetCore.Mvc.JsonResult] Logs(System.String, System.String, Int32) on controller WatchDog.src.Controllers.WatchPageController (WatchDog).
2024-01-23 19:06:59.2990 | INFO | Route matched with {action = "Index", controller = "WatchPage"}. Executing controller action with signature System.Threading.Tasks.Task`1[Microsoft.AspNetCore.Mvc.JsonResult] Index(System.String, System.String, System.String, Int32) on controller WatchDog.src.Controllers.WatchPageController (WatchDog).
2024-01-23 19:06:59.2990 | INFO | Executing action method WatchDog.src.Controllers.WatchPageController.Exceptions (WatchDog) - Validation state: Valid
2024-01-23 19:06:59.2990 | INFO | Executing action method WatchDog.src.Controllers.WatchPageController.Logs (WatchDog) - Validation state: Valid
2024-01-23 19:06:59.2990 | INFO | Executing action method WatchDog.src.Controllers.WatchPageController.Index (WatchDog) - Validation state: Valid
2024-01-23 19:06:59.2990 | INFO | Executed action method WatchDog.src.Controllers.WatchPageController.Exceptions (WatchDog), returned result Microsoft.AspNetCore.Mvc.JsonResult in 1.0956ms.
2024-01-23 19:06:59.2990 | INFO | Executed action method WatchDog.src.Controllers.WatchPageController.Logs (WatchDog), returned result Microsoft.AspNetCore.Mvc.JsonResult in 1.1613ms.
2024-01-23 19:06:59.2990 | INFO | Executing JsonResult, writing value of type '<>f__AnonymousType0`5[[System.Int64, System.Private.CoreLib, Version=7.0.0.0, Culture=neutral, PublicKeyToken=7cec85d7bea7798e],[System.Int64, System.Private.CoreLib, Version=7.0.0.0, Culture=neutral, PublicKeyToken=7cec85d7bea7798e],[System.Boolean, System.Private.CoreLib, Version=7.0.0.0, Culture=neutral, PublicKeyToken=7cec85d7bea7798e],[System.Boolean, System.Private.CoreLib, Version=7.0.0.0, Culture=neutral, PublicKeyToken=7cec85d7bea7798e],[System.Collections.Generic.IEnumerable`1[[WatchDog.src.Models.WatchExceptionLog, WatchDog, Version=1.4.10.0, Culture=neutral, PublicKeyToken=null]], System.Private.CoreLib, Version=7.0.0.0, Culture=neutral, PublicKeyToken=7cec85d7bea7798e]]'.
2024-01-23 19:06:59.2990 | INFO | Executing JsonResult, writing value of type '<>f__AnonymousType0`5[[System.Int64, System.Private.CoreLib, Version=7.0.0.0, Culture=neutral, PublicKeyToken=7cec85d7bea7798e],[System.Int64, System.Private.CoreLib, Version=7.0.0.0, Culture=neutral, PublicKeyToken=7cec85d7bea7798e],[System.Boolean, System.Private.CoreLib, Version=7.0.0.0, Culture=neutral, PublicKeyToken=7cec85d7bea7798e],[System.Boolean, System.Private.CoreLib, Version=7.0.0.0, Culture=neutral, PublicKeyToken=7cec85d7bea7798e],[System.Collections.Generic.IEnumerable`1[[WatchDog.src.Models.WatchLoggerModel, WatchDog, Version=1.4.10.0, Culture=neutral, PublicKeyToken=null]], System.Private.CoreLib, Version=7.0.0.0, Culture=neutral, PublicKeyToken=7cec85d7bea7798e]]'.
2024-01-23 19:06:59.2990 | INFO | Executed action WatchDog.src.Controllers.WatchPageController.Logs (WatchDog) in 3.1703ms
2024-01-23 19:06:59.2990 | INFO | Executed endpoint 'WatchDog.src.Controllers.WatchPageController.Logs (WatchDog)'
2024-01-23 19:06:59.2990 | INFO | Executed action WatchDog.src.Controllers.WatchPageController.Exceptions (WatchDog) in 3.3404ms
2024-01-23 19:06:59.2990 | INFO | Executed endpoint 'WatchDog.src.Controllers.WatchPageController.Exceptions (WatchDog)'
2024-01-23 19:06:59.2990 | INFO | Request finished HTTP/1.1 GET http://localhost:5149/WTCHDwatchpage/Logs?pageNumber=1&searchString=&logLevelString= - - - 200 - application/json;+charset=utf-8 4.2015ms
2024-01-23 19:06:59.2990 | INFO | Request finished HTTP/1.1 GET http://localhost:5149/WTCHDwatchpage/Exceptions?pageNumber=1&searchString= - - - 200 - application/json;+charset=utf-8 4.4715ms
2024-01-23 19:06:59.2990 | INFO | Executed action WatchDog.src.Controllers.WatchPageController.Index (WatchDog) in 5.3174ms
2024-01-23 19:06:59.2990 | INFO | Executed endpoint 'WatchDog.src.Controllers.WatchPageController.Index (WatchDog)'
2024-01-23 19:06:59.3323 | ERROR | An unhandled exception has occurred while executing the request.
2024-01-23 19:06:59.3323 | INFO | Request finished HTTP/1.1 GET http://localhost:5149/WTCHDwatchpage?pageNumber=1&searchString=&verbString=&statusCode= - - - 500 - text/plain;+charset=utf-8 28.1397ms
2024-01-23 19:06:59.5727 | INFO | Executed action WatchDog.src.Controllers.WatchPageController.ClearLogs (WatchDog) in 318.4661ms
2024-01-23 19:06:59.5727 | INFO | Executed endpoint 'WatchDog.src.Controllers.WatchPageController.ClearLogs (WatchDog)'
2024-01-23 19:06:59.5843 | ERROR | An unhandled exception has occurred while executing the request.
2024-01-23 19:06:59.5843 | INFO | Request finished HTTP/1.1 POST http://localhost:5149/WTCHDwatchpage/ClearLogs - 0 - 500 - text/plain;+charset=utf-8 337.3732ms
2024-01-23 19:07:01.1556 | INFO | Request starting HTTP/1.1 GET http://localhost:5149/WTCHDwatchpage?pageNumber=2&searchString=&verbString=&statusCode= - -
2024-01-23 19:07:01.1556 | INFO | Executing endpoint 'WatchDog.src.Controllers.WatchPageController.Index (WatchDog)'
2024-01-23 19:07:01.1556 | INFO | Route matched with {action = "Index", controller = "WatchPage"}. Executing controller action with signature System.Threading.Tasks.Task`1[Microsoft.AspNetCore.Mvc.JsonResult] Index(System.String, System.String, System.String, Int32) on controller WatchDog.src.Controllers.WatchPageController (WatchDog).
2024-01-23 19:07:01.1582 | INFO | Executing action method WatchDog.src.Controllers.WatchPageController.Index (WatchDog) - Validation state: Valid
2024-01-23 19:07:01.1582 | INFO | Executed action WatchDog.src.Controllers.WatchPageController.Index (WatchDog) in 5.3619ms
2024-01-23 19:07:01.1582 | INFO | Executed endpoint 'WatchDog.src.Controllers.WatchPageController.Index (WatchDog)'
2024-01-23 19:07:01.1780 | ERROR | An unhandled exception has occurred while executing the request.
2024-01-23 19:07:01.1780 | INFO | Request finished HTTP/1.1 GET http://localhost:5149/WTCHDwatchpage?pageNumber=2&searchString=&verbString=&statusCode= - - - 500 - text/plain;+charset=utf-8 24.3104ms
2024-01-23 19:07:02.4510 | INFO | Request starting HTTP/1.1 GET http://localhost:5149/WTCHDwatchpage?pageNumber=1&searchString=&verbString=&statusCode= - -
2024-01-23 19:07:02.4510 | INFO | Executing endpoint 'WatchDog.src.Controllers.WatchPageController.Index (WatchDog)'
2024-01-23 19:07:02.4510 | INFO | Route matched with {action = "Index", controller = "WatchPage"}. Executing controller action with signature System.Threading.Tasks.Task`1[Microsoft.AspNetCore.Mvc.JsonResult] Index(System.String, System.String, System.String, Int32) on controller WatchDog.src.Controllers.WatchPageController (WatchDog).
2024-01-23 19:07:02.4510 | INFO | Executing action method WatchDog.src.Controllers.WatchPageController.Index (WatchDog) - Validation state: Valid
2024-01-23 19:07:02.4557 | INFO | Executed action WatchDog.src.Controllers.WatchPageController.Index (WatchDog) in 4.6668ms
2024-01-23 19:07:02.4557 | INFO | Executed endpoint 'WatchDog.src.Controllers.WatchPageController.Index (WatchDog)'
2024-01-23 19:07:02.4722 | ERROR | An unhandled exception has occurred while executing the request.
2024-01-23 19:07:02.4722 | INFO | Request finished HTTP/1.1 GET http://localhost:5149/WTCHDwatchpage?pageNumber=1&searchString=&verbString=&statusCode= - - - 500 - text/plain;+charset=utf-8 23.0529ms
2024-01-23 19:07:22.8327 | INFO | Request starting HTTP/1.1 GET http://localhost:5149/swagger/index.html - -
2024-01-23 19:07:22.8327 | INFO | Request finished HTTP/1.1 GET http://localhost:5149/swagger/index.html - - - 200 - text/html;charset=utf-8 9.5589ms
2024-01-23 19:07:22.8496 | INFO | Request starting HTTP/1.1 GET http://localhost:5149/_framework/aspnetcore-browser-refresh.js - -
2024-01-23 19:07:22.8496 | INFO | Request finished HTTP/1.1 GET http://localhost:5149/_framework/aspnetcore-browser-refresh.js - - - 200 13776 application/javascript;+charset=utf-8 0.2038ms
2024-01-23 19:07:22.8649 | INFO | Request starting HTTP/1.1 GET http://localhost:5149/_vs/browserLink - -
2024-01-23 19:07:22.8649 | INFO | Request finished HTTP/1.1 GET http://localhost:5149/_vs/browserLink - - - 200 - text/javascript;+charset=UTF-8 6.8360ms
2024-01-23 19:07:22.9389 | INFO | Request starting HTTP/1.1 GET http://localhost:5149/swagger/V1/swagger.json - -
2024-01-23 19:07:22.9956 | INFO | Request finished HTTP/1.1 GET http://localhost:5149/swagger/V1/swagger.json - - - 200 - application/json;charset=utf-8 57.1571ms
2024-01-23 19:07:26.5948 | INFO | Request starting HTTP/1.1 POST http://localhost:5149/api/ceshi - 0
2024-01-23 19:07:26.5948 | INFO | CORS policy execution successful.
2024-01-23 19:07:26.6284 | INFO | Executing endpoint 'webapi.net7.sqlsugar.Controllers.ApiLoginController.ceshi (webapi.net7.sqlsugar)'
2024-01-23 19:07:26.6284 | INFO | Route matched with {action = "ceshi", controller = "ApiLogin"}. Executing controller action with signature System.Object ceshi() on controller webapi.net7.sqlsugar.Controllers.ApiLoginController (webapi.net7.sqlsugar).
2024-01-23 19:07:26.6284 | INFO | Executing action method webapi.net7.sqlsugar.Controllers.ApiLoginController.ceshi (webapi.net7.sqlsugar) - Validation state: Valid
2024-01-23 19:07:26.6284 | INFO | Executed action method webapi.net7.sqlsugar.Controllers.ApiLoginController.ceshi (webapi.net7.sqlsugar), returned result Microsoft.AspNetCore.Mvc.ObjectResult in 0.0952ms.
2024-01-23 19:07:26.6284 | INFO | Executing ObjectResult, writing value of type '<>f__AnonymousType5`1[[System.String, System.Private.CoreLib, Version=7.0.0.0, Culture=neutral, PublicKeyToken=7cec85d7bea7798e]]'.
2024-01-23 19:07:26.6284 | INFO | Executed action webapi.net7.sqlsugar.Controllers.ApiLoginController.ceshi (webapi.net7.sqlsugar) in 1.789ms
2024-01-23 19:07:26.6284 | INFO | Executed endpoint 'webapi.net7.sqlsugar.Controllers.ApiLoginController.ceshi (webapi.net7.sqlsugar)'
2024-01-23 19:07:26.6456 | ERROR | An unhandled exception has occurred while executing the request.
2024-01-23 19:07:26.6456 | WARN | The response has already started, the error page middleware will not be executed.
2024-01-23 19:07:26.6456 | ERROR | Connection id "0HN0S0COR9US3", Request id "0HN0S0COR9US3:00000012": An unhandled exception was thrown by the application.
2024-01-23 19:07:26.6456 | INFO | Request finished HTTP/1.1 POST http://localhost:5149/api/ceshi - 0 - 200 - application/json;+charset=utf-8 61.9288ms
2024-01-23 19:08:03.9051 | INFO | Request starting HTTP/1.1 GET http://localhost:5149/WTCHDwatchpage?pageNumber=1&searchString=&verbString=&statusCode= - -
2024-01-23 19:08:03.9051 | INFO | Request starting HTTP/1.1 GET http://localhost:5149/WTCHDwatchpage/Exceptions?pageNumber=1&searchString= - -
2024-01-23 19:08:03.9051 | INFO | Request starting HTTP/1.1 GET http://localhost:5149/WTCHDwatchpage/Logs?pageNumber=1&searchString=&logLevelString= - -
2024-01-23 19:08:03.9051 | INFO | Executing endpoint 'WatchDog.src.Controllers.WatchPageController.Index (WatchDog)'
2024-01-23 19:08:03.9051 | INFO | Route matched with {action = "Index", controller = "WatchPage"}. Executing controller action with signature System.Threading.Tasks.Task`1[Microsoft.AspNetCore.Mvc.JsonResult] Index(System.String, System.String, System.String, Int32) on controller WatchDog.src.Controllers.WatchPageController (WatchDog).
2024-01-23 19:08:03.9051 | INFO | Executing endpoint 'WatchDog.src.Controllers.WatchPageController.Exceptions (WatchDog)'
2024-01-23 19:08:03.9051 | INFO | Route matched with {action = "Exceptions", controller = "WatchPage"}. Executing controller action with signature System.Threading.Tasks.Task`1[Microsoft.AspNetCore.Mvc.JsonResult] Exceptions(System.String, Int32) on controller WatchDog.src.Controllers.WatchPageController (WatchDog).
2024-01-23 19:08:03.9051 | INFO | Executing endpoint 'WatchDog.src.Controllers.WatchPageController.Logs (WatchDog)'
2024-01-23 19:08:03.9051 | INFO | Route matched with {action = "Logs", controller = "WatchPage"}. Executing controller action with signature System.Threading.Tasks.Task`1[Microsoft.AspNetCore.Mvc.JsonResult] Logs(System.String, System.String, Int32) on controller WatchDog.src.Controllers.WatchPageController (WatchDog).
2024-01-23 19:08:03.9051 | INFO | Executing action method WatchDog.src.Controllers.WatchPageController.Exceptions (WatchDog) - Validation state: Valid
2024-01-23 19:08:03.9051 | INFO | Executing action method WatchDog.src.Controllers.WatchPageController.Index (WatchDog) - Validation state: Valid
2024-01-23 19:08:03.9051 | INFO | Executing action method WatchDog.src.Controllers.WatchPageController.Logs (WatchDog) - Validation state: Valid
2024-01-23 19:08:03.9051 | INFO | Executed action method WatchDog.src.Controllers.WatchPageController.Exceptions (WatchDog), returned result Microsoft.AspNetCore.Mvc.JsonResult in 0.4656ms.
2024-01-23 19:08:03.9051 | INFO | Executed action method WatchDog.src.Controllers.WatchPageController.Logs (WatchDog), returned result Microsoft.AspNetCore.Mvc.JsonResult in 0.1374ms.
2024-01-23 19:08:03.9051 | INFO | Executing JsonResult, writing value of type '<>f__AnonymousType0`5[[System.Int64, System.Private.CoreLib, Version=7.0.0.0, Culture=neutral, PublicKeyToken=7cec85d7bea7798e],[System.Int64, System.Private.CoreLib, Version=7.0.0.0, Culture=neutral, PublicKeyToken=7cec85d7bea7798e],[System.Boolean, System.Private.CoreLib, Version=7.0.0.0, Culture=neutral, PublicKeyToken=7cec85d7bea7798e],[System.Boolean, System.Private.CoreLib, Version=7.0.0.0, Culture=neutral, PublicKeyToken=7cec85d7bea7798e],[System.Collections.Generic.IEnumerable`1[[WatchDog.src.Models.WatchExceptionLog, WatchDog, Version=1.4.10.0, Culture=neutral, PublicKeyToken=null]], System.Private.CoreLib, Version=7.0.0.0, Culture=neutral, PublicKeyToken=7cec85d7bea7798e]]'.
2024-01-23 19:08:03.9051 | INFO | Executing JsonResult, writing value of type '<>f__AnonymousType0`5[[System.Int64, System.Private.CoreLib, Version=7.0.0.0, Culture=neutral, PublicKeyToken=7cec85d7bea7798e],[System.Int64, System.Private.CoreLib, Version=7.0.0.0, Culture=neutral, PublicKeyToken=7cec85d7bea7798e],[System.Boolean, System.Private.CoreLib, Version=7.0.0.0, Culture=neutral, PublicKeyToken=7cec85d7bea7798e],[System.Boolean, System.Private.CoreLib, Version=7.0.0.0, Culture=neutral, PublicKeyToken=7cec85d7bea7798e],[System.Collections.Generic.IEnumerable`1[[WatchDog.src.Models.WatchLoggerModel, WatchDog, Version=1.4.10.0, Culture=neutral, PublicKeyToken=null]], System.Private.CoreLib, Version=7.0.0.0, Culture=neutral, PublicKeyToken=7cec85d7bea7798e]]'.
2024-01-23 19:08:03.9100 | INFO | Executed action WatchDog.src.Controllers.WatchPageController.Index (WatchDog) in 4.4601ms
2024-01-23 19:08:03.9100 | INFO | Executed endpoint 'WatchDog.src.Controllers.WatchPageController.Index (WatchDog)'
2024-01-23 19:08:03.9100 | INFO | Executed action WatchDog.src.Controllers.WatchPageController.Exceptions (WatchDog) in 7.7569ms
2024-01-23 19:08:03.9100 | INFO | Executed endpoint 'WatchDog.src.Controllers.WatchPageController.Exceptions (WatchDog)'
2024-01-23 19:08:03.9100 | INFO | Executed action WatchDog.src.Controllers.WatchPageController.Logs (WatchDog) in 7.3658ms
2024-01-23 19:08:03.9100 | INFO | Executed endpoint 'WatchDog.src.Controllers.WatchPageController.Logs (WatchDog)'
2024-01-23 19:08:03.9100 | INFO | Request finished HTTP/1.1 GET http://localhost:5149/WTCHDwatchpage/Exceptions?pageNumber=1&searchString= - - - 200 - application/json;+charset=utf-8 8.8651ms
2024-01-23 19:08:03.9100 | INFO | Request finished HTTP/1.1 GET http://localhost:5149/WTCHDwatchpage/Logs?pageNumber=1&searchString=&logLevelString= - - - 200 - application/json;+charset=utf-8 8.7229ms
2024-01-23 19:08:03.9403 | ERROR | An unhandled exception has occurred while executing the request.
2024-01-23 19:08:03.9403 | INFO | Request finished HTTP/1.1 GET http://localhost:5149/WTCHDwatchpage?pageNumber=1&searchString=&verbString=&statusCode= - - - 500 - text/plain;+charset=utf-8 36.8919ms
2024-01-23 19:08:36.9328 | INFO | Executed endpoint '/wtchdlogger'
2024-01-23 19:08:36.9328 | INFO | Request finished HTTP/1.1 GET http://localhost:5149/wtchdlogger?id=77mqFlP1AROF5oNICV2Cyg - - - 101 - - 97636.6895ms
2024-01-23 19:14:41.1150 | INFO | Request starting HTTP/1.1 POST http://localhost:5149/api/ceshi - 0
2024-01-23 19:14:41.1150 | INFO | CORS policy execution successful.
2024-01-23 19:14:41.1150 | INFO | Executing endpoint 'webapi.net7.sqlsugar.Controllers.ApiLoginController.ceshi (webapi.net7.sqlsugar)'
2024-01-23 19:14:41.1150 | INFO | Route matched with {action = "ceshi", controller = "ApiLogin"}. Executing controller action with signature System.Object ceshi() on controller webapi.net7.sqlsugar.Controllers.ApiLoginController (webapi.net7.sqlsugar).
2024-01-23 19:14:41.1150 | INFO | Executing action method webapi.net7.sqlsugar.Controllers.ApiLoginController.ceshi (webapi.net7.sqlsugar) - Validation state: Valid
2024-01-23 19:14:41.1150 | INFO | Executed action method webapi.net7.sqlsugar.Controllers.ApiLoginController.ceshi (webapi.net7.sqlsugar), returned result Microsoft.AspNetCore.Mvc.ObjectResult in 0.0162ms.
2024-01-23 19:14:41.1150 | INFO | Executing ObjectResult, writing value of type '<>f__AnonymousType5`1[[System.String, System.Private.CoreLib, Version=7.0.0.0, Culture=neutral, PublicKeyToken=7cec85d7bea7798e]]'.
2024-01-23 19:14:41.1150 | INFO | Executed action webapi.net7.sqlsugar.Controllers.ApiLoginController.ceshi (webapi.net7.sqlsugar) in 0.8608ms
2024-01-23 19:14:41.1150 | INFO | Executed endpoint 'webapi.net7.sqlsugar.Controllers.ApiLoginController.ceshi (webapi.net7.sqlsugar)'
2024-01-23 19:14:41.1480 | ERROR | An unhandled exception has occurred while executing the request.
2024-01-23 19:14:41.1480 | WARN | The response has already started, the error page middleware will not be executed.
2024-01-23 19:14:41.1605 | ERROR | Connection id "0HN0S0COR9US7", Request id "0HN0S0COR9US7:00000001": An unhandled exception was thrown by the application.
2024-01-23 19:14:41.1605 | INFO | Request finished HTTP/1.1 POST http://localhost:5149/api/ceshi - 0 - 200 - application/json;+charset=utf-8 44.0805ms
2024-01-23 19:16:57.6153 | INFO | Request starting HTTP/1.1 POST http://localhost:5149/api/ceshi - 0
2024-01-23 19:16:57.6153 | INFO | CORS policy execution successful.
2024-01-23 19:16:57.6153 | INFO | Executing endpoint 'webapi.net7.sqlsugar.Controllers.ApiLoginController.ceshi (webapi.net7.sqlsugar)'
2024-01-23 19:16:57.6153 | INFO | Route matched with {action = "ceshi", controller = "ApiLogin"}. Executing controller action with signature System.Object ceshi() on controller webapi.net7.sqlsugar.Controllers.ApiLoginController (webapi.net7.sqlsugar).
2024-01-23 19:16:57.6153 | INFO | Executing action method webapi.net7.sqlsugar.Controllers.ApiLoginController.ceshi (webapi.net7.sqlsugar) - Validation state: Valid
2024-01-23 19:16:57.6153 | INFO | Executed action method webapi.net7.sqlsugar.Controllers.ApiLoginController.ceshi (webapi.net7.sqlsugar), returned result Microsoft.AspNetCore.Mvc.ObjectResult in 0.0088ms.
2024-01-23 19:16:57.6153 | INFO | Executing ObjectResult, writing value of type '<>f__AnonymousType5`1[[System.String, System.Private.CoreLib, Version=7.0.0.0, Culture=neutral, PublicKeyToken=7cec85d7bea7798e]]'.
2024-01-23 19:16:57.6153 | INFO | Executed action webapi.net7.sqlsugar.Controllers.ApiLoginController.ceshi (webapi.net7.sqlsugar) in 0.724ms
2024-01-23 19:16:57.6153 | INFO | Executed endpoint 'webapi.net7.sqlsugar.Controllers.ApiLoginController.ceshi (webapi.net7.sqlsugar)'
2024-01-23 19:16:57.6440 | ERROR | An unhandled exception has occurred while executing the request.
2024-01-23 19:16:57.6440 | WARN | The response has already started, the error page middleware will not be executed.
2024-01-23 19:16:57.6440 | ERROR | Connection id "0HN0S0COR9US8", Request id "0HN0S0COR9US8:00000001": An unhandled exception was thrown by the application.
2024-01-23 19:16:57.6440 | INFO | Request finished HTTP/1.1 POST http://localhost:5149/api/ceshi - 0 - 200 - application/json;+charset=utf-8 38.1964ms
2024-01-23 19:17:18.2896 | INFO | User profile is available. Using 'C:\Users\Administrator\AppData\Local\ASP.NET\DataProtection-Keys' as key repository and Windows DPAPI to encrypt keys at rest.
2024-01-23 19:17:18.4393 | INFO | Now listening on: http://localhost:5149
2024-01-23 19:17:18.4433 | INFO | Application started. Press Ctrl+C to shut down.
2024-01-23 19:17:18.4433 | INFO | Hosting environment: Development
2024-01-23 19:17:18.4433 | INFO | Content root path: D:\BaiduSyncdisk\webapi.net7+sqlsugar\webapi.net7.sqlsugar\webapi.net7.sqlsugar
2024-01-23 19:17:18.8246 | INFO | Request starting HTTP/1.1 GET http://localhost:5149/swagger/index.html - -
2024-01-23 19:17:19.1023 | INFO | Request finished HTTP/1.1 GET http://localhost:5149/swagger/index.html - - - 200 - text/html;charset=utf-8 280.3645ms
2024-01-23 19:17:19.1023 | INFO | Request starting HTTP/1.1 GET http://localhost:5149/_vs/browserLink - -
2024-01-23 19:17:19.1023 | INFO | Request starting HTTP/1.1 GET http://localhost:5149/_framework/aspnetcore-browser-refresh.js - -
2024-01-23 19:17:19.1023 | INFO | Request finished HTTP/1.1 GET http://localhost:5149/_framework/aspnetcore-browser-refresh.js - - - 200 13776 application/javascript;+charset=utf-8 1.7632ms
2024-01-23 19:17:19.1508 | INFO | Request finished HTTP/1.1 GET http://localhost:5149/_vs/browserLink - - - 200 - text/javascript;+charset=UTF-8 43.9151ms
2024-01-23 19:17:19.1988 | INFO | Request starting HTTP/1.1 GET http://localhost:5149/swagger/V1/swagger.json - -
2024-01-23 19:17:19.4691 | INFO | Request finished HTTP/1.1 GET http://localhost:5149/swagger/V1/swagger.json - - - 200 - application/json;charset=utf-8 270.4589ms
2024-01-23 19:17:27.6552 | INFO | Request starting HTTP/1.1 POST http://localhost:5149/api/ceshi - 0
2024-01-23 19:17:27.6757 | WARN | Failed to determine the https port for redirect.
2024-01-23 19:17:27.7788 | INFO | CORS policy execution successful.
2024-01-23 19:17:27.8780 | INFO | Executing endpoint 'webapi.net7.sqlsugar.Controllers.ApiLoginController.ceshi (webapi.net7.sqlsugar)'
2024-01-23 19:17:27.8942 | INFO | Route matched with {action = "ceshi", controller = "ApiLogin"}. Executing controller action with signature System.Object ceshi() on controller webapi.net7.sqlsugar.Controllers.ApiLoginController (webapi.net7.sqlsugar).
2024-01-23 19:17:27.8942 | INFO | Executing action method webapi.net7.sqlsugar.Controllers.ApiLoginController.ceshi (webapi.net7.sqlsugar) - Validation state: Valid
2024-01-23 19:17:27.9118 | INFO | Executed action method webapi.net7.sqlsugar.Controllers.ApiLoginController.ceshi (webapi.net7.sqlsugar), returned result Microsoft.AspNetCore.Mvc.ObjectResult in 1.4224ms.
2024-01-23 19:17:27.9118 | INFO | Executing ObjectResult, writing value of type '<>f__AnonymousType5`1[[System.String, System.Private.CoreLib, Version=7.0.0.0, Culture=neutral, PublicKeyToken=7cec85d7bea7798e]]'.
2024-01-23 19:17:27.9319 | INFO | Executed action webapi.net7.sqlsugar.Controllers.ApiLoginController.ceshi (webapi.net7.sqlsugar) in 36.1277ms
2024-01-23 19:17:27.9319 | INFO | Executed endpoint 'webapi.net7.sqlsugar.Controllers.ApiLoginController.ceshi (webapi.net7.sqlsugar)'
2024-01-23 19:17:28.4847 | ERROR | An unhandled exception has occurred while executing the request.
2024-01-23 19:17:28.4886 | WARN | The response has already started, the error page middleware will not be executed.
2024-01-23 19:17:28.5069 | ERROR | Connection id "0HN0S0JE9E490", Request id "0HN0S0JE9E490:00000003": An unhandled exception was thrown by the application.
2024-01-23 19:17:28.5069 | INFO | Request finished HTTP/1.1 POST http://localhost:5149/api/ceshi - 0 - 200 - application/json;+charset=utf-8 851.9179ms
2024-01-23 19:17:51.3758 | INFO | Request starting HTTP/1.1 POST http://localhost:5149/api/ceshi - 0
2024-01-23 19:17:51.3777 | INFO | CORS policy execution successful.
2024-01-23 19:17:51.4137 | INFO | Executing endpoint 'webapi.net7.sqlsugar.Controllers.ApiLoginController.ceshi (webapi.net7.sqlsugar)'
2024-01-23 19:17:51.4137 | INFO | Route matched with {action = "ceshi", controller = "ApiLogin"}. Executing controller action with signature System.Object ceshi() on controller webapi.net7.sqlsugar.Controllers.ApiLoginController (webapi.net7.sqlsugar).
2024-01-23 19:17:51.4137 | INFO | Executing action method webapi.net7.sqlsugar.Controllers.ApiLoginController.ceshi (webapi.net7.sqlsugar) - Validation state: Valid
2024-01-23 19:17:51.4137 | INFO | Executed action method webapi.net7.sqlsugar.Controllers.ApiLoginController.ceshi (webapi.net7.sqlsugar), returned result Microsoft.AspNetCore.Mvc.ObjectResult in 0.0528ms.
2024-01-23 19:17:51.4137 | INFO | Executing ObjectResult, writing value of type '<>f__AnonymousType5`1[[System.String, System.Private.CoreLib, Version=7.0.0.0, Culture=neutral, PublicKeyToken=7cec85d7bea7798e]]'.
2024-01-23 19:17:51.4137 | INFO | Executed action webapi.net7.sqlsugar.Controllers.ApiLoginController.ceshi (webapi.net7.sqlsugar) in 1.4849ms
2024-01-23 19:17:51.4137 | INFO | Executed endpoint 'webapi.net7.sqlsugar.Controllers.ApiLoginController.ceshi (webapi.net7.sqlsugar)'
2024-01-23 19:17:51.5071 | ERROR | An unhandled exception has occurred while executing the request.
2024-01-23 19:17:51.5071 | WARN | The response has already started, the error page middleware will not be executed.
2024-01-23 19:17:51.5071 | ERROR | Connection id "0HN0S0JE9E48V", Request id "0HN0S0JE9E48V:00000003": An unhandled exception was thrown by the application.
2024-01-23 19:17:51.5071 | INFO | Request finished HTTP/1.1 POST http://localhost:5149/api/ceshi - 0 - 200 - application/json;+charset=utf-8 142.3897ms
2024-01-23 19:17:52.4600 | INFO | Request starting HTTP/1.1 POST http://localhost:5149/api/ceshi - 0
2024-01-23 19:17:52.4600 | INFO | CORS policy execution successful.
2024-01-23 19:17:52.4600 | INFO | Executing endpoint 'webapi.net7.sqlsugar.Controllers.ApiLoginController.ceshi (webapi.net7.sqlsugar)'
2024-01-23 19:17:52.4600 | INFO | Route matched with {action = "ceshi", controller = "ApiLogin"}. Executing controller action with signature System.Object ceshi() on controller webapi.net7.sqlsugar.Controllers.ApiLoginController (webapi.net7.sqlsugar).
2024-01-23 19:17:52.4600 | INFO | Executing action method webapi.net7.sqlsugar.Controllers.ApiLoginController.ceshi (webapi.net7.sqlsugar) - Validation state: Valid
2024-01-23 19:17:52.4600 | INFO | Executed action method webapi.net7.sqlsugar.Controllers.ApiLoginController.ceshi (webapi.net7.sqlsugar), returned result Microsoft.AspNetCore.Mvc.ObjectResult in 0.0078ms.
2024-01-23 19:17:52.4600 | INFO | Executing ObjectResult, writing value of type '<>f__AnonymousType5`1[[System.String, System.Private.CoreLib, Version=7.0.0.0, Culture=neutral, PublicKeyToken=7cec85d7bea7798e]]'.
2024-01-23 19:17:52.4600 | INFO | Executed action webapi.net7.sqlsugar.Controllers.ApiLoginController.ceshi (webapi.net7.sqlsugar) in 0.6489ms
2024-01-23 19:17:52.4600 | INFO | Executed endpoint 'webapi.net7.sqlsugar.Controllers.ApiLoginController.ceshi (webapi.net7.sqlsugar)'
2024-01-23 19:17:52.5500 | ERROR | An unhandled exception has occurred while executing the request.
2024-01-23 19:17:52.5500 | WARN | The response has already started, the error page middleware will not be executed.
2024-01-23 19:17:52.5500 | ERROR | Connection id "0HN0S0JE9E491", Request id "0HN0S0JE9E491:00000001": An unhandled exception was thrown by the application.
2024-01-23 19:17:52.5500 | INFO | Request finished HTTP/1.1 POST http://localhost:5149/api/ceshi - 0 - 200 - application/json;+charset=utf-8 99.8948ms
